<?xml version="1.0" encoding="UTF-8"?>
<testsuite xmlns:xsi="http://www.w3.org/2001/XMLSchema-instance" xsi:noNamespaceSchemaLocation="https://maven.apache.org/surefire/maven-surefire-plugin/xsd/surefire-test-report-3.0.xsd" version="3.0" name="com.example.springbatchtutorial.ScenarioIntegrationTests" time="72.505" tests="6" errors="0" skipped="0" failures="0">
  <properties>
[...]
</properties>
  <testcase name="largeVolume_retryable_retriesThenCompletes" classname="com.example.springbatchtutorial.ScenarioIntegrationTests" time="70.792">
    <system-out><![CDATA[2025-08-13 22:22:20 - Could not detect default configuration classes for test class [com.example.springbatchtutorial.ScenarioIntegrationTests]: ScenarioIntegrationTests does not declare any static, non-private, non-final, nested classes annotated with @Configuration.
2025-08-13 22:22:20 - Found @SpringBootConfiguration com.example.springbatchtutorial.SpringBatchTutorialApplication for test class com.example.springbatchtutorial.ScenarioIntegrationTests

  .   ____          _            __ _ _
 /\\ / ___'_ __ _ _(_)_ __  __ _ \ \ \ \
( ( )\___ | '_ | '_| | '_ \/ _` | \ \ \ \
 \\/  ___)| |_)| | | | | || (_| |  ) ) ) )
  '  |____| .__|_| |_|_| |_\__, | / / / /
 =========|_|==============|___/=/_/_/_/
 :: Spring Boot ::                (v3.2.0)

2025-08-13 22:22:20 - Starting ScenarioIntegrationTests using Java 17.0.10 with PID 48422 (started by jurgenroos in /Users/jurgenroos/spring-batch-tutorial)
2025-08-13 22:22:20 - The following 1 profile is active: "test"
2025-08-13 22:22:20 - Bootstrapping Spring Data JPA repositories in DEFAULT mode.
2025-08-13 22:22:20 - Finished Spring Data repository scanning in 4 ms. Found 1 JPA repository interface.
2025-08-13 22:22:20 - Bean 'org.springframework.boot.autoconfigure.jdbc.DataSourceConfiguration$Hikari' of type [org.springframework.boot.autoconfigure.jdbc.DataSourceConfiguration$Hikari] is not eligible for getting processed by all BeanPostProcessors (for example: not eligible for auto-proxying). Is this bean getting eagerly injected into a currently created BeanPostProcessor [jobRegistryBeanPostProcessor]? Check the corresponding BeanPostProcessor declaration and its dependencies.
2025-08-13 22:22:20 - Bean 'spring.datasource-org.springframework.boot.autoconfigure.jdbc.DataSourceProperties' of type [org.springframework.boot.autoconfigure.jdbc.DataSourceProperties] is not eligible for getting processed by all BeanPostProcessors (for example: not eligible for auto-proxying). Is this bean getting eagerly injected into a currently created BeanPostProcessor [jobRegistryBeanPostProcessor]? Check the corresponding BeanPostProcessor declaration and its dependencies.
2025-08-13 22:22:20 - Bean 'org.springframework.boot.autoconfigure.jdbc.DataSourceAutoConfiguration$PooledDataSourceConfiguration' of type [org.springframework.boot.autoconfigure.jdbc.DataSourceAutoConfiguration$PooledDataSourceConfiguration] is not eligible for getting processed by all BeanPostProcessors (for example: not eligible for auto-proxying). Is this bean getting eagerly injected into a currently created BeanPostProcessor [jobRegistryBeanPostProcessor]? Check the corresponding BeanPostProcessor declaration and its dependencies.
2025-08-13 22:22:20 - Bean 'jdbcConnectionDetails' of type [org.springframework.boot.autoconfigure.jdbc.PropertiesJdbcConnectionDetails] is not eligible for getting processed by all BeanPostProcessors (for example: not eligible for auto-proxying). Is this bean getting eagerly injected into a currently created BeanPostProcessor [jobRegistryBeanPostProcessor]? Check the corresponding BeanPostProcessor declaration and its dependencies.
2025-08-13 22:22:20 - Bean 'dataSource' of type [com.zaxxer.hikari.HikariDataSource] is not eligible for getting processed by all BeanPostProcessors (for example: not eligible for auto-proxying). Is this bean getting eagerly injected into a currently created BeanPostProcessor [jobRegistryBeanPostProcessor]? Check the corresponding BeanPostProcessor declaration and its dependencies.
2025-08-13 22:22:20 - Bean 'spring.jpa-org.springframework.boot.autoconfigure.orm.jpa.JpaProperties' of type [org.springframework.boot.autoconfigure.orm.jpa.JpaProperties] is not eligible for getting processed by all BeanPostProcessors (for example: not eligible for auto-proxying). Is this bean getting eagerly injected into a currently created BeanPostProcessor [jobRegistryBeanPostProcessor]? Check the corresponding BeanPostProcessor declaration and its dependencies.
2025-08-13 22:22:20 - Bean 'spring.jpa.hibernate-org.springframework.boot.autoconfigure.orm.jpa.HibernateProperties' of type [org.springframework.boot.autoconfigure.orm.jpa.HibernateProperties] is not eligible for getting processed by all BeanPostProcessors (for example: not eligible for auto-proxying). Is this bean getting eagerly injected into a currently created BeanPostProcessor [jobRegistryBeanPostProcessor]? Check the corresponding BeanPostProcessor declaration and its dependencies.
2025-08-13 22:22:20 - Bean 'org.springframework.boot.autoconfigure.jdbc.metadata.DataSourcePoolMetadataProvidersConfiguration$HikariPoolDataSourceMetadataProviderConfiguration' of type [org.springframework.boot.autoconfigure.jdbc.metadata.DataSourcePoolMetadataProvidersConfiguration$HikariPoolDataSourceMetadataProviderConfiguration] is not eligible for getting processed by all BeanPostProcessors (for example: not eligible for auto-proxying). Is this bean getting eagerly injected into a currently created BeanPostProcessor [jobRegistryBeanPostProcessor]? Check the corresponding BeanPostProcessor declaration and its dependencies.
2025-08-13 22:22:20 - Bean 'hikariPoolDataSourceMetadataProvider' of type [org.springframework.boot.autoconfigure.jdbc.metadata.DataSourcePoolMetadataProvidersConfiguration$HikariPoolDataSourceMetadataProviderConfiguration$$Lambda$934/0x000000a0014b5f38] is not eligible for getting processed by all BeanPostProcessors (for example: not eligible for auto-proxying). Is this bean getting eagerly injected into a currently created BeanPostProcessor [jobRegistryBeanPostProcessor]? Check the corresponding BeanPostProcessor declaration and its dependencies.
2025-08-13 22:22:20 - Bean 'org.springframework.boot.autoconfigure.orm.jpa.HibernateJpaConfiguration' of type [org.springframework.boot.autoconfigure.orm.jpa.HibernateJpaConfiguration] is not eligible for getting processed by all BeanPostProcessors (for example: not eligible for auto-proxying). Is this bean getting eagerly injected into a currently created BeanPostProcessor [jobRegistryBeanPostProcessor]? Check the corresponding BeanPostProcessor declaration and its dependencies.
2025-08-13 22:22:20 - Bean 'org.springframework.boot.autoconfigure.transaction.TransactionManagerCustomizationAutoConfiguration' of type [org.springframework.boot.autoconfigure.transaction.TransactionManagerCustomizationAutoConfiguration] is not eligible for getting processed by all BeanPostProcessors (for example: not eligible for auto-proxying). Is this bean getting eagerly injected into a currently created BeanPostProcessor [jobRegistryBeanPostProcessor]? Check the corresponding BeanPostProcessor declaration and its dependencies.
2025-08-13 22:22:20 - Bean 'transactionExecutionListeners' of type [org.springframework.boot.autoconfigure.transaction.ExecutionListenersTransactionManagerCustomizer] is not eligible for getting processed by all BeanPostProcessors (for example: not eligible for auto-proxying). Is this bean getting eagerly injected into a currently created BeanPostProcessor [jobRegistryBeanPostProcessor]? Check the corresponding BeanPostProcessor declaration and its dependencies.
2025-08-13 22:22:20 - Bean 'spring.transaction-org.springframework.boot.autoconfigure.transaction.TransactionProperties' of type [org.springframework.boot.autoconfigure.transaction.TransactionProperties] is not eligible for getting processed by all BeanPostProcessors (for example: not eligible for auto-proxying). Is this bean getting eagerly injected into a currently created BeanPostProcessor [jobRegistryBeanPostProcessor]? Check the corresponding BeanPostProcessor declaration and its dependencies.
2025-08-13 22:22:20 - Bean 'platformTransactionManagerCustomizers' of type [org.springframework.boot.autoconfigure.transaction.TransactionManagerCustomizers] is not eligible for getting processed by all BeanPostProcessors (for example: not eligible for auto-proxying). Is this bean getting eagerly injected into a currently created BeanPostProcessor [jobRegistryBeanPostProcessor]? Check the corresponding BeanPostProcessor declaration and its dependencies.
2025-08-13 22:22:20 - Bean 'org.springframework.boot.autoconfigure.sql.init.DataSourceInitializationConfiguration' of type [org.springframework.boot.autoconfigure.sql.init.DataSourceInitializationConfiguration] is not eligible for getting processed by all BeanPostProcessors (for example: not eligible for auto-proxying). Is this bean getting eagerly injected into a currently created BeanPostProcessor [jobRegistryBeanPostProcessor]? Check the corresponding BeanPostProcessor declaration and its dependencies.
2025-08-13 22:22:20 - Bean 'spring.sql.init-org.springframework.boot.autoconfigure.sql.init.SqlInitializationProperties' of type [org.springframework.boot.autoconfigure.sql.init.SqlInitializationProperties] is not eligible for getting processed by all BeanPostProcessors (for example: not eligible for auto-proxying). Is this bean getting eagerly injected into a currently created BeanPostProcessor [jobRegistryBeanPostProcessor]? Check the corresponding BeanPostProcessor declaration and its dependencies.
2025-08-13 22:22:20 - Bean 'dataSourceScriptDatabaseInitializer' of type [org.springframework.boot.autoconfigure.sql.init.SqlDataSourceScriptDatabaseInitializer] is not eligible for getting processed by all BeanPostProcessors (for example: not eligible for auto-proxying). Is this bean getting eagerly injected into a currently created BeanPostProcessor [jobRegistryBeanPostProcessor]? Check the corresponding BeanPostProcessor declaration and its dependencies.
2025-08-13 22:22:20 - Bean 'org.springframework.boot.autoconfigure.batch.BatchAutoConfiguration$DataSourceInitializerConfiguration' of type [org.springframework.boot.autoconfigure.batch.BatchAutoConfiguration$DataSourceInitializerConfiguration] is not eligible for getting processed by all BeanPostProcessors (for example: not eligible for auto-proxying). Is this bean getting eagerly injected into a currently created BeanPostProcessor [jobRegistryBeanPostProcessor]? Check the corresponding BeanPostProcessor declaration and its dependencies.
2025-08-13 22:22:20 - Bean 'spring.batch-org.springframework.boot.autoconfigure.batch.BatchProperties' of type [org.springframework.boot.autoconfigure.batch.BatchProperties] is not eligible for getting processed by all BeanPostProcessors (for example: not eligible for auto-proxying). Is this bean getting eagerly injected into a currently created BeanPostProcessor [jobRegistryBeanPostProcessor]? Check the corresponding BeanPostProcessor declaration and its dependencies.
2025-08-13 22:22:20 - HikariPool-2 - Starting...
2025-08-13 22:22:20 - HikariPool-2 - Added connection conn10: url=jdbc:h2:mem:testdb user=SA
2025-08-13 22:22:20 - HikariPool-2 - Start completed.
2025-08-13 22:22:20 - Bean 'batchDataSourceInitializer' of type [org.springframework.boot.autoconfigure.batch.BatchDataSourceScriptDatabaseInitializer] is not eligible for getting processed by all BeanPostProcessors (for example: not eligible for auto-proxying). Is this bean getting eagerly injected into a currently created BeanPostProcessor [jobRegistryBeanPostProcessor]? Check the corresponding BeanPostProcessor declaration and its dependencies.
2025-08-13 22:22:20 - Bean 'jpaVendorAdapter' of type [org.springframework.orm.jpa.vendor.HibernateJpaVendorAdapter] is not eligible for getting processed by all BeanPostProcessors (for example: not eligible for auto-proxying). Is this bean getting eagerly injected into a currently created BeanPostProcessor [jobRegistryBeanPostProcessor]? Check the corresponding BeanPostProcessor declaration and its dependencies.
2025-08-13 22:22:20 - Bean 'entityManagerFactoryBuilder' of type [org.springframework.boot.orm.jpa.EntityManagerFactoryBuilder] is not eligible for getting processed by all BeanPostProcessors (for example: not eligible for auto-proxying). Is this bean getting eagerly injected into a currently created BeanPostProcessor [jobRegistryBeanPostProcessor]? Check the corresponding BeanPostProcessor declaration and its dependencies.
2025-08-13 22:22:20 - Bean 'persistenceManagedTypes' of type [org.springframework.orm.jpa.persistenceunit.SimplePersistenceManagedTypes] is not eligible for getting processed by all BeanPostProcessors (for example: not eligible for auto-proxying). Is this bean getting eagerly injected into a currently created BeanPostProcessor [jobRegistryBeanPostProcessor]? Check the corresponding BeanPostProcessor declaration and its dependencies.
2025-08-13 22:22:20 - No LoadTimeWeaver setup: ignoring JPA class transformer
2025-08-13 22:22:20 - Initialized JPA EntityManagerFactory for persistence unit 'default'
2025-08-13 22:22:20 - Bean 'entityManagerFactory' of type [org.springframework.orm.jpa.LocalContainerEntityManagerFactoryBean] is not eligible for getting processed by all BeanPostProcessors (for example: not eligible for auto-proxying). Is this bean getting eagerly injected into a currently created BeanPostProcessor [jobRegistryBeanPostProcessor]? Check the corresponding BeanPostProcessor declaration and its dependencies.
2025-08-13 22:22:20 - Bean 'entityManagerFactory' of type [jdk.proxy2.$Proxy135] is not eligible for getting processed by all BeanPostProcessors (for example: not eligible for auto-proxying). Is this bean getting eagerly injected into a currently created BeanPostProcessor [jobRegistryBeanPostProcessor]? Check the corresponding BeanPostProcessor declaration and its dependencies.
2025-08-13 22:22:20 - Bean 'transactionManager' of type [org.springframework.orm.jpa.JpaTransactionManager] is not eligible for getting processed by all BeanPostProcessors (for example: not eligible for auto-proxying). Is this bean getting eagerly injected into a currently created BeanPostProcessor [jobRegistryBeanPostProcessor]? Check the corresponding BeanPostProcessor declaration and its dependencies.
2025-08-13 22:22:20 - Bean 'org.springframework.boot.autoconfigure.batch.BatchAutoConfiguration$SpringBootBatchConfiguration' of type [org.springframework.boot.autoconfigure.batch.BatchAutoConfiguration$SpringBootBatchConfiguration] is not eligible for getting processed by all BeanPostProcessors (for example: not eligible for auto-proxying). The currently created BeanPostProcessor [jobRegistryBeanPostProcessor] is declared through a non-static factory method on that class; consider declaring it as static instead.
2025-08-13 22:22:20 - 🔧 Creating Spring Batch job: processPersonJob
2025-08-13 22:22:20 - 📝 Configuring Step 1: Save CSV data to database
2025-08-13 22:22:20 - org.springframework.batch.item.ItemReader is an interface. The implementing class will not be queried for annotation based listener configurations. If using @StepScope on a @Bean method, be sure to return the implementing class so listener annotations can be used.
2025-08-13 22:22:20 - 🧮 Configuring Step 2: Calculate age for all persons
2025-08-13 22:22:20 - org.springframework.batch.item.ItemReader is an interface. The implementing class will not be queried for annotation based listener configurations. If using @StepScope on a @Bean method, be sure to return the implementing class so listener annotations can be used.
2025-08-13 22:22:20 - org.springframework.batch.item.ItemProcessor is an interface. The implementing class will not be queried for annotation based listener configurations. If using @StepScope on a @Bean method, be sure to return the implementing class so listener annotations can be used.
2025-08-13 22:22:20 - org.springframework.batch.item.ItemReader is an interface. The implementing class will not be queried for annotation based listener configurations. If using @StepScope on a @Bean method, be sure to return the implementing class so listener annotations can be used.
2025-08-13 22:22:20 - org.springframework.batch.item.ItemProcessor is an interface. The implementing class will not be queried for annotation based listener configurations. If using @StepScope on a @Bean method, be sure to return the implementing class so listener annotations can be used.
2025-08-13 22:22:20 - 📄 Configuring Step 3: Write results to output file
2025-08-13 22:22:20 - org.springframework.batch.item.ItemReader is an interface. The implementing class will not be queried for annotation based listener configurations. If using @StepScope on a @Bean method, be sure to return the implementing class so listener annotations can be used.
2025-08-13 22:22:20 - 💾 Creating JPA item writer with duplicate handling
2025-08-13 22:22:20 - 📄 Creating flat file item writer
2025-08-13 22:22:20 - spring.jpa.open-in-view is enabled by default. Therefore, database queries may be performed during view rendering. Explicitly configure spring.jpa.open-in-view to disable this warning
2025-08-13 22:22:20 - Adding welcome page: class path resource [static/index.html]
2025-08-13 22:22:20 - H2 console available at '/h2-console'. Database available at 'jdbc:h2:mem:testdb'
2025-08-13 22:22:20 - Exposing 1 endpoint(s) beneath base path '/actuator'
2025-08-13 22:22:20 - Started ScenarioIntegrationTests in 0.518 seconds (process running for 3.942)
2025-08-13 22:22:20 - Job: [SimpleJob: [name=processPersonJob]] launched with the following parameters: [{'csvPath':'{value=input/persons.csv, type=class java.lang.String, identifying=true}','time':'{value=9c65ac05-67cd-435d-b2a0-4419a37a71f5, type=class java.lang.String, identifying=true}','scenario':'{value=RETRYABLE, type=class java.lang.String, identifying=true}','retryAttempts':'{value=2, type=class java.lang.String, identifying=true}'}]
2025-08-13 22:22:20 - 

🎬 ========================================
2025-08-13 22:22:20 - 🚀 JOB STARTING: processPersonJob
2025-08-13 22:22:20 - 📋 Job Instance ID: 1
2025-08-13 22:22:20 - 🆔 Job Execution ID: 1
2025-08-13 22:22:20 - ⏰ Start Time: 2025-08-13T22:22:20.678631
2025-08-13 22:22:20 - 📊 Job Parameters: {'csvPath':'{value=input/persons.csv, type=class java.lang.String, identifying=true}','time':'{value=9c65ac05-67cd-435d-b2a0-4419a37a71f5, type=class java.lang.String, identifying=true}','scenario':'{value=RETRYABLE, type=class java.lang.String, identifying=true}','retryAttempts':'{value=2, type=class java.lang.String, identifying=true}'}
2025-08-13 22:22:20 - 🎯 Expected Steps: processPersonJob
2025-08-13 22:22:20 - ========================================


2025-08-13 22:22:20 - Executing step: [step1SaveToDatabase]
2025-08-13 22:22:20 - 🚀 Starting Step 1: Reading CSV and saving to database
2025-08-13 22:22:20 -    - Chunk size: 100
2025-08-13 22:22:20 -    - Step name: step1SaveToDatabase
2025-08-13 22:22:20 - 📖 Creating CSV item reader
2025-08-13 22:22:20 - 🔄 Initializing CSV reader - loading data from file
2025-08-13 22:22:20 - 📂 Reading CSV file: input/persons.csv
2025-08-13 22:22:20 - 📄 File exists, size: 596075 bytes
2025-08-13 22:22:20 - 📋 CSV Header: FirstName, LastName, Email, DateOfBirth
2025-08-13 22:22:20 - ⚠️ Line 8: Invalid email format: invalid-7.example.com
2025-08-13 22:22:20 - ⚠️ Line 15: Invalid email format: invalid-14.example.com
2025-08-13 22:22:20 - ⚠️ Line 22: Invalid email format: invalid-21.example.com
2025-08-13 22:22:20 - ⚠️ Line 29: Invalid email format: invalid-28.example.com
2025-08-13 22:22:20 - ⚠️ Line 36: Invalid email format: invalid-35.example.com
2025-08-13 22:22:20 - ⚠️ Line 43: Invalid email format: invalid-42.example.com
2025-08-13 22:22:20 - ⚠️ Line 50: Invalid email format: invalid-49.example.com
2025-08-13 22:22:20 - ⚠️ Line 57: Invalid email format: invalid-56.example.com
2025-08-13 22:22:20 - ⚠️ Line 64: Invalid email format: invalid-63.example.com
2025-08-13 22:22:20 - ⚠️ Line 71: Invalid email format: invalid-70.example.com
2025-08-13 22:22:20 - ⚠️ Line 78: Invalid email format: invalid-77.example.com
2025-08-13 22:22:20 - ⚠️ Line 85: Invalid email format: invalid-84.example.com
2025-08-13 22:22:20 - ⚠️ Line 92: Invalid email format: invalid-91.example.com
2025-08-13 22:22:20 - ⚠️ Line 99: Invalid email format: invalid-98.example.com
2025-08-13 22:22:20 - ⚠️ Line 106: Invalid email format: invalid-105.example.com
2025-08-13 22:22:20 - ⚠️ Line 113: Invalid email format: invalid-112.example.com
2025-08-13 22:22:20 - ⚠️ Line 120: Invalid email format: invalid-119.example.com
2025-08-13 22:22:20 - ⚠️ Line 127: Invalid email format: invalid-126.example.com
2025-08-13 22:22:20 - ⚠️ Line 134: Invalid email format: invalid-133.example.com
2025-08-13 22:22:20 - ⚠️ Line 141: Invalid email format: invalid-140.example.com
2025-08-13 22:22:20 - ⚠️ Line 148: Invalid email format: invalid-147.example.com
2025-08-13 22:22:20 - ⚠️ Line 155: Invalid email format: invalid-154.example.com
2025-08-13 22:22:20 - ⚠️ Line 162: Invalid email format: invalid-161.example.com
2025-08-13 22:22:20 - ⚠️ Line 169: Invalid email format: invalid-168.example.com
2025-08-13 22:22:20 - ⚠️ Line 176: Invalid email format: invalid-175.example.com
2025-08-13 22:22:20 - ⚠️ Line 183: Invalid email format: invalid-182.example.com
2025-08-13 22:22:20 - ⚠️ Line 190: Invalid email format: invalid-189.example.com
2025-08-13 22:22:20 - ⚠️ Line 197: Invalid email format: invalid-196.example.com
2025-08-13 22:22:20 - ⚠️ Line 204: Invalid email format: invalid-203.example.com
2025-08-13 22:22:20 - ⚠️ Line 211: Invalid email format: invalid-210.example.com
2025-08-13 22:22:20 - ⚠️ Line 218: Invalid email format: invalid-217.example.com
2025-08-13 22:22:20 - ⚠️ Line 225: Invalid email format: invalid-224.example.com
2025-08-13 22:22:20 - ⚠️ Line 232: Invalid email format: invalid-231.example.com
2025-08-13 22:22:20 - ⚠️ Line 239: Invalid email format: invalid-238.example.com
2025-08-13 22:22:20 - ⚠️ Line 246: Invalid email format: invalid-245.example.com
2025-08-13 22:22:20 - ⚠️ Line 253: Invalid email format: invalid-252.example.com
2025-08-13 22:22:20 - ⚠️ Line 260: Invalid email format: invalid-259.example.com
2025-08-13 22:22:20 - ⚠️ Line 267: Invalid email format: invalid-266.example.com
2025-08-13 22:22:20 - ⚠️ Line 274: Invalid email format: invalid-273.example.com
2025-08-13 22:22:20 - ⚠️ Line 281: Invalid email format: invalid-280.example.com
2025-08-13 22:22:20 - ⚠️ Line 288: Invalid email format: invalid-287.example.com
2025-08-13 22:22:20 - ⚠️ Line 295: Invalid email format: invalid-294.example.com
2025-08-13 22:22:20 - ⚠️ Line 302: Invalid email format: invalid-301.example.com
2025-08-13 22:22:20 - ⚠️ Line 309: Invalid email format: invalid-308.example.com
2025-08-13 22:22:20 - ⚠️ Line 316: Invalid email format: invalid-315.example.com
2025-08-13 22:22:20 - ⚠️ Line 323: Invalid email format: invalid-322.example.com
2025-08-13 22:22:20 - ⚠️ Line 330: Invalid email format: invalid-329.example.com
2025-08-13 22:22:20 - ⚠️ Line 337: Invalid email format: invalid-336.example.com
2025-08-13 22:22:20 - ⚠️ Line 344: Invalid email format: invalid-343.example.com
2025-08-13 22:22:20 - ⚠️ Line 351: Invalid email format: invalid-350.example.com
2025-08-13 22:22:20 - ⚠️ Line 358: Invalid email format: invalid-357.example.com
2025-08-13 22:22:20 - ⚠️ Line 365: Invalid email format: invalid-364.example.com
2025-08-13 22:22:20 - ⚠️ Line 372: Invalid email format: invalid-371.example.com
2025-08-13 22:22:20 - ⚠️ Line 379: Invalid email format: invalid-378.example.com
2025-08-13 22:22:20 - ⚠️ Line 386: Invalid email format: invalid-385.example.com
2025-08-13 22:22:20 - ⚠️ Line 393: Invalid email format: invalid-392.example.com
2025-08-13 22:22:20 - ⚠️ Line 400: Invalid email format: invalid-399.example.com
2025-08-13 22:22:20 - ⚠️ Line 407: Invalid email format: invalid-406.example.com
2025-08-13 22:22:20 - ⚠️ Line 414: Invalid email format: invalid-413.example.com
2025-08-13 22:22:20 - ⚠️ Line 421: Invalid email format: invalid-420.example.com
2025-08-13 22:22:20 - ⚠️ Line 428: Invalid email format: invalid-427.example.com
2025-08-13 22:22:20 - ⚠️ Line 435: Invalid email format: invalid-434.example.com
2025-08-13 22:22:20 - ⚠️ Line 442: Invalid email format: invalid-441.example.com
2025-08-13 22:22:20 - ⚠️ Line 449: Invalid email format: invalid-448.example.com
2025-08-13 22:22:20 - ⚠️ Line 456: Invalid email format: invalid-455.example.com
2025-08-13 22:22:20 - ⚠️ Line 463: Invalid email format: invalid-462.example.com
2025-08-13 22:22:20 - ⚠️ Line 470: Invalid email format: invalid-469.example.com
2025-08-13 22:22:20 - ⚠️ Line 477: Invalid email format: invalid-476.example.com
2025-08-13 22:22:20 - ⚠️ Line 484: Invalid email format: invalid-483.example.com
2025-08-13 22:22:20 - ⚠️ Line 491: Invalid email format: invalid-490.example.com
2025-08-13 22:22:20 - ⚠️ Line 498: Invalid email format: invalid-497.example.com
2025-08-13 22:22:20 - ⚠️ Line 505: Invalid email format: invalid-504.example.com
2025-08-13 22:22:20 - ⚠️ Line 512: Invalid email format: invalid-511.example.com
2025-08-13 22:22:20 - ⚠️ Line 519: Invalid email format: invalid-518.example.com
2025-08-13 22:22:20 - ⚠️ Line 526: Invalid email format: invalid-525.example.com
2025-08-13 22:22:20 - ⚠️ Line 533: Invalid email format: invalid-532.example.com
2025-08-13 22:22:20 - ⚠️ Line 540: Invalid email format: invalid-539.example.com
2025-08-13 22:22:20 - ⚠️ Line 547: Invalid email format: invalid-546.example.com
2025-08-13 22:22:20 - ⚠️ Line 554: Invalid email format: invalid-553.example.com
2025-08-13 22:22:20 - ⚠️ Line 561: Invalid email format: invalid-560.example.com
2025-08-13 22:22:20 - ⚠️ Line 568: Invalid email format: invalid-567.example.com
2025-08-13 22:22:20 - ⚠️ Line 575: Invalid email format: invalid-574.example.com
2025-08-13 22:22:20 - ⚠️ Line 582: Invalid email format: invalid-581.example.com
2025-08-13 22:22:20 - ⚠️ Line 589: Invalid email format: invalid-588.example.com
2025-08-13 22:22:20 - ⚠️ Line 596: Invalid email format: invalid-595.example.com
2025-08-13 22:22:20 - ⚠️ Line 603: Invalid email format: invalid-602.example.com
2025-08-13 22:22:20 - ⚠️ Line 610: Invalid email format: invalid-609.example.com
2025-08-13 22:22:20 - ⚠️ Line 617: Invalid email format: invalid-616.example.com
2025-08-13 22:22:20 - ⚠️ Line 624: Invalid email format: invalid-623.example.com
2025-08-13 22:22:20 - ⚠️ Line 631: Invalid email format: invalid-630.example.com
2025-08-13 22:22:20 - ⚠️ Line 638: Invalid email format: invalid-637.example.com
2025-08-13 22:22:20 - ⚠️ Line 645: Invalid email format: invalid-644.example.com
2025-08-13 22:22:20 - ⚠️ Line 652: Invalid email format: invalid-651.example.com
2025-08-13 22:22:20 - ⚠️ Line 659: Invalid email format: invalid-658.example.com
2025-08-13 22:22:20 - ⚠️ Line 666: Invalid email format: invalid-665.example.com
2025-08-13 22:22:20 - ⚠️ Line 673: Invalid email format: invalid-672.example.com
2025-08-13 22:22:20 - ⚠️ Line 680: Invalid email format: invalid-679.example.com
2025-08-13 22:22:20 - ⚠️ Line 687: Invalid email format: invalid-686.example.com
2025-08-13 22:22:20 - ⚠️ Line 694: Invalid email format: invalid-693.example.com
2025-08-13 22:22:20 - ⚠️ Line 701: Invalid email format: invalid-700.example.com
2025-08-13 22:22:20 - ⚠️ Line 708: Invalid email format: invalid-707.example.com
2025-08-13 22:22:20 - ⚠️ Line 715: Invalid email format: invalid-714.example.com
2025-08-13 22:22:20 - ⚠️ Line 722: Invalid email format: invalid-721.example.com
2025-08-13 22:22:20 - ⚠️ Line 729: Invalid email format: invalid-728.example.com
2025-08-13 22:22:20 - ⚠️ Line 736: Invalid email format: invalid-735.example.com
2025-08-13 22:22:20 - ⚠️ Line 743: Invalid email format: invalid-742.example.com
2025-08-13 22:22:20 - ⚠️ Line 750: Invalid email format: invalid-749.example.com
2025-08-13 22:22:20 - ⚠️ Line 757: Invalid email format: invalid-756.example.com
2025-08-13 22:22:20 - ⚠️ Line 764: Invalid email format: invalid-763.example.com
2025-08-13 22:22:20 - ⚠️ Line 771: Invalid email format: invalid-770.example.com
2025-08-13 22:22:20 - ⚠️ Line 778: Invalid email format: invalid-777.example.com
2025-08-13 22:22:20 - ⚠️ Line 785: Invalid email format: invalid-784.example.com
2025-08-13 22:22:20 - ⚠️ Line 792: Invalid email format: invalid-791.example.com
2025-08-13 22:22:20 - ⚠️ Line 799: Invalid email format: invalid-798.example.com
2025-08-13 22:22:20 - ⚠️ Line 806: Invalid email format: invalid-805.example.com
2025-08-13 22:22:20 - ⚠️ Line 813: Invalid email format: invalid-812.example.com
2025-08-13 22:22:20 - ⚠️ Line 820: Invalid email format: invalid-819.example.com
2025-08-13 22:22:20 - ⚠️ Line 827: Invalid email format: invalid-826.example.com
2025-08-13 22:22:20 - ⚠️ Line 834: Invalid email format: invalid-833.example.com
2025-08-13 22:22:20 - ⚠️ Line 841: Invalid email format: invalid-840.example.com
2025-08-13 22:22:20 - ⚠️ Line 848: Invalid email format: invalid-847.example.com
2025-08-13 22:22:20 - ⚠️ Line 855: Invalid email format: invalid-854.example.com
2025-08-13 22:22:20 - ⚠️ Line 862: Invalid email format: invalid-861.example.com
2025-08-13 22:22:20 - ⚠️ Line 869: Invalid email format: invalid-868.example.com
2025-08-13 22:22:20 - ⚠️ Line 876: Invalid email format: invalid-875.example.com
2025-08-13 22:22:20 - ⚠️ Line 883: Invalid email format: invalid-882.example.com
2025-08-13 22:22:20 - ⚠️ Line 890: Invalid email format: invalid-889.example.com
2025-08-13 22:22:20 - ⚠️ Line 897: Invalid email format: invalid-896.example.com
2025-08-13 22:22:20 - ⚠️ Line 904: Invalid email format: invalid-903.example.com
2025-08-13 22:22:20 - ⚠️ Line 911: Invalid email format: invalid-910.example.com
2025-08-13 22:22:20 - ⚠️ Line 918: Invalid email format: invalid-917.example.com
2025-08-13 22:22:20 - ⚠️ Line 925: Invalid email format: invalid-924.example.com
2025-08-13 22:22:20 - ⚠️ Line 932: Invalid email format: invalid-931.example.com
2025-08-13 22:22:20 - ⚠️ Line 939: Invalid email format: invalid-938.example.com
2025-08-13 22:22:20 - ⚠️ Line 946: Invalid email format: invalid-945.example.com
2025-08-13 22:22:20 - ⚠️ Line 953: Invalid email format: invalid-952.example.com
2025-08-13 22:22:20 - ⚠️ Line 960: Invalid email format: invalid-959.example.com
2025-08-13 22:22:20 - ⚠️ Line 967: Invalid email format: invalid-966.example.com
2025-08-13 22:22:20 - ⚠️ Line 974: Invalid email format: invalid-973.example.com
2025-08-13 22:22:20 - ⚠️ Line 981: Invalid email format: invalid-980.example.com
2025-08-13 22:22:20 - ⚠️ Line 988: Invalid email format: invalid-987.example.com
2025-08-13 22:22:20 - ⚠️ Line 995: Invalid email format: invalid-994.example.com
2025-08-13 22:22:20 - ⚠️ Line 1002: Invalid email format: invalid-1001.example.com
2025-08-13 22:22:20 - ⚠️ Line 1009: Invalid email format: invalid-1008.example.com
2025-08-13 22:22:20 - ⚠️ Line 1016: Invalid email format: invalid-1015.example.com
2025-08-13 22:22:20 - ⚠️ Line 1023: Invalid email format: invalid-1022.example.com
2025-08-13 22:22:20 - ⚠️ Line 1030: Invalid email format: invalid-1029.example.com
2025-08-13 22:22:20 - ⚠️ Line 1037: Invalid email format: invalid-1036.example.com
2025-08-13 22:22:20 - ⚠️ Line 1044: Invalid email format: invalid-1043.example.com
2025-08-13 22:22:20 - ⚠️ Line 1051: Invalid email format: invalid-1050.example.com
2025-08-13 22:22:20 - ⚠️ Line 1058: Invalid email format: invalid-1057.example.com
2025-08-13 22:22:20 - ⚠️ Line 1065: Invalid email format: invalid-1064.example.com
2025-08-13 22:22:20 - ⚠️ Line 1072: Invalid email format: invalid-1071.example.com
2025-08-13 22:22:20 - ⚠️ Line 1079: Invalid email format: invalid-1078.example.com
2025-08-13 22:22:20 - ⚠️ Line 1086: Invalid email format: invalid-1085.example.com
2025-08-13 22:22:20 - ⚠️ Line 1093: Invalid email format: invalid-1092.example.com
2025-08-13 22:22:20 - ⚠️ Line 1100: Invalid email format: invalid-1099.example.com
2025-08-13 22:22:20 - ⚠️ Line 1107: Invalid email format: invalid-1106.example.com
2025-08-13 22:22:20 - ⚠️ Line 1114: Invalid email format: invalid-1113.example.com
2025-08-13 22:22:20 - ⚠️ Line 1121: Invalid email format: invalid-1120.example.com
2025-08-13 22:22:20 - ⚠️ Line 1128: Invalid email format: invalid-1127.example.com
2025-08-13 22:22:20 - ⚠️ Line 1135: Invalid email format: invalid-1134.example.com
2025-08-13 22:22:20 - ⚠️ Line 1142: Invalid email format: invalid-1141.example.com
2025-08-13 22:22:20 - ⚠️ Line 1149: Invalid email format: invalid-1148.example.com
2025-08-13 22:22:20 - ⚠️ Line 1156: Invalid email format: invalid-1155.example.com
2025-08-13 22:22:20 - ⚠️ Line 1163: Invalid email format: invalid-1162.example.com
2025-08-13 22:22:20 - ⚠️ Line 1170: Invalid email format: invalid-1169.example.com
2025-08-13 22:22:20 - ⚠️ Line 1177: Invalid email format: invalid-1176.example.com
2025-08-13 22:22:20 - ⚠️ Line 1184: Invalid email format: invalid-1183.example.com
2025-08-13 22:22:20 - ⚠️ Line 1191: Invalid email format: invalid-1190.example.com
2025-08-13 22:22:20 - ⚠️ Line 1198: Invalid email format: invalid-1197.example.com
2025-08-13 22:22:20 - ⚠️ Line 1205: Invalid email format: invalid-1204.example.com
2025-08-13 22:22:20 - ⚠️ Line 1212: Invalid email format: invalid-1211.example.com
2025-08-13 22:22:20 - ⚠️ Line 1219: Invalid email format: invalid-1218.example.com
2025-08-13 22:22:20 - ⚠️ Line 1226: Invalid email format: invalid-1225.example.com
2025-08-13 22:22:20 - ⚠️ Line 1233: Invalid email format: invalid-1232.example.com
2025-08-13 22:22:20 - ⚠️ Line 1240: Invalid email format: invalid-1239.example.com
2025-08-13 22:22:20 - ⚠️ Line 1247: Invalid email format: invalid-1246.example.com
2025-08-13 22:22:20 - ⚠️ Line 1254: Invalid email format: invalid-1253.example.com
2025-08-13 22:22:20 - ⚠️ Line 1261: Invalid email format: invalid-1260.example.com
2025-08-13 22:22:20 - ⚠️ Line 1268: Invalid email format: invalid-1267.example.com
2025-08-13 22:22:20 - ⚠️ Line 1275: Invalid email format: invalid-1274.example.com
2025-08-13 22:22:20 - ⚠️ Line 1282: Invalid email format: invalid-1281.example.com
2025-08-13 22:22:20 - ⚠️ Line 1289: Invalid email format: invalid-1288.example.com
2025-08-13 22:22:20 - ⚠️ Line 1296: Invalid email format: invalid-1295.example.com
2025-08-13 22:22:20 - ⚠️ Line 1303: Invalid email format: invalid-1302.example.com
2025-08-13 22:22:20 - ⚠️ Line 1310: Invalid email format: invalid-1309.example.com
2025-08-13 22:22:20 - ⚠️ Line 1317: Invalid email format: invalid-1316.example.com
2025-08-13 22:22:20 - ⚠️ Line 1324: Invalid email format: invalid-1323.example.com
2025-08-13 22:22:20 - ⚠️ Line 1331: Invalid email format: invalid-1330.example.com
2025-08-13 22:22:20 - ⚠️ Line 1338: Invalid email format: invalid-1337.example.com
2025-08-13 22:22:20 - ⚠️ Line 1345: Invalid email format: invalid-1344.example.com
2025-08-13 22:22:20 - ⚠️ Line 1352: Invalid email format: invalid-1351.example.com
2025-08-13 22:22:20 - ⚠️ Line 1359: Invalid email format: invalid-1358.example.com
2025-08-13 22:22:20 - ⚠️ Line 1366: Invalid email format: invalid-1365.example.com
2025-08-13 22:22:20 - ⚠️ Line 1373: Invalid email format: invalid-1372.example.com
2025-08-13 22:22:20 - ⚠️ Line 1380: Invalid email format: invalid-1379.example.com
2025-08-13 22:22:20 - ⚠️ Line 1387: Invalid email format: invalid-1386.example.com
2025-08-13 22:22:20 - ⚠️ Line 1394: Invalid email format: invalid-1393.example.com
2025-08-13 22:22:20 - ⚠️ Line 1401: Invalid email format: invalid-1400.example.com
2025-08-13 22:22:20 - ⚠️ Line 1408: Invalid email format: invalid-1407.example.com
2025-08-13 22:22:20 - ⚠️ Line 1415: Invalid email format: invalid-1414.example.com
2025-08-13 22:22:20 - ⚠️ Line 1422: Invalid email format: invalid-1421.example.com
2025-08-13 22:22:20 - ⚠️ Line 1429: Invalid email format: invalid-1428.example.com
2025-08-13 22:22:20 - ⚠️ Line 1436: Invalid email format: invalid-1435.example.com
2025-08-13 22:22:20 - ⚠️ Line 1443: Invalid email format: invalid-1442.example.com
2025-08-13 22:22:20 - ⚠️ Line 1450: Invalid email format: invalid-1449.example.com
2025-08-13 22:22:20 - ⚠️ Line 1457: Invalid email format: invalid-1456.example.com
2025-08-13 22:22:20 - ⚠️ Line 1464: Invalid email format: invalid-1463.example.com
2025-08-13 22:22:20 - ⚠️ Line 1471: Invalid email format: invalid-1470.example.com
2025-08-13 22:22:20 - ⚠️ Line 1478: Invalid email format: invalid-1477.example.com
2025-08-13 22:22:20 - ⚠️ Line 1485: Invalid email format: invalid-1484.example.com
2025-08-13 22:22:20 - ⚠️ Line 1492: Invalid email format: invalid-1491.example.com
2025-08-13 22:22:20 - ⚠️ Line 1499: Invalid email format: invalid-1498.example.com
2025-08-13 22:22:20 - ⚠️ Line 1506: Invalid email format: invalid-1505.example.com
2025-08-13 22:22:20 - ⚠️ Line 1513: Invalid email format: invalid-1512.example.com
2025-08-13 22:22:20 - ⚠️ Line 1520: Invalid email format: invalid-1519.example.com
2025-08-13 22:22:20 - ⚠️ Line 1527: Invalid email format: invalid-1526.example.com
2025-08-13 22:22:20 - ⚠️ Line 1534: Invalid email format: invalid-1533.example.com
2025-08-13 22:22:20 - ⚠️ Line 1541: Invalid email format: invalid-1540.example.com
2025-08-13 22:22:20 - ⚠️ Line 1548: Invalid email format: invalid-1547.example.com
2025-08-13 22:22:20 - ⚠️ Line 1555: Invalid email format: invalid-1554.example.com
2025-08-13 22:22:20 - ⚠️ Line 1562: Invalid email format: invalid-1561.example.com
2025-08-13 22:22:20 - ⚠️ Line 1569: Invalid email format: invalid-1568.example.com
2025-08-13 22:22:20 - ⚠️ Line 1576: Invalid email format: invalid-1575.example.com
2025-08-13 22:22:20 - ⚠️ Line 1583: Invalid email format: invalid-1582.example.com
2025-08-13 22:22:20 - ⚠️ Line 1590: Invalid email format: invalid-1589.example.com
2025-08-13 22:22:20 - ⚠️ Line 1597: Invalid email format: invalid-1596.example.com
2025-08-13 22:22:20 - ⚠️ Line 1604: Invalid email format: invalid-1603.example.com
2025-08-13 22:22:20 - ⚠️ Line 1611: Invalid email format: invalid-1610.example.com
2025-08-13 22:22:20 - ⚠️ Line 1618: Invalid email format: invalid-1617.example.com
2025-08-13 22:22:20 - ⚠️ Line 1625: Invalid email format: invalid-1624.example.com
2025-08-13 22:22:20 - ⚠️ Line 1632: Invalid email format: invalid-1631.example.com
2025-08-13 22:22:20 - ⚠️ Line 1639: Invalid email format: invalid-1638.example.com
2025-08-13 22:22:20 - ⚠️ Line 1646: Invalid email format: invalid-1645.example.com
2025-08-13 22:22:20 - ⚠️ Line 1653: Invalid email format: invalid-1652.example.com
2025-08-13 22:22:20 - ⚠️ Line 1660: Invalid email format: invalid-1659.example.com
2025-08-13 22:22:20 - ⚠️ Line 1667: Invalid email format: invalid-1666.example.com
2025-08-13 22:22:20 - ⚠️ Line 1674: Invalid email format: invalid-1673.example.com
2025-08-13 22:22:20 - ⚠️ Line 1681: Invalid email format: invalid-1680.example.com
2025-08-13 22:22:20 - ⚠️ Line 1688: Invalid email format: invalid-1687.example.com
2025-08-13 22:22:20 - ⚠️ Line 1695: Invalid email format: invalid-1694.example.com
2025-08-13 22:22:20 - ⚠️ Line 1702: Invalid email format: invalid-1701.example.com
2025-08-13 22:22:20 - ⚠️ Line 1709: Invalid email format: invalid-1708.example.com
2025-08-13 22:22:20 - ⚠️ Line 1716: Invalid email format: invalid-1715.example.com
2025-08-13 22:22:20 - ⚠️ Line 1723: Invalid email format: invalid-1722.example.com
2025-08-13 22:22:20 - ⚠️ Line 1730: Invalid email format: invalid-1729.example.com
2025-08-13 22:22:20 - ⚠️ Line 1737: Invalid email format: invalid-1736.example.com
2025-08-13 22:22:20 - ⚠️ Line 1744: Invalid email format: invalid-1743.example.com
2025-08-13 22:22:20 - ⚠️ Line 1751: Invalid email format: invalid-1750.example.com
2025-08-13 22:22:20 - ⚠️ Line 1758: Invalid email format: invalid-1757.example.com
2025-08-13 22:22:20 - ⚠️ Line 1765: Invalid email format: invalid-1764.example.com
2025-08-13 22:22:20 - ⚠️ Line 1772: Invalid email format: invalid-1771.example.com
2025-08-13 22:22:20 - ⚠️ Line 1779: Invalid email format: invalid-1778.example.com
2025-08-13 22:22:20 - ⚠️ Line 1786: Invalid email format: invalid-1785.example.com
2025-08-13 22:22:20 - ⚠️ Line 1793: Invalid email format: invalid-1792.example.com
2025-08-13 22:22:20 - ⚠️ Line 1800: Invalid email format: invalid-1799.example.com
2025-08-13 22:22:20 - ⚠️ Line 1807: Invalid email format: invalid-1806.example.com
2025-08-13 22:22:20 - ⚠️ Line 1814: Invalid email format: invalid-1813.example.com
2025-08-13 22:22:20 - ⚠️ Line 1821: Invalid email format: invalid-1820.example.com
2025-08-13 22:22:20 - ⚠️ Line 1828: Invalid email format: invalid-1827.example.com
2025-08-13 22:22:20 - ⚠️ Line 1835: Invalid email format: invalid-1834.example.com
2025-08-13 22:22:20 - ⚠️ Line 1842: Invalid email format: invalid-1841.example.com
2025-08-13 22:22:20 - ⚠️ Line 1849: Invalid email format: invalid-1848.example.com
2025-08-13 22:22:20 - ⚠️ Line 1856: Invalid email format: invalid-1855.example.com
2025-08-13 22:22:20 - ⚠️ Line 1863: Invalid email format: invalid-1862.example.com
2025-08-13 22:22:20 - ⚠️ Line 1870: Invalid email format: invalid-1869.example.com
2025-08-13 22:22:20 - ⚠️ Line 1877: Invalid email format: invalid-1876.example.com
2025-08-13 22:22:20 - ⚠️ Line 1884: Invalid email format: invalid-1883.example.com
2025-08-13 22:22:20 - ⚠️ Line 1891: Invalid email format: invalid-1890.example.com
2025-08-13 22:22:20 - ⚠️ Line 1898: Invalid email format: invalid-1897.example.com
2025-08-13 22:22:20 - ⚠️ Line 1905: Invalid email format: invalid-1904.example.com
2025-08-13 22:22:20 - ⚠️ Line 1912: Invalid email format: invalid-1911.example.com
2025-08-13 22:22:20 - ⚠️ Line 1919: Invalid email format: invalid-1918.example.com
2025-08-13 22:22:20 - ⚠️ Line 1926: Invalid email format: invalid-1925.example.com
2025-08-13 22:22:20 - ⚠️ Line 1933: Invalid email format: invalid-1932.example.com
2025-08-13 22:22:20 - ⚠️ Line 1940: Invalid email format: invalid-1939.example.com
2025-08-13 22:22:20 - ⚠️ Line 1947: Invalid email format: invalid-1946.example.com
2025-08-13 22:22:20 - ⚠️ Line 1954: Invalid email format: invalid-1953.example.com
2025-08-13 22:22:20 - ⚠️ Line 1961: Invalid email format: invalid-1960.example.com
2025-08-13 22:22:20 - ⚠️ Line 1968: Invalid email format: invalid-1967.example.com
2025-08-13 22:22:20 - ⚠️ Line 1975: Invalid email format: invalid-1974.example.com
2025-08-13 22:22:20 - ⚠️ Line 1982: Invalid email format: invalid-1981.example.com
2025-08-13 22:22:20 - ⚠️ Line 1989: Invalid email format: invalid-1988.example.com
2025-08-13 22:22:20 - ⚠️ Line 1996: Invalid email format: invalid-1995.example.com
2025-08-13 22:22:20 - ⚠️ Line 2003: Invalid email format: invalid-2002.example.com
2025-08-13 22:22:20 - ⚠️ Line 2010: Invalid email format: invalid-2009.example.com
2025-08-13 22:22:20 - ⚠️ Line 2017: Invalid email format: invalid-2016.example.com
2025-08-13 22:22:20 - ⚠️ Line 2024: Invalid email format: invalid-2023.example.com
2025-08-13 22:22:20 - ⚠️ Line 2031: Invalid email format: invalid-2030.example.com
2025-08-13 22:22:20 - ⚠️ Line 2038: Invalid email format: invalid-2037.example.com
2025-08-13 22:22:20 - ⚠️ Line 2045: Invalid email format: invalid-2044.example.com
2025-08-13 22:22:20 - ⚠️ Line 2052: Invalid email format: invalid-2051.example.com
2025-08-13 22:22:20 - ⚠️ Line 2059: Invalid email format: invalid-2058.example.com
2025-08-13 22:22:20 - ⚠️ Line 2066: Invalid email format: invalid-2065.example.com
2025-08-13 22:22:20 - ⚠️ Line 2073: Invalid email format: invalid-2072.example.com
2025-08-13 22:22:20 - ⚠️ Line 2080: Invalid email format: invalid-2079.example.com
2025-08-13 22:22:20 - ⚠️ Line 2087: Invalid email format: invalid-2086.example.com
2025-08-13 22:22:20 - ⚠️ Line 2094: Invalid email format: invalid-2093.example.com
2025-08-13 22:22:20 - ⚠️ Line 2101: Invalid email format: invalid-2100.example.com
2025-08-13 22:22:20 - ⚠️ Line 2108: Invalid email format: invalid-2107.example.com
2025-08-13 22:22:20 - ⚠️ Line 2115: Invalid email format: invalid-2114.example.com
2025-08-13 22:22:20 - ⚠️ Line 2122: Invalid email format: invalid-2121.example.com
2025-08-13 22:22:20 - ⚠️ Line 2129: Invalid email format: invalid-2128.example.com
2025-08-13 22:22:20 - ⚠️ Line 2136: Invalid email format: invalid-2135.example.com
2025-08-13 22:22:20 - ⚠️ Line 2143: Invalid email format: invalid-2142.example.com
2025-08-13 22:22:20 - ⚠️ Line 2150: Invalid email format: invalid-2149.example.com
2025-08-13 22:22:20 - ⚠️ Line 2157: Invalid email format: invalid-2156.example.com
2025-08-13 22:22:20 - ⚠️ Line 2164: Invalid email format: invalid-2163.example.com
2025-08-13 22:22:20 - ⚠️ Line 2171: Invalid email format: invalid-2170.example.com
2025-08-13 22:22:20 - ⚠️ Line 2178: Invalid email format: invalid-2177.example.com
2025-08-13 22:22:20 - ⚠️ Line 2185: Invalid email format: invalid-2184.example.com
2025-08-13 22:22:20 - ⚠️ Line 2192: Invalid email format: invalid-2191.example.com
2025-08-13 22:22:20 - ⚠️ Line 2199: Invalid email format: invalid-2198.example.com
2025-08-13 22:22:20 - ⚠️ Line 2206: Invalid email format: invalid-2205.example.com
2025-08-13 22:22:20 - ⚠️ Line 2213: Invalid email format: invalid-2212.example.com
2025-08-13 22:22:20 - ⚠️ Line 2220: Invalid email format: invalid-2219.example.com
2025-08-13 22:22:20 - ⚠️ Line 2227: Invalid email format: invalid-2226.example.com
2025-08-13 22:22:20 - ⚠️ Line 2234: Invalid email format: invalid-2233.example.com
2025-08-13 22:22:20 - ⚠️ Line 2241: Invalid email format: invalid-2240.example.com
2025-08-13 22:22:20 - ⚠️ Line 2248: Invalid email format: invalid-2247.example.com
2025-08-13 22:22:20 - ⚠️ Line 2255: Invalid email format: invalid-2254.example.com
2025-08-13 22:22:20 - ⚠️ Line 2262: Invalid email format: invalid-2261.example.com
2025-08-13 22:22:20 - ⚠️ Line 2269: Invalid email format: invalid-2268.example.com
2025-08-13 22:22:20 - ⚠️ Line 2276: Invalid email format: invalid-2275.example.com
2025-08-13 22:22:20 - ⚠️ Line 2283: Invalid email format: invalid-2282.example.com
2025-08-13 22:22:20 - ⚠️ Line 2290: Invalid email format: invalid-2289.example.com
2025-08-13 22:22:20 - ⚠️ Line 2297: Invalid email format: invalid-2296.example.com
2025-08-13 22:22:20 - ⚠️ Line 2304: Invalid email format: invalid-2303.example.com
2025-08-13 22:22:20 - ⚠️ Line 2311: Invalid email format: invalid-2310.example.com
2025-08-13 22:22:20 - ⚠️ Line 2318: Invalid email format: invalid-2317.example.com
2025-08-13 22:22:20 - ⚠️ Line 2325: Invalid email format: invalid-2324.example.com
2025-08-13 22:22:20 - ⚠️ Line 2332: Invalid email format: invalid-2331.example.com
2025-08-13 22:22:20 - ⚠️ Line 2339: Invalid email format: invalid-2338.example.com
2025-08-13 22:22:20 - ⚠️ Line 2346: Invalid email format: invalid-2345.example.com
2025-08-13 22:22:20 - ⚠️ Line 2353: Invalid email format: invalid-2352.example.com
2025-08-13 22:22:20 - ⚠️ Line 2360: Invalid email format: invalid-2359.example.com
2025-08-13 22:22:20 - ⚠️ Line 2367: Invalid email format: invalid-2366.example.com
2025-08-13 22:22:20 - ⚠️ Line 2374: Invalid email format: invalid-2373.example.com
2025-08-13 22:22:20 - ⚠️ Line 2381: Invalid email format: invalid-2380.example.com
2025-08-13 22:22:20 - ⚠️ Line 2388: Invalid email format: invalid-2387.example.com
2025-08-13 22:22:20 - ⚠️ Line 2395: Invalid email format: invalid-2394.example.com
2025-08-13 22:22:20 - ⚠️ Line 2402: Invalid email format: invalid-2401.example.com
2025-08-13 22:22:20 - ⚠️ Line 2409: Invalid email format: invalid-2408.example.com
2025-08-13 22:22:20 - ⚠️ Line 2416: Invalid email format: invalid-2415.example.com
2025-08-13 22:22:20 - ⚠️ Line 2423: Invalid email format: invalid-2422.example.com
2025-08-13 22:22:20 - ⚠️ Line 2430: Invalid email format: invalid-2429.example.com
2025-08-13 22:22:20 - ⚠️ Line 2437: Invalid email format: invalid-2436.example.com
2025-08-13 22:22:20 - ⚠️ Line 2444: Invalid email format: invalid-2443.example.com
2025-08-13 22:22:20 - ⚠️ Line 2451: Invalid email format: invalid-2450.example.com
2025-08-13 22:22:20 - ⚠️ Line 2458: Invalid email format: invalid-2457.example.com
2025-08-13 22:22:20 - ⚠️ Line 2465: Invalid email format: invalid-2464.example.com
2025-08-13 22:22:20 - ⚠️ Line 2472: Invalid email format: invalid-2471.example.com
2025-08-13 22:22:20 - ⚠️ Line 2479: Invalid email format: invalid-2478.example.com
2025-08-13 22:22:20 - ⚠️ Line 2486: Invalid email format: invalid-2485.example.com
2025-08-13 22:22:20 - ⚠️ Line 2493: Invalid email format: invalid-2492.example.com
2025-08-13 22:22:20 - ⚠️ Line 2500: Invalid email format: invalid-2499.example.com
2025-08-13 22:22:20 - ⚠️ Line 2507: Invalid email format: invalid-2506.example.com
2025-08-13 22:22:20 - ⚠️ Line 2514: Invalid email format: invalid-2513.example.com
2025-08-13 22:22:20 - ⚠️ Line 2521: Invalid email format: invalid-2520.example.com
2025-08-13 22:22:20 - ⚠️ Line 2528: Invalid email format: invalid-2527.example.com
2025-08-13 22:22:20 - ⚠️ Line 2535: Invalid email format: invalid-2534.example.com
2025-08-13 22:22:20 - ⚠️ Line 2542: Invalid email format: invalid-2541.example.com
2025-08-13 22:22:20 - ⚠️ Line 2549: Invalid email format: invalid-2548.example.com
2025-08-13 22:22:20 - ⚠️ Line 2556: Invalid email format: invalid-2555.example.com
2025-08-13 22:22:20 - ⚠️ Line 2563: Invalid email format: invalid-2562.example.com
2025-08-13 22:22:20 - ⚠️ Line 2570: Invalid email format: invalid-2569.example.com
2025-08-13 22:22:20 - ⚠️ Line 2577: Invalid email format: invalid-2576.example.com
2025-08-13 22:22:20 - ⚠️ Line 2584: Invalid email format: invalid-2583.example.com
2025-08-13 22:22:20 - ⚠️ Line 2591: Invalid email format: invalid-2590.example.com
2025-08-13 22:22:20 - ⚠️ Line 2598: Invalid email format: invalid-2597.example.com
2025-08-13 22:22:20 - ⚠️ Line 2605: Invalid email format: invalid-2604.example.com
2025-08-13 22:22:20 - ⚠️ Line 2612: Invalid email format: invalid-2611.example.com
2025-08-13 22:22:20 - ⚠️ Line 2619: Invalid email format: invalid-2618.example.com
2025-08-13 22:22:20 - ⚠️ Line 2626: Invalid email format: invalid-2625.example.com
2025-08-13 22:22:20 - ⚠️ Line 2633: Invalid email format: invalid-2632.example.com
2025-08-13 22:22:20 - ⚠️ Line 2640: Invalid email format: invalid-2639.example.com
2025-08-13 22:22:20 - ⚠️ Line 2647: Invalid email format: invalid-2646.example.com
2025-08-13 22:22:20 - ⚠️ Line 2654: Invalid email format: invalid-2653.example.com
2025-08-13 22:22:20 - ⚠️ Line 2661: Invalid email format: invalid-2660.example.com
2025-08-13 22:22:20 - ⚠️ Line 2668: Invalid email format: invalid-2667.example.com
2025-08-13 22:22:20 - ⚠️ Line 2675: Invalid email format: invalid-2674.example.com
2025-08-13 22:22:20 - ⚠️ Line 2682: Invalid email format: invalid-2681.example.com
2025-08-13 22:22:20 - ⚠️ Line 2689: Invalid email format: invalid-2688.example.com
2025-08-13 22:22:20 - ⚠️ Line 2696: Invalid email format: invalid-2695.example.com
2025-08-13 22:22:20 - ⚠️ Line 2703: Invalid email format: invalid-2702.example.com
2025-08-13 22:22:20 - ⚠️ Line 2710: Invalid email format: invalid-2709.example.com
2025-08-13 22:22:20 - ⚠️ Line 2717: Invalid email format: invalid-2716.example.com
2025-08-13 22:22:20 - ⚠️ Line 2724: Invalid email format: invalid-2723.example.com
2025-08-13 22:22:20 - ⚠️ Line 2731: Invalid email format: invalid-2730.example.com
2025-08-13 22:22:20 - ⚠️ Line 2738: Invalid email format: invalid-2737.example.com
2025-08-13 22:22:20 - ⚠️ Line 2745: Invalid email format: invalid-2744.example.com
2025-08-13 22:22:20 - ⚠️ Line 2752: Invalid email format: invalid-2751.example.com
2025-08-13 22:22:20 - ⚠️ Line 2759: Invalid email format: invalid-2758.example.com
2025-08-13 22:22:20 - ⚠️ Line 2766: Invalid email format: invalid-2765.example.com
2025-08-13 22:22:20 - ⚠️ Line 2773: Invalid email format: invalid-2772.example.com
2025-08-13 22:22:20 - ⚠️ Line 2780: Invalid email format: invalid-2779.example.com
2025-08-13 22:22:20 - ⚠️ Line 2787: Invalid email format: invalid-2786.example.com
2025-08-13 22:22:20 - ⚠️ Line 2794: Invalid email format: invalid-2793.example.com
2025-08-13 22:22:20 - ⚠️ Line 2801: Invalid email format: invalid-2800.example.com
2025-08-13 22:22:20 - ⚠️ Line 2808: Invalid email format: invalid-2807.example.com
2025-08-13 22:22:20 - ⚠️ Line 2815: Invalid email format: invalid-2814.example.com
2025-08-13 22:22:20 - ⚠️ Line 2822: Invalid email format: invalid-2821.example.com
2025-08-13 22:22:20 - ⚠️ Line 2829: Invalid email format: invalid-2828.example.com
2025-08-13 22:22:20 - ⚠️ Line 2836: Invalid email format: invalid-2835.example.com
2025-08-13 22:22:20 - ⚠️ Line 2843: Invalid email format: invalid-2842.example.com
2025-08-13 22:22:20 - ⚠️ Line 2850: Invalid email format: invalid-2849.example.com
2025-08-13 22:22:20 - ⚠️ Line 2857: Invalid email format: invalid-2856.example.com
2025-08-13 22:22:20 - ⚠️ Line 2864: Invalid email format: invalid-2863.example.com
2025-08-13 22:22:20 - ⚠️ Line 2871: Invalid email format: invalid-2870.example.com
2025-08-13 22:22:20 - ⚠️ Line 2878: Invalid email format: invalid-2877.example.com
2025-08-13 22:22:20 - ⚠️ Line 2885: Invalid email format: invalid-2884.example.com
2025-08-13 22:22:20 - ⚠️ Line 2892: Invalid email format: invalid-2891.example.com
2025-08-13 22:22:20 - ⚠️ Line 2899: Invalid email format: invalid-2898.example.com
2025-08-13 22:22:20 - ⚠️ Line 2906: Invalid email format: invalid-2905.example.com
2025-08-13 22:22:20 - ⚠️ Line 2913: Invalid email format: invalid-2912.example.com
2025-08-13 22:22:20 - ⚠️ Line 2920: Invalid email format: invalid-2919.example.com
2025-08-13 22:22:20 - ⚠️ Line 2927: Invalid email format: invalid-2926.example.com
2025-08-13 22:22:20 - ⚠️ Line 2934: Invalid email format: invalid-2933.example.com
2025-08-13 22:22:20 - ⚠️ Line 2941: Invalid email format: invalid-2940.example.com
2025-08-13 22:22:20 - ⚠️ Line 2948: Invalid email format: invalid-2947.example.com
2025-08-13 22:22:20 - ⚠️ Line 2955: Invalid email format: invalid-2954.example.com
2025-08-13 22:22:20 - ⚠️ Line 2962: Invalid email format: invalid-2961.example.com
2025-08-13 22:22:20 - ⚠️ Line 2969: Invalid email format: invalid-2968.example.com
2025-08-13 22:22:20 - ⚠️ Line 2976: Invalid email format: invalid-2975.example.com
2025-08-13 22:22:20 - ⚠️ Line 2983: Invalid email format: invalid-2982.example.com
2025-08-13 22:22:20 - ⚠️ Line 2990: Invalid email format: invalid-2989.example.com
2025-08-13 22:22:20 - ⚠️ Line 2997: Invalid email format: invalid-2996.example.com
2025-08-13 22:22:20 - ⚠️ Line 3004: Invalid email format: invalid-3003.example.com
2025-08-13 22:22:20 - ⚠️ Line 3011: Invalid email format: invalid-3010.example.com
2025-08-13 22:22:20 - ⚠️ Line 3018: Invalid email format: invalid-3017.example.com
2025-08-13 22:22:20 - ⚠️ Line 3025: Invalid email format: invalid-3024.example.com
2025-08-13 22:22:20 - ⚠️ Line 3032: Invalid email format: invalid-3031.example.com
2025-08-13 22:22:20 - ⚠️ Line 3039: Invalid email format: invalid-3038.example.com
2025-08-13 22:22:20 - ⚠️ Line 3046: Invalid email format: invalid-3045.example.com
2025-08-13 22:22:20 - ⚠️ Line 3053: Invalid email format: invalid-3052.example.com
2025-08-13 22:22:20 - ⚠️ Line 3060: Invalid email format: invalid-3059.example.com
2025-08-13 22:22:20 - ⚠️ Line 3067: Invalid email format: invalid-3066.example.com
2025-08-13 22:22:20 - ⚠️ Line 3074: Invalid email format: invalid-3073.example.com
2025-08-13 22:22:20 - ⚠️ Line 3081: Invalid email format: invalid-3080.example.com
2025-08-13 22:22:20 - ⚠️ Line 3088: Invalid email format: invalid-3087.example.com
2025-08-13 22:22:20 - ⚠️ Line 3095: Invalid email format: invalid-3094.example.com
2025-08-13 22:22:20 - ⚠️ Line 3102: Invalid email format: invalid-3101.example.com
2025-08-13 22:22:20 - ⚠️ Line 3109: Invalid email format: invalid-3108.example.com
2025-08-13 22:22:20 - ⚠️ Line 3116: Invalid email format: invalid-3115.example.com
2025-08-13 22:22:20 - ⚠️ Line 3123: Invalid email format: invalid-3122.example.com
2025-08-13 22:22:20 - ⚠️ Line 3130: Invalid email format: invalid-3129.example.com
2025-08-13 22:22:20 - ⚠️ Line 3137: Invalid email format: invalid-3136.example.com
2025-08-13 22:22:20 - ⚠️ Line 3144: Invalid email format: invalid-3143.example.com
2025-08-13 22:22:20 - ⚠️ Line 3151: Invalid email format: invalid-3150.example.com
2025-08-13 22:22:20 - ⚠️ Line 3158: Invalid email format: invalid-3157.example.com
2025-08-13 22:22:20 - ⚠️ Line 3165: Invalid email format: invalid-3164.example.com
2025-08-13 22:22:20 - ⚠️ Line 3172: Invalid email format: invalid-3171.example.com
2025-08-13 22:22:20 - ⚠️ Line 3179: Invalid email format: invalid-3178.example.com
2025-08-13 22:22:20 - ⚠️ Line 3186: Invalid email format: invalid-3185.example.com
2025-08-13 22:22:20 - ⚠️ Line 3193: Invalid email format: invalid-3192.example.com
2025-08-13 22:22:20 - ⚠️ Line 3200: Invalid email format: invalid-3199.example.com
2025-08-13 22:22:20 - ⚠️ Line 3207: Invalid email format: invalid-3206.example.com
2025-08-13 22:22:20 - ⚠️ Line 3214: Invalid email format: invalid-3213.example.com
2025-08-13 22:22:20 - ⚠️ Line 3221: Invalid email format: invalid-3220.example.com
2025-08-13 22:22:20 - ⚠️ Line 3228: Invalid email format: invalid-3227.example.com
2025-08-13 22:22:20 - ⚠️ Line 3235: Invalid email format: invalid-3234.example.com
2025-08-13 22:22:20 - ⚠️ Line 3242: Invalid email format: invalid-3241.example.com
2025-08-13 22:22:20 - ⚠️ Line 3249: Invalid email format: invalid-3248.example.com
2025-08-13 22:22:20 - ⚠️ Line 3256: Invalid email format: invalid-3255.example.com
2025-08-13 22:22:20 - ⚠️ Line 3263: Invalid email format: invalid-3262.example.com
2025-08-13 22:22:20 - ⚠️ Line 3270: Invalid email format: invalid-3269.example.com
2025-08-13 22:22:20 - ⚠️ Line 3277: Invalid email format: invalid-3276.example.com
2025-08-13 22:22:20 - ⚠️ Line 3284: Invalid email format: invalid-3283.example.com
2025-08-13 22:22:20 - ⚠️ Line 3291: Invalid email format: invalid-3290.example.com
2025-08-13 22:22:20 - ⚠️ Line 3298: Invalid email format: invalid-3297.example.com
2025-08-13 22:22:20 - ⚠️ Line 3305: Invalid email format: invalid-3304.example.com
2025-08-13 22:22:20 - ⚠️ Line 3312: Invalid email format: invalid-3311.example.com
2025-08-13 22:22:20 - ⚠️ Line 3319: Invalid email format: invalid-3318.example.com
2025-08-13 22:22:20 - ⚠️ Line 3326: Invalid email format: invalid-3325.example.com
2025-08-13 22:22:20 - ⚠️ Line 3333: Invalid email format: invalid-3332.example.com
2025-08-13 22:22:20 - ⚠️ Line 3340: Invalid email format: invalid-3339.example.com
2025-08-13 22:22:20 - ⚠️ Line 3347: Invalid email format: invalid-3346.example.com
2025-08-13 22:22:20 - ⚠️ Line 3354: Invalid email format: invalid-3353.example.com
2025-08-13 22:22:20 - ⚠️ Line 3361: Invalid email format: invalid-3360.example.com
2025-08-13 22:22:20 - ⚠️ Line 3368: Invalid email format: invalid-3367.example.com
2025-08-13 22:22:20 - ⚠️ Line 3375: Invalid email format: invalid-3374.example.com
2025-08-13 22:22:20 - ⚠️ Line 3382: Invalid email format: invalid-3381.example.com
2025-08-13 22:22:20 - ⚠️ Line 3389: Invalid email format: invalid-3388.example.com
2025-08-13 22:22:20 - ⚠️ Line 3396: Invalid email format: invalid-3395.example.com
2025-08-13 22:22:20 - ⚠️ Line 3403: Invalid email format: invalid-3402.example.com
2025-08-13 22:22:20 - ⚠️ Line 3410: Invalid email format: invalid-3409.example.com
2025-08-13 22:22:20 - ⚠️ Line 3417: Invalid email format: invalid-3416.example.com
2025-08-13 22:22:20 - ⚠️ Line 3424: Invalid email format: invalid-3423.example.com
2025-08-13 22:22:20 - ⚠️ Line 3431: Invalid email format: invalid-3430.example.com
2025-08-13 22:22:20 - ⚠️ Line 3438: Invalid email format: invalid-3437.example.com
2025-08-13 22:22:20 - ⚠️ Line 3445: Invalid email format: invalid-3444.example.com
2025-08-13 22:22:20 - ⚠️ Line 3452: Invalid email format: invalid-3451.example.com
2025-08-13 22:22:20 - ⚠️ Line 3459: Invalid email format: invalid-3458.example.com
2025-08-13 22:22:20 - ⚠️ Line 3466: Invalid email format: invalid-3465.example.com
2025-08-13 22:22:20 - ⚠️ Line 3473: Invalid email format: invalid-3472.example.com
2025-08-13 22:22:20 - ⚠️ Line 3480: Invalid email format: invalid-3479.example.com
2025-08-13 22:22:20 - ⚠️ Line 3487: Invalid email format: invalid-3486.example.com
2025-08-13 22:22:20 - ⚠️ Line 3494: Invalid email format: invalid-3493.example.com
2025-08-13 22:22:20 - ⚠️ Line 3501: Invalid email format: invalid-3500.example.com
2025-08-13 22:22:20 - ⚠️ Line 3508: Invalid email format: invalid-3507.example.com
2025-08-13 22:22:20 - ⚠️ Line 3515: Invalid email format: invalid-3514.example.com
2025-08-13 22:22:20 - ⚠️ Line 3522: Invalid email format: invalid-3521.example.com
2025-08-13 22:22:20 - ⚠️ Line 3529: Invalid email format: invalid-3528.example.com
2025-08-13 22:22:20 - ⚠️ Line 3536: Invalid email format: invalid-3535.example.com
2025-08-13 22:22:20 - ⚠️ Line 3543: Invalid email format: invalid-3542.example.com
2025-08-13 22:22:20 - ⚠️ Line 3550: Invalid email format: invalid-3549.example.com
2025-08-13 22:22:20 - ⚠️ Line 3557: Invalid email format: invalid-3556.example.com
2025-08-13 22:22:20 - ⚠️ Line 3564: Invalid email format: invalid-3563.example.com
2025-08-13 22:22:20 - ⚠️ Line 3571: Invalid email format: invalid-3570.example.com
2025-08-13 22:22:20 - ⚠️ Line 3578: Invalid email format: invalid-3577.example.com
2025-08-13 22:22:20 - ⚠️ Line 3585: Invalid email format: invalid-3584.example.com
2025-08-13 22:22:20 - ⚠️ Line 3592: Invalid email format: invalid-3591.example.com
2025-08-13 22:22:20 - ⚠️ Line 3599: Invalid email format: invalid-3598.example.com
2025-08-13 22:22:20 - ⚠️ Line 3606: Invalid email format: invalid-3605.example.com
2025-08-13 22:22:20 - ⚠️ Line 3613: Invalid email format: invalid-3612.example.com
2025-08-13 22:22:20 - ⚠️ Line 3620: Invalid email format: invalid-3619.example.com
2025-08-13 22:22:20 - ⚠️ Line 3627: Invalid email format: invalid-3626.example.com
2025-08-13 22:22:20 - ⚠️ Line 3634: Invalid email format: invalid-3633.example.com
2025-08-13 22:22:20 - ⚠️ Line 3641: Invalid email format: invalid-3640.example.com
2025-08-13 22:22:20 - ⚠️ Line 3648: Invalid email format: invalid-3647.example.com
2025-08-13 22:22:20 - ⚠️ Line 3655: Invalid email format: invalid-3654.example.com
2025-08-13 22:22:20 - ⚠️ Line 3662: Invalid email format: invalid-3661.example.com
2025-08-13 22:22:20 - ⚠️ Line 3669: Invalid email format: invalid-3668.example.com
2025-08-13 22:22:20 - ⚠️ Line 3676: Invalid email format: invalid-3675.example.com
2025-08-13 22:22:20 - ⚠️ Line 3683: Invalid email format: invalid-3682.example.com
2025-08-13 22:22:20 - ⚠️ Line 3690: Invalid email format: invalid-3689.example.com
2025-08-13 22:22:20 - ⚠️ Line 3697: Invalid email format: invalid-3696.example.com
2025-08-13 22:22:20 - ⚠️ Line 3704: Invalid email format: invalid-3703.example.com
2025-08-13 22:22:20 - ⚠️ Line 3711: Invalid email format: invalid-3710.example.com
2025-08-13 22:22:20 - ⚠️ Line 3718: Invalid email format: invalid-3717.example.com
2025-08-13 22:22:20 - ⚠️ Line 3725: Invalid email format: invalid-3724.example.com
2025-08-13 22:22:20 - ⚠️ Line 3732: Invalid email format: invalid-3731.example.com
2025-08-13 22:22:20 - ⚠️ Line 3739: Invalid email format: invalid-3738.example.com
2025-08-13 22:22:20 - ⚠️ Line 3746: Invalid email format: invalid-3745.example.com
2025-08-13 22:22:20 - ⚠️ Line 3753: Invalid email format: invalid-3752.example.com
2025-08-13 22:22:20 - ⚠️ Line 3760: Invalid email format: invalid-3759.example.com
2025-08-13 22:22:20 - ⚠️ Line 3767: Invalid email format: invalid-3766.example.com
2025-08-13 22:22:20 - ⚠️ Line 3774: Invalid email format: invalid-3773.example.com
2025-08-13 22:22:20 - ⚠️ Line 3781: Invalid email format: invalid-3780.example.com
2025-08-13 22:22:20 - ⚠️ Line 3788: Invalid email format: invalid-3787.example.com
2025-08-13 22:22:20 - ⚠️ Line 3795: Invalid email format: invalid-3794.example.com
2025-08-13 22:22:20 - ⚠️ Line 3802: Invalid email format: invalid-3801.example.com
2025-08-13 22:22:20 - ⚠️ Line 3809: Invalid email format: invalid-3808.example.com
2025-08-13 22:22:20 - ⚠️ Line 3816: Invalid email format: invalid-3815.example.com
2025-08-13 22:22:20 - ⚠️ Line 3823: Invalid email format: invalid-3822.example.com
2025-08-13 22:22:20 - ⚠️ Line 3830: Invalid email format: invalid-3829.example.com
2025-08-13 22:22:20 - ⚠️ Line 3837: Invalid email format: invalid-3836.example.com
2025-08-13 22:22:20 - ⚠️ Line 3844: Invalid email format: invalid-3843.example.com
2025-08-13 22:22:20 - ⚠️ Line 3851: Invalid email format: invalid-3850.example.com
2025-08-13 22:22:20 - ⚠️ Line 3858: Invalid email format: invalid-3857.example.com
2025-08-13 22:22:20 - ⚠️ Line 3865: Invalid email format: invalid-3864.example.com
2025-08-13 22:22:20 - ⚠️ Line 3872: Invalid email format: invalid-3871.example.com
2025-08-13 22:22:20 - ⚠️ Line 3879: Invalid email format: invalid-3878.example.com
2025-08-13 22:22:20 - ⚠️ Line 3886: Invalid email format: invalid-3885.example.com
2025-08-13 22:22:20 - ⚠️ Line 3893: Invalid email format: invalid-3892.example.com
2025-08-13 22:22:20 - ⚠️ Line 3900: Invalid email format: invalid-3899.example.com
2025-08-13 22:22:20 - ⚠️ Line 3907: Invalid email format: invalid-3906.example.com
2025-08-13 22:22:20 - ⚠️ Line 3914: Invalid email format: invalid-3913.example.com
2025-08-13 22:22:20 - ⚠️ Line 3921: Invalid email format: invalid-3920.example.com
2025-08-13 22:22:20 - ⚠️ Line 3928: Invalid email format: invalid-3927.example.com
2025-08-13 22:22:20 - ⚠️ Line 3935: Invalid email format: invalid-3934.example.com
2025-08-13 22:22:20 - ⚠️ Line 3942: Invalid email format: invalid-3941.example.com
2025-08-13 22:22:20 - ⚠️ Line 3949: Invalid email format: invalid-3948.example.com
2025-08-13 22:22:20 - ⚠️ Line 3956: Invalid email format: invalid-3955.example.com
2025-08-13 22:22:20 - ⚠️ Line 3963: Invalid email format: invalid-3962.example.com
2025-08-13 22:22:20 - ⚠️ Line 3970: Invalid email format: invalid-3969.example.com
2025-08-13 22:22:20 - ⚠️ Line 3977: Invalid email format: invalid-3976.example.com
2025-08-13 22:22:20 - ⚠️ Line 3984: Invalid email format: invalid-3983.example.com
2025-08-13 22:22:20 - ⚠️ Line 3991: Invalid email format: invalid-3990.example.com
2025-08-13 22:22:20 - ⚠️ Line 3998: Invalid email format: invalid-3997.example.com
2025-08-13 22:22:20 - ⚠️ Line 4005: Invalid email format: invalid-4004.example.com
2025-08-13 22:22:20 - ⚠️ Line 4012: Invalid email format: invalid-4011.example.com
2025-08-13 22:22:20 - ⚠️ Line 4019: Invalid email format: invalid-4018.example.com
2025-08-13 22:22:20 - ⚠️ Line 4026: Invalid email format: invalid-4025.example.com
2025-08-13 22:22:20 - ⚠️ Line 4033: Invalid email format: invalid-4032.example.com
2025-08-13 22:22:20 - ⚠️ Line 4040: Invalid email format: invalid-4039.example.com
2025-08-13 22:22:20 - ⚠️ Line 4047: Invalid email format: invalid-4046.example.com
2025-08-13 22:22:20 - ⚠️ Line 4054: Invalid email format: invalid-4053.example.com
2025-08-13 22:22:20 - ⚠️ Line 4061: Invalid email format: invalid-4060.example.com
2025-08-13 22:22:20 - ⚠️ Line 4068: Invalid email format: invalid-4067.example.com
2025-08-13 22:22:20 - ⚠️ Line 4075: Invalid email format: invalid-4074.example.com
2025-08-13 22:22:20 - ⚠️ Line 4082: Invalid email format: invalid-4081.example.com
2025-08-13 22:22:20 - ⚠️ Line 4089: Invalid email format: invalid-4088.example.com
2025-08-13 22:22:20 - ⚠️ Line 4096: Invalid email format: invalid-4095.example.com
2025-08-13 22:22:20 - ⚠️ Line 4103: Invalid email format: invalid-4102.example.com
2025-08-13 22:22:20 - ⚠️ Line 4110: Invalid email format: invalid-4109.example.com
2025-08-13 22:22:20 - ⚠️ Line 4117: Invalid email format: invalid-4116.example.com
2025-08-13 22:22:20 - ⚠️ Line 4124: Invalid email format: invalid-4123.example.com
2025-08-13 22:22:20 - ⚠️ Line 4131: Invalid email format: invalid-4130.example.com
2025-08-13 22:22:20 - ⚠️ Line 4138: Invalid email format: invalid-4137.example.com
2025-08-13 22:22:20 - ⚠️ Line 4145: Invalid email format: invalid-4144.example.com
2025-08-13 22:22:20 - ⚠️ Line 4152: Invalid email format: invalid-4151.example.com
2025-08-13 22:22:20 - ⚠️ Line 4159: Invalid email format: invalid-4158.example.com
2025-08-13 22:22:20 - ⚠️ Line 4166: Invalid email format: invalid-4165.example.com
2025-08-13 22:22:20 - ⚠️ Line 4173: Invalid email format: invalid-4172.example.com
2025-08-13 22:22:20 - ⚠️ Line 4180: Invalid email format: invalid-4179.example.com
2025-08-13 22:22:20 - ⚠️ Line 4187: Invalid email format: invalid-4186.example.com
2025-08-13 22:22:20 - ⚠️ Line 4194: Invalid email format: invalid-4193.example.com
2025-08-13 22:22:20 - ⚠️ Line 4201: Invalid email format: invalid-4200.example.com
2025-08-13 22:22:20 - ⚠️ Line 4208: Invalid email format: invalid-4207.example.com
2025-08-13 22:22:20 - ⚠️ Line 4215: Invalid email format: invalid-4214.example.com
2025-08-13 22:22:20 - ⚠️ Line 4222: Invalid email format: invalid-4221.example.com
2025-08-13 22:22:20 - ⚠️ Line 4229: Invalid email format: invalid-4228.example.com
2025-08-13 22:22:20 - ⚠️ Line 4236: Invalid email format: invalid-4235.example.com
2025-08-13 22:22:20 - ⚠️ Line 4243: Invalid email format: invalid-4242.example.com
2025-08-13 22:22:20 - ⚠️ Line 4250: Invalid email format: invalid-4249.example.com
2025-08-13 22:22:20 - ⚠️ Line 4257: Invalid email format: invalid-4256.example.com
2025-08-13 22:22:20 - ⚠️ Line 4264: Invalid email format: invalid-4263.example.com
2025-08-13 22:22:20 - ⚠️ Line 4271: Invalid email format: invalid-4270.example.com
2025-08-13 22:22:20 - ⚠️ Line 4278: Invalid email format: invalid-4277.example.com
2025-08-13 22:22:20 - ⚠️ Line 4285: Invalid email format: invalid-4284.example.com
2025-08-13 22:22:20 - ⚠️ Line 4292: Invalid email format: invalid-4291.example.com
2025-08-13 22:22:20 - ⚠️ Line 4299: Invalid email format: invalid-4298.example.com
2025-08-13 22:22:20 - ⚠️ Line 4306: Invalid email format: invalid-4305.example.com
2025-08-13 22:22:20 - ⚠️ Line 4313: Invalid email format: invalid-4312.example.com
2025-08-13 22:22:20 - ⚠️ Line 4320: Invalid email format: invalid-4319.example.com
2025-08-13 22:22:20 - ⚠️ Line 4327: Invalid email format: invalid-4326.example.com
2025-08-13 22:22:20 - ⚠️ Line 4334: Invalid email format: invalid-4333.example.com
2025-08-13 22:22:20 - ⚠️ Line 4341: Invalid email format: invalid-4340.example.com
2025-08-13 22:22:20 - ⚠️ Line 4348: Invalid email format: invalid-4347.example.com
2025-08-13 22:22:20 - ⚠️ Line 4355: Invalid email format: invalid-4354.example.com
2025-08-13 22:22:20 - ⚠️ Line 4362: Invalid email format: invalid-4361.example.com
2025-08-13 22:22:20 - ⚠️ Line 4369: Invalid email format: invalid-4368.example.com
2025-08-13 22:22:20 - ⚠️ Line 4376: Invalid email format: invalid-4375.example.com
2025-08-13 22:22:20 - ⚠️ Line 4383: Invalid email format: invalid-4382.example.com
2025-08-13 22:22:20 - ⚠️ Line 4390: Invalid email format: invalid-4389.example.com
2025-08-13 22:22:20 - ⚠️ Line 4397: Invalid email format: invalid-4396.example.com
2025-08-13 22:22:20 - ⚠️ Line 4404: Invalid email format: invalid-4403.example.com
2025-08-13 22:22:20 - ⚠️ Line 4411: Invalid email format: invalid-4410.example.com
2025-08-13 22:22:20 - ⚠️ Line 4418: Invalid email format: invalid-4417.example.com
2025-08-13 22:22:20 - ⚠️ Line 4425: Invalid email format: invalid-4424.example.com
2025-08-13 22:22:20 - ⚠️ Line 4432: Invalid email format: invalid-4431.example.com
2025-08-13 22:22:20 - ⚠️ Line 4439: Invalid email format: invalid-4438.example.com
2025-08-13 22:22:20 - ⚠️ Line 4446: Invalid email format: invalid-4445.example.com
2025-08-13 22:22:20 - ⚠️ Line 4453: Invalid email format: invalid-4452.example.com
2025-08-13 22:22:20 - ⚠️ Line 4460: Invalid email format: invalid-4459.example.com
2025-08-13 22:22:20 - ⚠️ Line 4467: Invalid email format: invalid-4466.example.com
2025-08-13 22:22:20 - ⚠️ Line 4474: Invalid email format: invalid-4473.example.com
2025-08-13 22:22:20 - ⚠️ Line 4481: Invalid email format: invalid-4480.example.com
2025-08-13 22:22:20 - ⚠️ Line 4488: Invalid email format: invalid-4487.example.com
2025-08-13 22:22:20 - ⚠️ Line 4495: Invalid email format: invalid-4494.example.com
2025-08-13 22:22:20 - ⚠️ Line 4502: Invalid email format: invalid-4501.example.com
2025-08-13 22:22:20 - ⚠️ Line 4509: Invalid email format: invalid-4508.example.com
2025-08-13 22:22:20 - ⚠️ Line 4516: Invalid email format: invalid-4515.example.com
2025-08-13 22:22:20 - ⚠️ Line 4523: Invalid email format: invalid-4522.example.com
2025-08-13 22:22:20 - ⚠️ Line 4530: Invalid email format: invalid-4529.example.com
2025-08-13 22:22:20 - ⚠️ Line 4537: Invalid email format: invalid-4536.example.com
2025-08-13 22:22:20 - ⚠️ Line 4544: Invalid email format: invalid-4543.example.com
2025-08-13 22:22:20 - ⚠️ Line 4551: Invalid email format: invalid-4550.example.com
2025-08-13 22:22:20 - ⚠️ Line 4558: Invalid email format: invalid-4557.example.com
2025-08-13 22:22:20 - ⚠️ Line 4565: Invalid email format: invalid-4564.example.com
2025-08-13 22:22:20 - ⚠️ Line 4572: Invalid email format: invalid-4571.example.com
2025-08-13 22:22:20 - ⚠️ Line 4579: Invalid email format: invalid-4578.example.com
2025-08-13 22:22:20 - ⚠️ Line 4586: Invalid email format: invalid-4585.example.com
2025-08-13 22:22:20 - ⚠️ Line 4593: Invalid email format: invalid-4592.example.com
2025-08-13 22:22:20 - ⚠️ Line 4600: Invalid email format: invalid-4599.example.com
2025-08-13 22:22:20 - ⚠️ Line 4607: Invalid email format: invalid-4606.example.com
2025-08-13 22:22:20 - ⚠️ Line 4614: Invalid email format: invalid-4613.example.com
2025-08-13 22:22:20 - ⚠️ Line 4621: Invalid email format: invalid-4620.example.com
2025-08-13 22:22:20 - ⚠️ Line 4628: Invalid email format: invalid-4627.example.com
2025-08-13 22:22:20 - ⚠️ Line 4635: Invalid email format: invalid-4634.example.com
2025-08-13 22:22:20 - ⚠️ Line 4642: Invalid email format: invalid-4641.example.com
2025-08-13 22:22:20 - ⚠️ Line 4649: Invalid email format: invalid-4648.example.com
2025-08-13 22:22:20 - ⚠️ Line 4656: Invalid email format: invalid-4655.example.com
2025-08-13 22:22:20 - ⚠️ Line 4663: Invalid email format: invalid-4662.example.com
2025-08-13 22:22:20 - ⚠️ Line 4670: Invalid email format: invalid-4669.example.com
2025-08-13 22:22:20 - ⚠️ Line 4677: Invalid email format: invalid-4676.example.com
2025-08-13 22:22:20 - ⚠️ Line 4684: Invalid email format: invalid-4683.example.com
2025-08-13 22:22:20 - ⚠️ Line 4691: Invalid email format: invalid-4690.example.com
2025-08-13 22:22:20 - ⚠️ Line 4698: Invalid email format: invalid-4697.example.com
2025-08-13 22:22:20 - ⚠️ Line 4705: Invalid email format: invalid-4704.example.com
2025-08-13 22:22:20 - ⚠️ Line 4712: Invalid email format: invalid-4711.example.com
2025-08-13 22:22:20 - ⚠️ Line 4719: Invalid email format: invalid-4718.example.com
2025-08-13 22:22:20 - ⚠️ Line 4726: Invalid email format: invalid-4725.example.com
2025-08-13 22:22:20 - ⚠️ Line 4733: Invalid email format: invalid-4732.example.com
2025-08-13 22:22:20 - ⚠️ Line 4740: Invalid email format: invalid-4739.example.com
2025-08-13 22:22:20 - ⚠️ Line 4747: Invalid email format: invalid-4746.example.com
2025-08-13 22:22:20 - ⚠️ Line 4754: Invalid email format: invalid-4753.example.com
2025-08-13 22:22:20 - ⚠️ Line 4761: Invalid email format: invalid-4760.example.com
2025-08-13 22:22:20 - ⚠️ Line 4768: Invalid email format: invalid-4767.example.com
2025-08-13 22:22:20 - ⚠️ Line 4775: Invalid email format: invalid-4774.example.com
2025-08-13 22:22:20 - ⚠️ Line 4782: Invalid email format: invalid-4781.example.com
2025-08-13 22:22:20 - ⚠️ Line 4789: Invalid email format: invalid-4788.example.com
2025-08-13 22:22:20 - ⚠️ Line 4796: Invalid email format: invalid-4795.example.com
2025-08-13 22:22:20 - ⚠️ Line 4803: Invalid email format: invalid-4802.example.com
2025-08-13 22:22:20 - ⚠️ Line 4810: Invalid email format: invalid-4809.example.com
2025-08-13 22:22:20 - ⚠️ Line 4817: Invalid email format: invalid-4816.example.com
2025-08-13 22:22:20 - ⚠️ Line 4824: Invalid email format: invalid-4823.example.com
2025-08-13 22:22:20 - ⚠️ Line 4831: Invalid email format: invalid-4830.example.com
2025-08-13 22:22:20 - ⚠️ Line 4838: Invalid email format: invalid-4837.example.com
2025-08-13 22:22:20 - ⚠️ Line 4845: Invalid email format: invalid-4844.example.com
2025-08-13 22:22:20 - ⚠️ Line 4852: Invalid email format: invalid-4851.example.com
2025-08-13 22:22:20 - ⚠️ Line 4859: Invalid email format: invalid-4858.example.com
2025-08-13 22:22:20 - ⚠️ Line 4866: Invalid email format: invalid-4865.example.com
2025-08-13 22:22:20 - ⚠️ Line 4873: Invalid email format: invalid-4872.example.com
2025-08-13 22:22:20 - ⚠️ Line 4880: Invalid email format: invalid-4879.example.com
2025-08-13 22:22:20 - ⚠️ Line 4887: Invalid email format: invalid-4886.example.com
2025-08-13 22:22:20 - ⚠️ Line 4894: Invalid email format: invalid-4893.example.com
2025-08-13 22:22:20 - ⚠️ Line 4901: Invalid email format: invalid-4900.example.com
2025-08-13 22:22:20 - ⚠️ Line 4908: Invalid email format: invalid-4907.example.com
2025-08-13 22:22:20 - ⚠️ Line 4915: Invalid email format: invalid-4914.example.com
2025-08-13 22:22:20 - ⚠️ Line 4922: Invalid email format: invalid-4921.example.com
2025-08-13 22:22:20 - ⚠️ Line 4929: Invalid email format: invalid-4928.example.com
2025-08-13 22:22:20 - ⚠️ Line 4936: Invalid email format: invalid-4935.example.com
2025-08-13 22:22:20 - ⚠️ Line 4943: Invalid email format: invalid-4942.example.com
2025-08-13 22:22:20 - ⚠️ Line 4950: Invalid email format: invalid-4949.example.com
2025-08-13 22:22:20 - ⚠️ Line 4957: Invalid email format: invalid-4956.example.com
2025-08-13 22:22:20 - ⚠️ Line 4964: Invalid email format: invalid-4963.example.com
2025-08-13 22:22:20 - ⚠️ Line 4971: Invalid email format: invalid-4970.example.com
2025-08-13 22:22:20 - ⚠️ Line 4978: Invalid email format: invalid-4977.example.com
2025-08-13 22:22:20 - ⚠️ Line 4985: Invalid email format: invalid-4984.example.com
2025-08-13 22:22:20 - ⚠️ Line 4992: Invalid email format: invalid-4991.example.com
2025-08-13 22:22:20 - ⚠️ Line 4999: Invalid email format: invalid-4998.example.com
2025-08-13 22:22:20 - ⚠️ Line 5006: Invalid email format: invalid-5005.example.com
2025-08-13 22:22:20 - ⚠️ Line 5013: Invalid email format: invalid-5012.example.com
2025-08-13 22:22:20 - ⚠️ Line 5020: Invalid email format: invalid-5019.example.com
2025-08-13 22:22:20 - ⚠️ Line 5027: Invalid email format: invalid-5026.example.com
2025-08-13 22:22:20 - ⚠️ Line 5034: Invalid email format: invalid-5033.example.com
2025-08-13 22:22:20 - ⚠️ Line 5041: Invalid email format: invalid-5040.example.com
2025-08-13 22:22:20 - ⚠️ Line 5048: Invalid email format: invalid-5047.example.com
2025-08-13 22:22:20 - ⚠️ Line 5055: Invalid email format: invalid-5054.example.com
2025-08-13 22:22:20 - ⚠️ Line 5062: Invalid email format: invalid-5061.example.com
2025-08-13 22:22:20 - ⚠️ Line 5069: Invalid email format: invalid-5068.example.com
2025-08-13 22:22:20 - ⚠️ Line 5076: Invalid email format: invalid-5075.example.com
2025-08-13 22:22:20 - ⚠️ Line 5083: Invalid email format: invalid-5082.example.com
2025-08-13 22:22:20 - ⚠️ Line 5090: Invalid email format: invalid-5089.example.com
2025-08-13 22:22:20 - ⚠️ Line 5097: Invalid email format: invalid-5096.example.com
2025-08-13 22:22:20 - ⚠️ Line 5104: Invalid email format: invalid-5103.example.com
2025-08-13 22:22:20 - ⚠️ Line 5111: Invalid email format: invalid-5110.example.com
2025-08-13 22:22:20 - ⚠️ Line 5118: Invalid email format: invalid-5117.example.com
2025-08-13 22:22:20 - ⚠️ Line 5125: Invalid email format: invalid-5124.example.com
[...]
	at org.junit.platform.engine.support.hierarchical.NodeTestTask.execute(NodeTestTask.java:95)
	at java.base/java.util.ArrayList.forEach(ArrayList.java:1511)
	at org.junit.platform.engine.support.hierarchical.SameThreadHierarchicalTestExecutorService.invokeAll(SameThreadHierarchicalTestExecutorService.java:41)
	at org.junit.platform.engine.support.hierarchical.NodeTestTask.lambda$executeRecursively$6(NodeTestTask.java:155)
	at org.junit.platform.engine.support.hierarchical.ThrowableCollector.execute(ThrowableCollector.java:73)
	at org.junit.platform.engine.support.hierarchical.NodeTestTask.lambda$executeRecursively$8(NodeTestTask.java:141)
	at org.junit.platform.engine.support.hierarchical.Node.around(Node.java:137)
	at org.junit.platform.engine.support.hierarchical.NodeTestTask.lambda$executeRecursively$9(NodeTestTask.java:139)
	at org.junit.platform.engine.support.hierarchical.ThrowableCollector.execute(ThrowableCollector.java:73)
	at org.junit.platform.engine.support.hierarchical.NodeTestTask.executeRecursively(NodeTestTask.java:138)
	at org.junit.platform.engine.support.hierarchical.NodeTestTask.execute(NodeTestTask.java:95)
	at java.base/java.util.ArrayList.forEach(ArrayList.java:1511)
	at org.junit.platform.engine.support.hierarchical.SameThreadHierarchicalTestExecutorService.invokeAll(SameThreadHierarchicalTestExecutorService.java:41)
	at org.junit.platform.engine.support.hierarchical.NodeTestTask.lambda$executeRecursively$6(NodeTestTask.java:155)
	at org.junit.platform.engine.support.hierarchical.ThrowableCollector.execute(ThrowableCollector.java:73)
	at org.junit.platform.engine.support.hierarchical.NodeTestTask.lambda$executeRecursively$8(NodeTestTask.java:141)
	at org.junit.platform.engine.support.hierarchical.Node.around(Node.java:137)
	at org.junit.platform.engine.support.hierarchical.NodeTestTask.lambda$executeRecursively$9(NodeTestTask.java:139)
	at org.junit.platform.engine.support.hierarchical.ThrowableCollector.execute(ThrowableCollector.java:73)
	at org.junit.platform.engine.support.hierarchical.NodeTestTask.executeRecursively(NodeTestTask.java:138)
	at org.junit.platform.engine.support.hierarchical.NodeTestTask.execute(NodeTestTask.java:95)
	at org.junit.platform.engine.support.hierarchical.SameThreadHierarchicalTestExecutorService.submit(SameThreadHierarchicalTestExecutorService.java:35)
	at org.junit.platform.engine.support.hierarchical.HierarchicalTestExecutor.execute(HierarchicalTestExecutor.java:57)
	at org.junit.platform.engine.support.hierarchical.HierarchicalTestEngine.execute(HierarchicalTestEngine.java:54)
	at org.junit.platform.launcher.core.EngineExecutionOrchestrator.execute(EngineExecutionOrchestrator.java:198)
	at org.junit.platform.launcher.core.EngineExecutionOrchestrator.execute(EngineExecutionOrchestrator.java:169)
	at org.junit.platform.launcher.core.EngineExecutionOrchestrator.execute(EngineExecutionOrchestrator.java:93)
	at org.junit.platform.launcher.core.EngineExecutionOrchestrator.lambda$execute$0(EngineExecutionOrchestrator.java:58)
	at org.junit.platform.launcher.core.EngineExecutionOrchestrator.withInterceptedStreams(EngineExecutionOrchestrator.java:141)
	at org.junit.platform.launcher.core.EngineExecutionOrchestrator.execute(EngineExecutionOrchestrator.java:57)
	at org.junit.platform.launcher.core.DefaultLauncher.execute(DefaultLauncher.java:103)
	at org.junit.platform.launcher.core.DefaultLauncher.execute(DefaultLauncher.java:85)
	at org.junit.platform.launcher.core.DelegatingLauncher.execute(DelegatingLauncher.java:47)
	at org.apache.maven.surefire.junitplatform.LazyLauncher.execute(LazyLauncher.java:56)
	at org.apache.maven.surefire.junitplatform.JUnitPlatformProvider.execute(JUnitPlatformProvider.java:184)
	at org.apache.maven.surefire.junitplatform.JUnitPlatformProvider.invokeAllTests(JUnitPlatformProvider.java:148)
	at org.apache.maven.surefire.junitplatform.JUnitPlatformProvider.invoke(JUnitPlatformProvider.java:122)
	at org.apache.maven.surefire.booter.ForkedBooter.runSuitesInProcess(ForkedBooter.java:385)
	at org.apache.maven.surefire.booter.ForkedBooter.execute(ForkedBooter.java:162)
	at org.apache.maven.surefire.booter.ForkedBooter.run(ForkedBooter.java:507)
	at org.apache.maven.surefire.booter.ForkedBooter.main(ForkedBooter.java:495)
Caused by: java.lang.RuntimeException: Simulated hard failure for demonstration
	at com.example.springbatchtutorial.config.BatchConfig.lambda$1(BatchConfig.java:520)
	at jdk.internal.reflect.GeneratedMethodAccessor41.invoke(Unknown Source)
	at java.base/jdk.internal.reflect.DelegatingMethodAccessorImpl.invoke(DelegatingMethodAccessorImpl.java:43)
	at java.base/java.lang.reflect.Method.invoke(Method.java:568)
	at org.springframework.aop.support.AopUtils.invokeJoinpointUsingReflection(AopUtils.java:352)
	at org.springframework.aop.framework.ReflectiveMethodInvocation.invokeJoinpoint(ReflectiveMethodInvocation.java:196)
	at org.springframework.aop.framework.ReflectiveMethodInvocation.proceed(ReflectiveMethodInvocation.java:163)
	at org.springframework.aop.support.DelegatingIntroductionInterceptor.doProceed(DelegatingIntroductionInterceptor.java:137)
	at org.springframework.aop.support.DelegatingIntroductionInterceptor.invoke(DelegatingIntroductionInterceptor.java:124)
	at org.springframework.aop.framework.ReflectiveMethodInvocation.proceed(ReflectiveMethodInvocation.java:184)
	at org.springframework.aop.framework.JdkDynamicAopProxy.invoke(JdkDynamicAopProxy.java:249)
	at jdk.proxy2/jdk.proxy2.$Proxy155.process(Unknown Source)
	at jdk.internal.reflect.GeneratedMethodAccessor41.invoke(Unknown Source)
	at java.base/jdk.internal.reflect.DelegatingMethodAccessorImpl.invoke(DelegatingMethodAccessorImpl.java:43)
	at java.base/java.lang.reflect.Method.invoke(Method.java:568)
	at org.springframework.aop.support.AopUtils.invokeJoinpointUsingReflection(AopUtils.java:352)
	at org.springframework.aop.framework.JdkDynamicAopProxy.invoke(JdkDynamicAopProxy.java:242)
	at jdk.proxy2/jdk.proxy2.$Proxy148.process(Unknown Source)
	at org.springframework.batch.core.step.item.SimpleChunkProcessor.doProcess(SimpleChunkProcessor.java:146)
	at org.springframework.batch.core.step.item.FaultTolerantChunkProcessor.lambda$transform$0(FaultTolerantChunkProcessor.java:228)
	at org.springframework.retry.support.RetryTemplate.doExecute(RetryTemplate.java:329)
	... 96 more

2025-08-13 22:23:32 - 📋 Step Execution Summary:
2025-08-13 22:23:32 -    📝 Step: step1SaveToDatabase - Status: COMPLETED - Read: 25 - Write: 25 - Skip: 0
2025-08-13 22:23:32 -    ⏱️ Step Duration: 4 ms
2025-08-13 22:23:32 -    📝 Step: step2CalculateAge - Status: FAILED - Read: 25 - Write: 0 - Skip: 0
2025-08-13 22:23:32 -    ⏱️ Step Duration: 7 ms
2025-08-13 22:23:32 - ❌ JOB FAILED!
2025-08-13 22:23:32 - 🔍 Failure Exceptions:
2025-08-13 22:23:32 -    ❌ Exception: Non-skippable exception in recoverer while processing
org.springframework.retry.RetryException: Non-skippable exception in recoverer while processing
	at org.springframework.batch.core.step.item.FaultTolerantChunkProcessor.lambda$transform$1(FaultTolerantChunkProcessor.java:284)
	at org.springframework.retry.support.RetryTemplate.handleRetryExhausted(RetryTemplate.java:543)
	at org.springframework.retry.support.RetryTemplate.doExecute(RetryTemplate.java:389)
	at org.springframework.retry.support.RetryTemplate.execute(RetryTemplate.java:255)
	at org.springframework.batch.core.step.item.BatchRetryTemplate.execute(BatchRetryTemplate.java:216)
	at org.springframework.batch.core.step.item.FaultTolerantChunkProcessor.transform(FaultTolerantChunkProcessor.java:291)
	at org.springframework.batch.core.step.item.SimpleChunkProcessor.process(SimpleChunkProcessor.java:220)
	at org.springframework.batch.core.step.item.ChunkOrientedTasklet.execute(ChunkOrientedTasklet.java:75)
	at org.springframework.batch.core.step.tasklet.TaskletStep$ChunkTransactionCallback.doInTransaction(TaskletStep.java:388)
	at org.springframework.batch.core.step.tasklet.TaskletStep$ChunkTransactionCallback.doInTransaction(TaskletStep.java:312)
	at org.springframework.transaction.support.TransactionTemplate.execute(TransactionTemplate.java:140)
	at org.springframework.batch.core.step.tasklet.TaskletStep$2.doInChunkContext(TaskletStep.java:255)
	at org.springframework.batch.core.scope.context.StepContextRepeatCallback.doInIteration(StepContextRepeatCallback.java:82)
	at org.springframework.batch.repeat.support.RepeatTemplate.getNextResult(RepeatTemplate.java:369)
	at org.springframework.batch.repeat.support.RepeatTemplate.executeInternal(RepeatTemplate.java:206)
	at org.springframework.batch.repeat.support.RepeatTemplate.iterate(RepeatTemplate.java:140)
	at org.springframework.batch.core.step.tasklet.TaskletStep.doExecute(TaskletStep.java:240)
	at org.springframework.batch.core.step.AbstractStep.execute(AbstractStep.java:229)
	at org.springframework.batch.core.job.SimpleStepHandler.handleStep(SimpleStepHandler.java:153)
	at org.springframework.batch.core.job.AbstractJob.handleStep(AbstractJob.java:418)
	at org.springframework.batch.core.job.SimpleJob.doExecute(SimpleJob.java:132)
	at org.springframework.batch.core.job.AbstractJob.execute(AbstractJob.java:317)
	at org.springframework.batch.core.launch.support.SimpleJobLauncher$1.run(SimpleJobLauncher.java:157)
	at org.springframework.core.task.SyncTaskExecutor.execute(SyncTaskExecutor.java:50)
	at org.springframework.batch.core.launch.support.SimpleJobLauncher.run(SimpleJobLauncher.java:148)
	at org.springframework.batch.core.launch.support.TaskExecutorJobLauncher.run(TaskExecutorJobLauncher.java:59)
	at org.springframework.batch.test.JobLauncherTestUtils.launchJob(JobLauncherTestUtils.java:146)
	at com.example.springbatchtutorial.ScenarioIntegrationTests.failScenario_failsImmediately(ScenarioIntegrationTests.java:73)
	at java.base/jdk.internal.reflect.NativeMethodAccessorImpl.invoke0(Native Method)
	at java.base/jdk.internal.reflect.NativeMethodAccessorImpl.invoke(NativeMethodAccessorImpl.java:77)
	at java.base/jdk.internal.reflect.DelegatingMethodAccessorImpl.invoke(DelegatingMethodAccessorImpl.java:43)
	at java.base/java.lang.reflect.Method.invoke(Method.java:568)
	at org.junit.platform.commons.util.ReflectionUtils.invokeMethod(ReflectionUtils.java:728)
	at org.junit.jupiter.engine.execution.MethodInvocation.proceed(MethodInvocation.java:60)
	at org.junit.jupiter.engine.execution.InvocationInterceptorChain$ValidatingInvocation.proceed(InvocationInterceptorChain.java:131)
	at org.junit.jupiter.engine.extension.TimeoutExtension.intercept(TimeoutExtension.java:156)
	at org.junit.jupiter.engine.extension.TimeoutExtension.interceptTestableMethod(TimeoutExtension.java:147)
	at org.junit.jupiter.engine.extension.TimeoutExtension.interceptTestMethod(TimeoutExtension.java:86)
	at org.junit.jupiter.engine.execution.InterceptingExecutableInvoker$ReflectiveInterceptorCall.lambda$ofVoidMethod$0(InterceptingExecutableInvoker.java:103)
	at org.junit.jupiter.engine.execution.InterceptingExecutableInvoker.lambda$invoke$0(InterceptingExecutableInvoker.java:93)
	at org.junit.jupiter.engine.execution.InvocationInterceptorChain$InterceptedInvocation.proceed(InvocationInterceptorChain.java:106)
	at org.junit.jupiter.engine.execution.InvocationInterceptorChain.proceed(InvocationInterceptorChain.java:64)
	at org.junit.jupiter.engine.execution.InvocationInterceptorChain.chainAndInvoke(InvocationInterceptorChain.java:45)
	at org.junit.jupiter.engine.execution.InvocationInterceptorChain.invoke(InvocationInterceptorChain.java:37)
	at org.junit.jupiter.engine.execution.InterceptingExecutableInvoker.invoke(InterceptingExecutableInvoker.java:92)
	at org.junit.jupiter.engine.execution.InterceptingExecutableInvoker.invoke(InterceptingExecutableInvoker.java:86)
	at org.junit.jupiter.engine.descriptor.TestMethodTestDescriptor.lambda$invokeTestMethod$7(TestMethodTestDescriptor.java:218)
	at org.junit.platform.engine.support.hierarchical.ThrowableCollector.execute(ThrowableCollector.java:73)
	at org.junit.jupiter.engine.descriptor.TestMethodTestDescriptor.invokeTestMethod(TestMethodTestDescriptor.java:214)
	at org.junit.jupiter.engine.descriptor.TestMethodTestDescriptor.execute(TestMethodTestDescriptor.java:139)
	at org.junit.jupiter.engine.descriptor.TestMethodTestDescriptor.execute(TestMethodTestDescriptor.java:69)
	at org.junit.platform.engine.support.hierarchical.NodeTestTask.lambda$executeRecursively$6(NodeTestTask.java:151)
	at org.junit.platform.engine.support.hierarchical.ThrowableCollector.execute(ThrowableCollector.java:73)
	at org.junit.platform.engine.support.hierarchical.NodeTestTask.lambda$executeRecursively$8(NodeTestTask.java:141)
	at org.junit.platform.engine.support.hierarchical.Node.around(Node.java:137)
	at org.junit.platform.engine.support.hierarchical.NodeTestTask.lambda$executeRecursively$9(NodeTestTask.java:139)
	at org.junit.platform.engine.support.hierarchical.ThrowableCollector.execute(ThrowableCollector.java:73)
	at org.junit.platform.engine.support.hierarchical.NodeTestTask.executeRecursively(NodeTestTask.java:138)
	at org.junit.platform.engine.support.hierarchical.NodeTestTask.execute(NodeTestTask.java:95)
	at java.base/java.util.ArrayList.forEach(ArrayList.java:1511)
	at org.junit.platform.engine.support.hierarchical.SameThreadHierarchicalTestExecutorService.invokeAll(SameThreadHierarchicalTestExecutorService.java:41)
	at org.junit.platform.engine.support.hierarchical.NodeTestTask.lambda$executeRecursively$6(NodeTestTask.java:155)
	at org.junit.platform.engine.support.hierarchical.ThrowableCollector.execute(ThrowableCollector.java:73)
	at org.junit.platform.engine.support.hierarchical.NodeTestTask.lambda$executeRecursively$8(NodeTestTask.java:141)
	at org.junit.platform.engine.support.hierarchical.Node.around(Node.java:137)
	at org.junit.platform.engine.support.hierarchical.NodeTestTask.lambda$executeRecursively$9(NodeTestTask.java:139)
	at org.junit.platform.engine.support.hierarchical.ThrowableCollector.execute(ThrowableCollector.java:73)
	at org.junit.platform.engine.support.hierarchical.NodeTestTask.executeRecursively(NodeTestTask.java:138)
	at org.junit.platform.engine.support.hierarchical.NodeTestTask.execute(NodeTestTask.java:95)
	at java.base/java.util.ArrayList.forEach(ArrayList.java:1511)
	at org.junit.platform.engine.support.hierarchical.SameThreadHierarchicalTestExecutorService.invokeAll(SameThreadHierarchicalTestExecutorService.java:41)
	at org.junit.platform.engine.support.hierarchical.NodeTestTask.lambda$executeRecursively$6(NodeTestTask.java:155)
	at org.junit.platform.engine.support.hierarchical.ThrowableCollector.execute(ThrowableCollector.java:73)
	at org.junit.platform.engine.support.hierarchical.NodeTestTask.lambda$executeRecursively$8(NodeTestTask.java:141)
	at org.junit.platform.engine.support.hierarchical.Node.around(Node.java:137)
	at org.junit.platform.engine.support.hierarchical.NodeTestTask.lambda$executeRecursively$9(NodeTestTask.java:139)
	at org.junit.platform.engine.support.hierarchical.ThrowableCollector.execute(ThrowableCollector.java:73)
	at org.junit.platform.engine.support.hierarchical.NodeTestTask.executeRecursively(NodeTestTask.java:138)
	at org.junit.platform.engine.support.hierarchical.NodeTestTask.execute(NodeTestTask.java:95)
	at org.junit.platform.engine.support.hierarchical.SameThreadHierarchicalTestExecutorService.submit(SameThreadHierarchicalTestExecutorService.java:35)
	at org.junit.platform.engine.support.hierarchical.HierarchicalTestExecutor.execute(HierarchicalTestExecutor.java:57)
	at org.junit.platform.engine.support.hierarchical.HierarchicalTestEngine.execute(HierarchicalTestEngine.java:54)
	at org.junit.platform.launcher.core.EngineExecutionOrchestrator.execute(EngineExecutionOrchestrator.java:198)
	at org.junit.platform.launcher.core.EngineExecutionOrchestrator.execute(EngineExecutionOrchestrator.java:169)
	at org.junit.platform.launcher.core.EngineExecutionOrchestrator.execute(EngineExecutionOrchestrator.java:93)
	at org.junit.platform.launcher.core.EngineExecutionOrchestrator.lambda$execute$0(EngineExecutionOrchestrator.java:58)
	at org.junit.platform.launcher.core.EngineExecutionOrchestrator.withInterceptedStreams(EngineExecutionOrchestrator.java:141)
	at org.junit.platform.launcher.core.EngineExecutionOrchestrator.execute(EngineExecutionOrchestrator.java:57)
	at org.junit.platform.launcher.core.DefaultLauncher.execute(DefaultLauncher.java:103)
	at org.junit.platform.launcher.core.DefaultLauncher.execute(DefaultLauncher.java:85)
	at org.junit.platform.launcher.core.DelegatingLauncher.execute(DelegatingLauncher.java:47)
	at org.apache.maven.surefire.junitplatform.LazyLauncher.execute(LazyLauncher.java:56)
	at org.apache.maven.surefire.junitplatform.JUnitPlatformProvider.execute(JUnitPlatformProvider.java:184)
	at org.apache.maven.surefire.junitplatform.JUnitPlatformProvider.invokeAllTests(JUnitPlatformProvider.java:148)
	at org.apache.maven.surefire.junitplatform.JUnitPlatformProvider.invoke(JUnitPlatformProvider.java:122)
	at org.apache.maven.surefire.booter.ForkedBooter.runSuitesInProcess(ForkedBooter.java:385)
	at org.apache.maven.surefire.booter.ForkedBooter.execute(ForkedBooter.java:162)
	at org.apache.maven.surefire.booter.ForkedBooter.run(ForkedBooter.java:507)
	at org.apache.maven.surefire.booter.ForkedBooter.main(ForkedBooter.java:495)
Caused by: java.lang.RuntimeException: Simulated hard failure for demonstration
	at com.example.springbatchtutorial.config.BatchConfig.lambda$1(BatchConfig.java:520)
	at jdk.internal.reflect.GeneratedMethodAccessor41.invoke(Unknown Source)
	at java.base/jdk.internal.reflect.DelegatingMethodAccessorImpl.invoke(DelegatingMethodAccessorImpl.java:43)
	at java.base/java.lang.reflect.Method.invoke(Method.java:568)
	at org.springframework.aop.support.AopUtils.invokeJoinpointUsingReflection(AopUtils.java:352)
	at org.springframework.aop.framework.ReflectiveMethodInvocation.invokeJoinpoint(ReflectiveMethodInvocation.java:196)
	at org.springframework.aop.framework.ReflectiveMethodInvocation.proceed(ReflectiveMethodInvocation.java:163)
	at org.springframework.aop.support.DelegatingIntroductionInterceptor.doProceed(DelegatingIntroductionInterceptor.java:137)
	at org.springframework.aop.support.DelegatingIntroductionInterceptor.invoke(DelegatingIntroductionInterceptor.java:124)
	at org.springframework.aop.framework.ReflectiveMethodInvocation.proceed(ReflectiveMethodInvocation.java:184)
	at org.springframework.aop.framework.JdkDynamicAopProxy.invoke(JdkDynamicAopProxy.java:249)
	at jdk.proxy2/jdk.proxy2.$Proxy155.process(Unknown Source)
	at jdk.internal.reflect.GeneratedMethodAccessor41.invoke(Unknown Source)
	at java.base/jdk.internal.reflect.DelegatingMethodAccessorImpl.invoke(DelegatingMethodAccessorImpl.java:43)
	at java.base/java.lang.reflect.Method.invoke(Method.java:568)
	at org.springframework.aop.support.AopUtils.invokeJoinpointUsingReflection(AopUtils.java:352)
	at org.springframework.aop.framework.JdkDynamicAopProxy.invoke(JdkDynamicAopProxy.java:242)
	at jdk.proxy2/jdk.proxy2.$Proxy148.process(Unknown Source)
	at org.springframework.batch.core.step.item.SimpleChunkProcessor.doProcess(SimpleChunkProcessor.java:146)
	at org.springframework.batch.core.step.item.FaultTolerantChunkProcessor.lambda$transform$0(FaultTolerantChunkProcessor.java:228)
	at org.springframework.retry.support.RetryTemplate.doExecute(RetryTemplate.java:329)
	... 96 common frames omitted
2025-08-13 22:23:32 - ========================================


2025-08-13 22:23:32 - Job: [SimpleJob: [name=processPersonJob]] completed with the following parameters: [{'csvPath':'{value=input/persons.csv, type=class java.lang.String, identifying=true}','time':'{value=8baaa601-a518-46b1-a74e-7ce8d8433bbd, type=class java.lang.String, identifying=true}','scenario':'{value=FAIL, type=class java.lang.String, identifying=true}'}] and the following status: [FAILED] in 14ms
]]></system-out>
  </testcase>
</testsuite>