<?xml version="1.0" encoding="UTF-8"?>
<testsuite xmlns:xsi="http://www.w3.org/2001/XMLSchema-instance" xsi:noNamespaceSchemaLocation="https://maven.apache.org/surefire/maven-surefire-plugin/xsd/surefire-test-report-3.0.xsd" version="3.0" name="com.example.springbatchtutorial.ScenarioIntegrationTests" time="15.7" tests="5" errors="2" skipped="0" failures="0">
  <properties>
[...]
</properties>
  <testcase name="partialScenario_skipsEvery2_completesWithSkips" classname="com.example.springbatchtutorial.ScenarioIntegrationTests" time="1.549">
    <system-out><![CDATA[2025-08-13 21:31:37 - Could not detect default configuration classes for test class [com.example.springbatchtutorial.ScenarioIntegrationTests]: ScenarioIntegrationTests does not declare any static, non-private, non-final, nested classes annotated with @Configuration.
2025-08-13 21:31:37 - Found @SpringBootConfiguration com.example.springbatchtutorial.SpringBatchTutorialApplication for test class com.example.springbatchtutorial.ScenarioIntegrationTests

  .   ____          _            __ _ _
 /\\ / ___'_ __ _ _(_)_ __  __ _ \ \ \ \
( ( )\___ | '_ | '_| | '_ \/ _` | \ \ \ \
 \\/  ___)| |_)| | | | | || (_| |  ) ) ) )
  '  |____| .__|_| |_|_| |_\__, | / / / /
 =========|_|==============|___/=/_/_/_/
 :: Spring Boot ::                (v3.2.0)

2025-08-13 21:31:37 - Starting ScenarioIntegrationTests using Java 17.0.10 with PID 37979 (started by jurgenroos in /Users/jurgenroos/spring-batch-tutorial)
2025-08-13 21:31:37 - The following 1 profile is active: "test"
2025-08-13 21:31:37 - Bootstrapping Spring Data JPA repositories in DEFAULT mode.
2025-08-13 21:31:37 - Finished Spring Data repository scanning in 4 ms. Found 1 JPA repository interface.
2025-08-13 21:31:37 - Bean 'org.springframework.boot.autoconfigure.jdbc.DataSourceConfiguration$Hikari' of type [org.springframework.boot.autoconfigure.jdbc.DataSourceConfiguration$Hikari] is not eligible for getting processed by all BeanPostProcessors (for example: not eligible for auto-proxying). Is this bean getting eagerly injected into a currently created BeanPostProcessor [jobRegistryBeanPostProcessor]? Check the corresponding BeanPostProcessor declaration and its dependencies.
2025-08-13 21:31:37 - Bean 'spring.datasource-org.springframework.boot.autoconfigure.jdbc.DataSourceProperties' of type [org.springframework.boot.autoconfigure.jdbc.DataSourceProperties] is not eligible for getting processed by all BeanPostProcessors (for example: not eligible for auto-proxying). Is this bean getting eagerly injected into a currently created BeanPostProcessor [jobRegistryBeanPostProcessor]? Check the corresponding BeanPostProcessor declaration and its dependencies.
2025-08-13 21:31:37 - Bean 'org.springframework.boot.autoconfigure.jdbc.DataSourceAutoConfiguration$PooledDataSourceConfiguration' of type [org.springframework.boot.autoconfigure.jdbc.DataSourceAutoConfiguration$PooledDataSourceConfiguration] is not eligible for getting processed by all BeanPostProcessors (for example: not eligible for auto-proxying). Is this bean getting eagerly injected into a currently created BeanPostProcessor [jobRegistryBeanPostProcessor]? Check the corresponding BeanPostProcessor declaration and its dependencies.
2025-08-13 21:31:37 - Bean 'jdbcConnectionDetails' of type [org.springframework.boot.autoconfigure.jdbc.PropertiesJdbcConnectionDetails] is not eligible for getting processed by all BeanPostProcessors (for example: not eligible for auto-proxying). Is this bean getting eagerly injected into a currently created BeanPostProcessor [jobRegistryBeanPostProcessor]? Check the corresponding BeanPostProcessor declaration and its dependencies.
2025-08-13 21:31:37 - Bean 'dataSource' of type [com.zaxxer.hikari.HikariDataSource] is not eligible for getting processed by all BeanPostProcessors (for example: not eligible for auto-proxying). Is this bean getting eagerly injected into a currently created BeanPostProcessor [jobRegistryBeanPostProcessor]? Check the corresponding BeanPostProcessor declaration and its dependencies.
2025-08-13 21:31:37 - Bean 'spring.jpa-org.springframework.boot.autoconfigure.orm.jpa.JpaProperties' of type [org.springframework.boot.autoconfigure.orm.jpa.JpaProperties] is not eligible for getting processed by all BeanPostProcessors (for example: not eligible for auto-proxying). Is this bean getting eagerly injected into a currently created BeanPostProcessor [jobRegistryBeanPostProcessor]? Check the corresponding BeanPostProcessor declaration and its dependencies.
2025-08-13 21:31:37 - Bean 'spring.jpa.hibernate-org.springframework.boot.autoconfigure.orm.jpa.HibernateProperties' of type [org.springframework.boot.autoconfigure.orm.jpa.HibernateProperties] is not eligible for getting processed by all BeanPostProcessors (for example: not eligible for auto-proxying). Is this bean getting eagerly injected into a currently created BeanPostProcessor [jobRegistryBeanPostProcessor]? Check the corresponding BeanPostProcessor declaration and its dependencies.
2025-08-13 21:31:37 - Bean 'org.springframework.boot.autoconfigure.jdbc.metadata.DataSourcePoolMetadataProvidersConfiguration$HikariPoolDataSourceMetadataProviderConfiguration' of type [org.springframework.boot.autoconfigure.jdbc.metadata.DataSourcePoolMetadataProvidersConfiguration$HikariPoolDataSourceMetadataProviderConfiguration] is not eligible for getting processed by all BeanPostProcessors (for example: not eligible for auto-proxying). Is this bean getting eagerly injected into a currently created BeanPostProcessor [jobRegistryBeanPostProcessor]? Check the corresponding BeanPostProcessor declaration and its dependencies.
2025-08-13 21:31:37 - Bean 'hikariPoolDataSourceMetadataProvider' of type [org.springframework.boot.autoconfigure.jdbc.metadata.DataSourcePoolMetadataProvidersConfiguration$HikariPoolDataSourceMetadataProviderConfiguration$$Lambda$934/0x00000070014b78f8] is not eligible for getting processed by all BeanPostProcessors (for example: not eligible for auto-proxying). Is this bean getting eagerly injected into a currently created BeanPostProcessor [jobRegistryBeanPostProcessor]? Check the corresponding BeanPostProcessor declaration and its dependencies.
2025-08-13 21:31:37 - Bean 'org.springframework.boot.autoconfigure.orm.jpa.HibernateJpaConfiguration' of type [org.springframework.boot.autoconfigure.orm.jpa.HibernateJpaConfiguration] is not eligible for getting processed by all BeanPostProcessors (for example: not eligible for auto-proxying). Is this bean getting eagerly injected into a currently created BeanPostProcessor [jobRegistryBeanPostProcessor]? Check the corresponding BeanPostProcessor declaration and its dependencies.
2025-08-13 21:31:37 - Bean 'org.springframework.boot.autoconfigure.transaction.TransactionManagerCustomizationAutoConfiguration' of type [org.springframework.boot.autoconfigure.transaction.TransactionManagerCustomizationAutoConfiguration] is not eligible for getting processed by all BeanPostProcessors (for example: not eligible for auto-proxying). Is this bean getting eagerly injected into a currently created BeanPostProcessor [jobRegistryBeanPostProcessor]? Check the corresponding BeanPostProcessor declaration and its dependencies.
2025-08-13 21:31:37 - Bean 'transactionExecutionListeners' of type [org.springframework.boot.autoconfigure.transaction.ExecutionListenersTransactionManagerCustomizer] is not eligible for getting processed by all BeanPostProcessors (for example: not eligible for auto-proxying). Is this bean getting eagerly injected into a currently created BeanPostProcessor [jobRegistryBeanPostProcessor]? Check the corresponding BeanPostProcessor declaration and its dependencies.
2025-08-13 21:31:37 - Bean 'spring.transaction-org.springframework.boot.autoconfigure.transaction.TransactionProperties' of type [org.springframework.boot.autoconfigure.transaction.TransactionProperties] is not eligible for getting processed by all BeanPostProcessors (for example: not eligible for auto-proxying). Is this bean getting eagerly injected into a currently created BeanPostProcessor [jobRegistryBeanPostProcessor]? Check the corresponding BeanPostProcessor declaration and its dependencies.
2025-08-13 21:31:37 - Bean 'platformTransactionManagerCustomizers' of type [org.springframework.boot.autoconfigure.transaction.TransactionManagerCustomizers] is not eligible for getting processed by all BeanPostProcessors (for example: not eligible for auto-proxying). Is this bean getting eagerly injected into a currently created BeanPostProcessor [jobRegistryBeanPostProcessor]? Check the corresponding BeanPostProcessor declaration and its dependencies.
2025-08-13 21:31:37 - Bean 'org.springframework.boot.autoconfigure.sql.init.DataSourceInitializationConfiguration' of type [org.springframework.boot.autoconfigure.sql.init.DataSourceInitializationConfiguration] is not eligible for getting processed by all BeanPostProcessors (for example: not eligible for auto-proxying). Is this bean getting eagerly injected into a currently created BeanPostProcessor [jobRegistryBeanPostProcessor]? Check the corresponding BeanPostProcessor declaration and its dependencies.
2025-08-13 21:31:37 - Bean 'spring.sql.init-org.springframework.boot.autoconfigure.sql.init.SqlInitializationProperties' of type [org.springframework.boot.autoconfigure.sql.init.SqlInitializationProperties] is not eligible for getting processed by all BeanPostProcessors (for example: not eligible for auto-proxying). Is this bean getting eagerly injected into a currently created BeanPostProcessor [jobRegistryBeanPostProcessor]? Check the corresponding BeanPostProcessor declaration and its dependencies.
2025-08-13 21:31:37 - Bean 'dataSourceScriptDatabaseInitializer' of type [org.springframework.boot.autoconfigure.sql.init.SqlDataSourceScriptDatabaseInitializer] is not eligible for getting processed by all BeanPostProcessors (for example: not eligible for auto-proxying). Is this bean getting eagerly injected into a currently created BeanPostProcessor [jobRegistryBeanPostProcessor]? Check the corresponding BeanPostProcessor declaration and its dependencies.
2025-08-13 21:31:37 - Bean 'org.springframework.boot.autoconfigure.batch.BatchAutoConfiguration$DataSourceInitializerConfiguration' of type [org.springframework.boot.autoconfigure.batch.BatchAutoConfiguration$DataSourceInitializerConfiguration] is not eligible for getting processed by all BeanPostProcessors (for example: not eligible for auto-proxying). Is this bean getting eagerly injected into a currently created BeanPostProcessor [jobRegistryBeanPostProcessor]? Check the corresponding BeanPostProcessor declaration and its dependencies.
2025-08-13 21:31:37 - Bean 'spring.batch-org.springframework.boot.autoconfigure.batch.BatchProperties' of type [org.springframework.boot.autoconfigure.batch.BatchProperties] is not eligible for getting processed by all BeanPostProcessors (for example: not eligible for auto-proxying). Is this bean getting eagerly injected into a currently created BeanPostProcessor [jobRegistryBeanPostProcessor]? Check the corresponding BeanPostProcessor declaration and its dependencies.
2025-08-13 21:31:37 - HikariPool-2 - Starting...
2025-08-13 21:31:37 - HikariPool-2 - Added connection conn10: url=jdbc:h2:mem:testdb user=SA
2025-08-13 21:31:37 - HikariPool-2 - Start completed.
2025-08-13 21:31:37 - Bean 'batchDataSourceInitializer' of type [org.springframework.boot.autoconfigure.batch.BatchDataSourceScriptDatabaseInitializer] is not eligible for getting processed by all BeanPostProcessors (for example: not eligible for auto-proxying). Is this bean getting eagerly injected into a currently created BeanPostProcessor [jobRegistryBeanPostProcessor]? Check the corresponding BeanPostProcessor declaration and its dependencies.
2025-08-13 21:31:37 - Bean 'jpaVendorAdapter' of type [org.springframework.orm.jpa.vendor.HibernateJpaVendorAdapter] is not eligible for getting processed by all BeanPostProcessors (for example: not eligible for auto-proxying). Is this bean getting eagerly injected into a currently created BeanPostProcessor [jobRegistryBeanPostProcessor]? Check the corresponding BeanPostProcessor declaration and its dependencies.
2025-08-13 21:31:37 - Bean 'entityManagerFactoryBuilder' of type [org.springframework.boot.orm.jpa.EntityManagerFactoryBuilder] is not eligible for getting processed by all BeanPostProcessors (for example: not eligible for auto-proxying). Is this bean getting eagerly injected into a currently created BeanPostProcessor [jobRegistryBeanPostProcessor]? Check the corresponding BeanPostProcessor declaration and its dependencies.
2025-08-13 21:31:37 - Bean 'persistenceManagedTypes' of type [org.springframework.orm.jpa.persistenceunit.SimplePersistenceManagedTypes] is not eligible for getting processed by all BeanPostProcessors (for example: not eligible for auto-proxying). Is this bean getting eagerly injected into a currently created BeanPostProcessor [jobRegistryBeanPostProcessor]? Check the corresponding BeanPostProcessor declaration and its dependencies.
2025-08-13 21:31:37 - No LoadTimeWeaver setup: ignoring JPA class transformer
2025-08-13 21:31:37 - Initialized JPA EntityManagerFactory for persistence unit 'default'
2025-08-13 21:31:37 - Bean 'entityManagerFactory' of type [org.springframework.orm.jpa.LocalContainerEntityManagerFactoryBean] is not eligible for getting processed by all BeanPostProcessors (for example: not eligible for auto-proxying). Is this bean getting eagerly injected into a currently created BeanPostProcessor [jobRegistryBeanPostProcessor]? Check the corresponding BeanPostProcessor declaration and its dependencies.
2025-08-13 21:31:37 - Bean 'entityManagerFactory' of type [jdk.proxy2.$Proxy135] is not eligible for getting processed by all BeanPostProcessors (for example: not eligible for auto-proxying). Is this bean getting eagerly injected into a currently created BeanPostProcessor [jobRegistryBeanPostProcessor]? Check the corresponding BeanPostProcessor declaration and its dependencies.
2025-08-13 21:31:37 - Bean 'transactionManager' of type [org.springframework.orm.jpa.JpaTransactionManager] is not eligible for getting processed by all BeanPostProcessors (for example: not eligible for auto-proxying). Is this bean getting eagerly injected into a currently created BeanPostProcessor [jobRegistryBeanPostProcessor]? Check the corresponding BeanPostProcessor declaration and its dependencies.
2025-08-13 21:31:37 - Bean 'org.springframework.boot.autoconfigure.batch.BatchAutoConfiguration$SpringBootBatchConfiguration' of type [org.springframework.boot.autoconfigure.batch.BatchAutoConfiguration$SpringBootBatchConfiguration] is not eligible for getting processed by all BeanPostProcessors (for example: not eligible for auto-proxying). The currently created BeanPostProcessor [jobRegistryBeanPostProcessor] is declared through a non-static factory method on that class; consider declaring it as static instead.
2025-08-13 21:31:37 - 🔧 Creating Spring Batch job: processPersonJob
2025-08-13 21:31:37 - 📝 Configuring Step 1: Save CSV data to database
2025-08-13 21:31:37 - org.springframework.batch.item.ItemReader is an interface. The implementing class will not be queried for annotation based listener configurations. If using @StepScope on a @Bean method, be sure to return the implementing class so listener annotations can be used.
2025-08-13 21:31:37 - 🧮 Configuring Step 2: Calculate age for all persons
2025-08-13 21:31:37 - org.springframework.batch.item.ItemReader is an interface. The implementing class will not be queried for annotation based listener configurations. If using @StepScope on a @Bean method, be sure to return the implementing class so listener annotations can be used.
2025-08-13 21:31:37 - org.springframework.batch.item.ItemProcessor is an interface. The implementing class will not be queried for annotation based listener configurations. If using @StepScope on a @Bean method, be sure to return the implementing class so listener annotations can be used.
2025-08-13 21:31:37 - org.springframework.batch.item.ItemReader is an interface. The implementing class will not be queried for annotation based listener configurations. If using @StepScope on a @Bean method, be sure to return the implementing class so listener annotations can be used.
2025-08-13 21:31:37 - org.springframework.batch.item.ItemProcessor is an interface. The implementing class will not be queried for annotation based listener configurations. If using @StepScope on a @Bean method, be sure to return the implementing class so listener annotations can be used.
2025-08-13 21:31:37 - 📄 Configuring Step 3: Write results to output file
2025-08-13 21:31:37 - org.springframework.batch.item.ItemReader is an interface. The implementing class will not be queried for annotation based listener configurations. If using @StepScope on a @Bean method, be sure to return the implementing class so listener annotations can be used.
2025-08-13 21:31:37 - 💾 Creating JPA item writer with duplicate handling
2025-08-13 21:31:37 - 📄 Creating flat file item writer
2025-08-13 21:31:37 - spring.jpa.open-in-view is enabled by default. Therefore, database queries may be performed during view rendering. Explicitly configure spring.jpa.open-in-view to disable this warning
2025-08-13 21:31:37 - Adding welcome page: class path resource [static/index.html]
2025-08-13 21:31:38 - H2 console available at '/h2-console'. Database available at 'jdbc:h2:mem:testdb'
2025-08-13 21:31:38 - Exposing 1 endpoint(s) beneath base path '/actuator'
2025-08-13 21:31:38 - Started ScenarioIntegrationTests in 0.553 seconds (process running for 4.111)
2025-08-13 21:31:38 - Job: [SimpleJob: [name=processPersonJob]] launched with the following parameters: [{'skipEvery':'{value=2, type=class java.lang.String, identifying=true}','csvPath':'{value=input/persons.csv, type=class java.lang.String, identifying=true}','scenario':'{value=PARTIAL, type=class java.lang.String, identifying=true}'}]
2025-08-13 21:31:38 - 

🎬 ========================================
2025-08-13 21:31:38 - 🚀 JOB STARTING: processPersonJob
2025-08-13 21:31:38 - 📋 Job Instance ID: 1
2025-08-13 21:31:38 - 🆔 Job Execution ID: 1
2025-08-13 21:31:38 - ⏰ Start Time: 2025-08-13T21:31:38.155824
2025-08-13 21:31:38 - 📊 Job Parameters: {'skipEvery':'{value=2, type=class java.lang.String, identifying=true}','csvPath':'{value=input/persons.csv, type=class java.lang.String, identifying=true}','scenario':'{value=PARTIAL, type=class java.lang.String, identifying=true}'}
2025-08-13 21:31:38 - 🎯 Expected Steps: processPersonJob
2025-08-13 21:31:38 - ========================================


2025-08-13 21:31:38 - Executing step: [step1SaveToDatabase]
2025-08-13 21:31:38 - 🚀 Starting Step 1: Reading CSV and saving to database
2025-08-13 21:31:38 -    - Chunk size: 10
2025-08-13 21:31:38 -    - Step name: step1SaveToDatabase
2025-08-13 21:31:38 - 📖 Creating CSV item reader
2025-08-13 21:31:38 - 🔄 Initializing CSV reader - loading data from file
2025-08-13 21:31:38 - 📂 Reading CSV file: input/persons.csv
2025-08-13 21:31:38 - 📄 File exists, size: 1264 bytes
2025-08-13 21:31:38 - 📋 CSV Header: FirstName, LastName, Email, DateOfBirth
2025-08-13 21:31:38 - ⚠️ Line 27: Insufficient columns (expected 4, got 1)
2025-08-13 21:31:38 - ⚠️ Line 28: Insufficient columns (expected 4, got 1)
2025-08-13 21:31:38 - 📊 CSV Processing Summary:
2025-08-13 21:31:38 -    - Total lines processed: 27
2025-08-13 21:31:38 -    - Valid records: 25
2025-08-13 21:31:38 -    - Invalid records: 2
2025-08-13 21:31:38 -    - Success rate: 93%
2025-08-13 21:31:38 - ⚠️ Validation Errors Summary:
2025-08-13 21:31:38 -    - Line 27: Insufficient columns (expected 4, got 1)
2025-08-13 21:31:38 -    - Line 28: Insufficient columns (expected 4, got 1)
2025-08-13 21:31:38 - 📊 Successfully parsed 25 persons from CSV file
2025-08-13 21:31:38 - 📊 Loaded 25 persons from CSV file
2025-08-13 21:31:38 - 🏁 Finished reading CSV data - processed 25 persons
2025-08-13 21:31:38 - ✅ Completed Step 1: Save to database
2025-08-13 21:31:38 -    - Read count: 25
2025-08-13 21:31:38 -    - Write count: 25
2025-08-13 21:31:38 -    - Skip count: 0
2025-08-13 21:31:38 -    📦 Upsert summary - inserted: 25, updated: 0, written: 25
2025-08-13 21:31:38 - Step: [step1SaveToDatabase] executed in 155ms
2025-08-13 21:31:38 - Executing step: [step2CalculateAge]
2025-08-13 21:31:38 - 🚀 Starting Step 2: Calculating ages via API
2025-08-13 21:31:38 -    - Chunk size: 10
2025-08-13 21:31:38 -    - Step name: step2CalculateAge
2025-08-13 21:31:38 - 🗄️ Creating database item reader
2025-08-13 21:31:38 - 🔄 Initializing database reader - loading all persons
2025-08-13 21:31:38 - 📊 Loaded 25 persons from database for execution 1
2025-08-13 21:31:38 - 🧮 Creating age calculation processor
2025-08-13 21:31:39 - 🏁 Finished reading from database - processed 25 persons
2025-08-13 21:31:39 - ✅ Completed Step 2: Age calculation
2025-08-13 21:31:39 -    - Read count: 25
2025-08-13 21:31:39 -    - Write count: 3
2025-08-13 21:31:39 -    - Skip count: 22
2025-08-13 21:31:39 -    ⚠️ Skipped 22 items during processing (see logs for item details)
2025-08-13 21:31:39 -    📦 Upsert summary - inserted: 0, updated: 3, written: 3
2025-08-13 21:31:39 - Step: [step2CalculateAge] executed in 1s316ms
2025-08-13 21:31:39 - Executing step: [step3WriteToFile]
2025-08-13 21:31:39 - 🚀 Starting Step 3: Writing results to file
2025-08-13 21:31:39 -    - Chunk size: 10
2025-08-13 21:31:39 -    - Output file: output/persons_with_age.txt
2025-08-13 21:31:39 -    - Step name: step3WriteToFile
2025-08-13 21:31:39 - 📄 Creating database item reader for file output
2025-08-13 21:31:39 - 🔄 Initializing file output database reader - loading all persons
2025-08-13 21:31:39 - 📊 Loaded 3 persons from database for file output (exec=1, age != null)
2025-08-13 21:31:39 - 🏁 Finished reading from database for file output - processed 3 persons
2025-08-13 21:31:39 - ✅ Completed Step 3: Write to file
2025-08-13 21:31:39 -    - Read count: 3
2025-08-13 21:31:39 -    - Write count: 3
2025-08-13 21:31:39 -    - Skip count: 0
2025-08-13 21:31:39 - Step: [step3WriteToFile] executed in 25ms
2025-08-13 21:31:39 - 🏁 ========================================
2025-08-13 21:31:39 - ✅ JOB COMPLETED: processPersonJob
2025-08-13 21:31:39 - 📋 Job Instance ID: 1
2025-08-13 21:31:39 - 🆔 Job Execution ID: 1
2025-08-13 21:31:39 - 📊 Final Status: COMPLETED
2025-08-13 21:31:39 - ⏰ Start Time: 2025-08-13T21:31:38.155824
2025-08-13 21:31:39 - ⏰ End Time: 2025-08-13T21:31:39.665572
2025-08-13 21:31:39 - ⏱️ Total Duration: 1509 ms
2025-08-13 21:31:39 - 📈 Exit Code: COMPLETED
2025-08-13 21:31:39 - 📝 Exit Description: 
2025-08-13 21:31:39 - 📋 Step Execution Summary:
2025-08-13 21:31:39 -    📝 Step: step1SaveToDatabase - Status: COMPLETED - Read: 25 - Write: 25 - Skip: 0
2025-08-13 21:31:39 -    ⏱️ Step Duration: 155 ms
2025-08-13 21:31:39 -    📝 Step: step2CalculateAge - Status: COMPLETED - Read: 25 - Write: 3 - Skip: 22
2025-08-13 21:31:39 -    ⏱️ Step Duration: 1316 ms
2025-08-13 21:31:39 -    ⚠️ 22 items were skipped in step step2CalculateAge
2025-08-13 21:31:39 -    📝 Step: step3WriteToFile - Status: COMPLETED - Read: 3 - Write: 3 - Skip: 0
2025-08-13 21:31:39 -    ⏱️ Step Duration: 25 ms
2025-08-13 21:31:39 - 🎉 JOB SUCCESSFULLY COMPLETED!
2025-08-13 21:31:39 - ========================================


2025-08-13 21:31:39 - Job: [SimpleJob: [name=processPersonJob]] completed with the following parameters: [{'skipEvery':'{value=2, type=class java.lang.String, identifying=true}','csvPath':'{value=input/persons.csv, type=class java.lang.String, identifying=true}','scenario':'{value=PARTIAL, type=class java.lang.String, identifying=true}'}] and the following status: [COMPLETED] in 1s509ms
]]></system-out>
  </testcase>
  <testcase name="editableCsv_fixThenRerun_upsertsFixedPersons" classname="com.example.springbatchtutorial.ScenarioIntegrationTests" time="1.059">
    <error message="A job instance already exists and is complete for identifying parameters={&apos;csvPath&apos;:&apos;{value=input/persons.csv, type=class java.lang.String, identifying=true}&apos;,&apos;scenario&apos;:&apos;{value=SUCCESS, type=class java.lang.String, identifying=true}&apos;}.  If you want to run this job again, change the parameters." type="org.springframework.batch.core.repository.JobInstanceAlreadyCompleteException"><![CDATA[org.springframework.batch.core.repository.JobInstanceAlreadyCompleteException: A job instance already exists and is complete for identifying parameters={'csvPath':'{value=input/persons.csv, type=class java.lang.String, identifying=true}','scenario':'{value=SUCCESS, type=class java.lang.String, identifying=true}'}.  If you want to run this job again, change the parameters.
	at org.springframework.batch.core.repository.support.SimpleJobRepository.createJobExecution(SimpleJobRepository.java:158)
	at java.base/jdk.internal.reflect.NativeMethodAccessorImpl.invoke0(Native Method)
	at java.base/jdk.internal.reflect.NativeMethodAccessorImpl.invoke(NativeMethodAccessorImpl.java:77)
	at java.base/jdk.internal.reflect.DelegatingMethodAccessorImpl.invoke(DelegatingMethodAccessorImpl.java:43)
	at java.base/java.lang.reflect.Method.invoke(Method.java:568)
	at org.springframework.aop.support.AopUtils.invokeJoinpointUsingReflection(AopUtils.java:352)
	at org.springframework.aop.framework.ReflectiveMethodInvocation.invokeJoinpoint(ReflectiveMethodInvocation.java:196)
	at org.springframework.aop.framework.ReflectiveMethodInvocation.proceed(ReflectiveMethodInvocation.java:163)
	at org.springframework.transaction.interceptor.TransactionInterceptor$1.proceedWithInvocation(TransactionInterceptor.java:123)
	at org.springframework.transaction.interceptor.TransactionAspectSupport.invokeWithinTransaction(TransactionAspectSupport.java:385)
	at org.springframework.transaction.interceptor.TransactionInterceptor.invoke(TransactionInterceptor.java:119)
	at org.springframework.aop.framework.ReflectiveMethodInvocation.proceed(ReflectiveMethodInvocation.java:184)
	at org.springframework.batch.core.repository.support.AbstractJobRepositoryFactoryBean.lambda$getObject$0(AbstractJobRepositoryFactoryBean.java:204)
	at org.springframework.aop.framework.ReflectiveMethodInvocation.proceed(ReflectiveMethodInvocation.java:184)
	at org.springframework.aop.framework.JdkDynamicAopProxy.invoke(JdkDynamicAopProxy.java:249)
	at jdk.proxy2/jdk.proxy2.$Proxy136.createJobExecution(Unknown Source)
	at org.springframework.batch.core.launch.support.SimpleJobLauncher.run(SimpleJobLauncher.java:145)
	at org.springframework.batch.core.launch.support.TaskExecutorJobLauncher.run(TaskExecutorJobLauncher.java:59)
	at org.springframework.batch.test.JobLauncherTestUtils.launchJob(JobLauncherTestUtils.java:146)
	at com.example.springbatchtutorial.ScenarioIntegrationTests.editableCsv_fixThenRerun_upsertsFixedPersons(ScenarioIntegrationTests.java:147)
	at java.base/java.lang.reflect.Method.invoke(Method.java:568)
	at java.base/java.util.ArrayList.forEach(ArrayList.java:1511)
	at java.base/java.util.ArrayList.forEach(ArrayList.java:1511)
]]></error>
    <system-out><![CDATA[2025-08-13 21:31:39 - Job: [SimpleJob: [name=processPersonJob]] launched with the following parameters: [{'csvPath':'{value=input/persons.csv, type=class java.lang.String, identifying=true}','scenario':'{value=SUCCESS, type=class java.lang.String, identifying=true}'}]
2025-08-13 21:31:39 - 

🎬 ========================================
2025-08-13 21:31:39 - 🚀 JOB STARTING: processPersonJob
2025-08-13 21:31:39 - 📋 Job Instance ID: 2
2025-08-13 21:31:39 - 🆔 Job Execution ID: 2
2025-08-13 21:31:39 - ⏰ Start Time: 2025-08-13T21:31:39.679040
2025-08-13 21:31:39 - 📊 Job Parameters: {'csvPath':'{value=input/persons.csv, type=class java.lang.String, identifying=true}','scenario':'{value=SUCCESS, type=class java.lang.String, identifying=true}'}
2025-08-13 21:31:39 - 🎯 Expected Steps: processPersonJob
2025-08-13 21:31:39 - ========================================


2025-08-13 21:31:39 - Executing step: [step1SaveToDatabase]
2025-08-13 21:31:39 - 🚀 Starting Step 1: Reading CSV and saving to database
2025-08-13 21:31:39 -    - Chunk size: 10
2025-08-13 21:31:39 -    - Step name: step1SaveToDatabase
2025-08-13 21:31:39 - 📖 Creating CSV item reader
2025-08-13 21:31:39 - 🔄 Initializing CSV reader - loading data from file
2025-08-13 21:31:39 - 📂 Reading CSV file: input/persons.csv
2025-08-13 21:31:39 - 📄 File exists, size: 1572 bytes
2025-08-13 21:31:39 - 📋 CSV Header: FirstName, LastName, Email, DateOfBirth
2025-08-13 21:31:39 - ⚠️ Line 4: Invalid email format: partial.invalid.email.example.com
2025-08-13 21:31:39 - ⚠️ Line 6: Date of birth is in the future: 2999-05-05
2025-08-13 21:31:39 - ⚠️ Line 8: Empty required field - FirstName: 'PARTIAL_EMPTY_DOB', LastName: 'Demo', Email: 'partial.emptydob@example.com', DateOfBirth: ''
2025-08-13 21:31:39 - ⚠️ Line 10: Date of birth seems unrealistic: 1800-01-01
2025-08-13 21:31:39 - ⚠️ Line 13: Invalid email format: partial.invalid2.example.com
2025-08-13 21:31:39 - ⚠️ Line 17: Date of birth is in the future: 2999-02-14
2025-08-13 21:31:39 - ⚠️ Line 19: Empty required field - FirstName: 'PARTIAL_EMPTY_DOB2', LastName: 'Demo', Email: 'partial.emptydob2@example.com', DateOfBirth: ''
2025-08-13 21:31:39 - ⚠️ Line 22: Date of birth seems unrealistic: 1800-06-18
2025-08-13 21:31:39 - ⚠️ Line 27: Insufficient columns (expected 4, got 1)
2025-08-13 21:31:39 - ⚠️ Line 28: Insufficient columns (expected 4, got 1)
2025-08-13 21:31:39 - 📊 CSV Processing Summary:
2025-08-13 21:31:39 -    - Total lines processed: 27
2025-08-13 21:31:39 -    - Valid records: 17
2025-08-13 21:31:39 -    - Invalid records: 10
2025-08-13 21:31:39 -    - Success rate: 63%
2025-08-13 21:31:39 - ⚠️ Validation Errors Summary:
2025-08-13 21:31:39 -    - Line 4: Invalid email format: partial.invalid.email.example.com
2025-08-13 21:31:39 -    - Line 6: Date of birth is in the future: 2999-05-05
2025-08-13 21:31:39 -    - Line 8: Empty required field - FirstName: 'PARTIAL_EMPTY_DOB', LastName: 'Demo', Email: 'partial.emptydob@example.com', DateOfBirth: ''
2025-08-13 21:31:39 -    - Line 10: Date of birth seems unrealistic: 1800-01-01
2025-08-13 21:31:39 -    - Line 13: Invalid email format: partial.invalid2.example.com
2025-08-13 21:31:39 -    - Line 17: Date of birth is in the future: 2999-02-14
2025-08-13 21:31:39 -    - Line 19: Empty required field - FirstName: 'PARTIAL_EMPTY_DOB2', LastName: 'Demo', Email: 'partial.emptydob2@example.com', DateOfBirth: ''
2025-08-13 21:31:39 -    - Line 22: Date of birth seems unrealistic: 1800-06-18
2025-08-13 21:31:39 -    - Line 27: Insufficient columns (expected 4, got 1)
2025-08-13 21:31:39 -    - Line 28: Insufficient columns (expected 4, got 1)
2025-08-13 21:31:39 - 📊 Successfully parsed 17 persons from CSV file
2025-08-13 21:31:39 - 📊 Loaded 17 persons from CSV file
2025-08-13 21:31:39 - 🏁 Finished reading CSV data - processed 17 persons
2025-08-13 21:31:39 - ✅ Completed Step 1: Save to database
2025-08-13 21:31:39 -    - Read count: 17
2025-08-13 21:31:39 -    - Write count: 17
2025-08-13 21:31:39 -    - Skip count: 0
2025-08-13 21:31:39 -    📦 Upsert summary - inserted: 17, updated: 0, written: 17
2025-08-13 21:31:39 - Step: [step1SaveToDatabase] executed in 28ms
2025-08-13 21:31:39 - Executing step: [step2CalculateAge]
2025-08-13 21:31:39 - 🚀 Starting Step 2: Calculating ages via API
2025-08-13 21:31:39 -    - Chunk size: 10
2025-08-13 21:31:39 -    - Step name: step2CalculateAge
2025-08-13 21:31:39 - 🗄️ Creating database item reader
2025-08-13 21:31:39 - 🔄 Initializing database reader - loading all persons
2025-08-13 21:31:39 - 📊 Loaded 17 persons from database for execution 2
2025-08-13 21:31:39 - 🧮 Creating age calculation processor
2025-08-13 21:31:40 - 🏁 Finished reading from database - processed 17 persons
2025-08-13 21:31:40 - ✅ Completed Step 2: Age calculation
2025-08-13 21:31:40 -    - Read count: 17
2025-08-13 21:31:40 -    - Write count: 17
2025-08-13 21:31:40 -    - Skip count: 0
2025-08-13 21:31:40 -    📦 Upsert summary - inserted: 0, updated: 17, written: 17
2025-08-13 21:31:40 - Step: [step2CalculateAge] executed in 974ms
2025-08-13 21:31:40 - Executing step: [step3WriteToFile]
2025-08-13 21:31:40 - 🚀 Starting Step 3: Writing results to file
2025-08-13 21:31:40 -    - Chunk size: 10
2025-08-13 21:31:40 -    - Output file: output/persons_with_age.txt
2025-08-13 21:31:40 -    - Step name: step3WriteToFile
2025-08-13 21:31:40 - 📄 Creating database item reader for file output
2025-08-13 21:31:40 - 🔄 Initializing file output database reader - loading all persons
2025-08-13 21:31:40 - 📊 Loaded 17 persons from database for file output (exec=2, age != null)
2025-08-13 21:31:40 - 🏁 Finished reading from database for file output - processed 17 persons
2025-08-13 21:31:40 - ✅ Completed Step 3: Write to file
2025-08-13 21:31:40 -    - Read count: 17
2025-08-13 21:31:40 -    - Write count: 17
2025-08-13 21:31:40 -    - Skip count: 0
2025-08-13 21:31:40 - Step: [step3WriteToFile] executed in 7ms
2025-08-13 21:31:40 - 🏁 ========================================
2025-08-13 21:31:40 - ✅ JOB COMPLETED: processPersonJob
2025-08-13 21:31:40 - 📋 Job Instance ID: 2
2025-08-13 21:31:40 - 🆔 Job Execution ID: 2
2025-08-13 21:31:40 - 📊 Final Status: COMPLETED
2025-08-13 21:31:40 - ⏰ Start Time: 2025-08-13T21:31:39.679040
2025-08-13 21:31:40 - ⏰ End Time: 2025-08-13T21:31:40.699685
2025-08-13 21:31:40 - ⏱️ Total Duration: 1020 ms
2025-08-13 21:31:40 - 📈 Exit Code: COMPLETED
2025-08-13 21:31:40 - 📝 Exit Description: 
2025-08-13 21:31:40 - 📋 Step Execution Summary:
2025-08-13 21:31:40 -    📝 Step: step1SaveToDatabase - Status: COMPLETED - Read: 17 - Write: 17 - Skip: 0
2025-08-13 21:31:40 -    ⏱️ Step Duration: 28 ms
2025-08-13 21:31:40 -    📝 Step: step2CalculateAge - Status: COMPLETED - Read: 17 - Write: 17 - Skip: 0
2025-08-13 21:31:40 -    ⏱️ Step Duration: 974 ms
2025-08-13 21:31:40 -    📝 Step: step3WriteToFile - Status: COMPLETED - Read: 17 - Write: 17 - Skip: 0
2025-08-13 21:31:40 -    ⏱️ Step Duration: 7 ms
2025-08-13 21:31:40 - 🎉 JOB SUCCESSFULLY COMPLETED!
2025-08-13 21:31:40 - ========================================


2025-08-13 21:31:40 - Job: [SimpleJob: [name=processPersonJob]] completed with the following parameters: [{'csvPath':'{value=input/persons.csv, type=class java.lang.String, identifying=true}','scenario':'{value=SUCCESS, type=class java.lang.String, identifying=true}'}] and the following status: [COMPLETED] in 1s20ms
]]></system-out>
  </testcase>
  <testcase name="retryableScenario_retriesThenSucceeds" classname="com.example.springbatchtutorial.ScenarioIntegrationTests" time="12.468">
    <system-out><![CDATA[2025-08-13 21:31:40 - Job: [SimpleJob: [name=processPersonJob]] launched with the following parameters: [{'csvPath':'{value=input/persons.csv, type=class java.lang.String, identifying=true}','scenario':'{value=RETRYABLE, type=class java.lang.String, identifying=true}','retryAttempts':'{value=2, type=class java.lang.String, identifying=true}'}]
2025-08-13 21:31:40 - 

🎬 ========================================
2025-08-13 21:31:40 - 🚀 JOB STARTING: processPersonJob
2025-08-13 21:31:40 - 📋 Job Instance ID: 3
2025-08-13 21:31:40 - 🆔 Job Execution ID: 3
2025-08-13 21:31:40 - ⏰ Start Time: 2025-08-13T21:31:40.738829
2025-08-13 21:31:40 - 📊 Job Parameters: {'csvPath':'{value=input/persons.csv, type=class java.lang.String, identifying=true}','scenario':'{value=RETRYABLE, type=class java.lang.String, identifying=true}','retryAttempts':'{value=2, type=class java.lang.String, identifying=true}'}
2025-08-13 21:31:40 - 🎯 Expected Steps: processPersonJob
2025-08-13 21:31:40 - ========================================


2025-08-13 21:31:40 - Executing step: [step1SaveToDatabase]
2025-08-13 21:31:40 - 🚀 Starting Step 1: Reading CSV and saving to database
2025-08-13 21:31:40 -    - Chunk size: 10
2025-08-13 21:31:40 -    - Step name: step1SaveToDatabase
2025-08-13 21:31:40 - 📖 Creating CSV item reader
2025-08-13 21:31:40 - 🔄 Initializing CSV reader - loading data from file
2025-08-13 21:31:40 - 📂 Reading CSV file: input/persons.csv
2025-08-13 21:31:40 - 📄 File exists, size: 1164 bytes
2025-08-13 21:31:40 - 📋 CSV Header: FirstName, LastName, Email, DateOfBirth
2025-08-13 21:31:40 - ⚠️ Line 27: Insufficient columns (expected 4, got 1)
2025-08-13 21:31:40 - ⚠️ Line 28: Insufficient columns (expected 4, got 1)
2025-08-13 21:31:40 - 📊 CSV Processing Summary:
2025-08-13 21:31:40 -    - Total lines processed: 27
2025-08-13 21:31:40 -    - Valid records: 25
2025-08-13 21:31:40 -    - Invalid records: 2
2025-08-13 21:31:40 -    - Success rate: 93%
2025-08-13 21:31:40 - ⚠️ Validation Errors Summary:
2025-08-13 21:31:40 -    - Line 27: Insufficient columns (expected 4, got 1)
2025-08-13 21:31:40 -    - Line 28: Insufficient columns (expected 4, got 1)
2025-08-13 21:31:40 - 📊 Successfully parsed 25 persons from CSV file
2025-08-13 21:31:40 - 📊 Loaded 25 persons from CSV file
2025-08-13 21:31:40 - 🏁 Finished reading CSV data - processed 25 persons
2025-08-13 21:31:40 - ✅ Completed Step 1: Save to database
2025-08-13 21:31:40 -    - Read count: 25
2025-08-13 21:31:40 -    - Write count: 25
2025-08-13 21:31:40 -    - Skip count: 0
2025-08-13 21:31:40 -    📦 Upsert summary - inserted: 25, updated: 0, written: 25
2025-08-13 21:31:40 - Step: [step1SaveToDatabase] executed in 28ms
2025-08-13 21:31:40 - Executing step: [step2CalculateAge]
2025-08-13 21:31:40 - 🚀 Starting Step 2: Calculating ages via API
2025-08-13 21:31:40 -    - Chunk size: 10
2025-08-13 21:31:40 -    - Step name: step2CalculateAge
2025-08-13 21:31:40 - 🗄️ Creating database item reader
2025-08-13 21:31:40 - 🔄 Initializing database reader - loading all persons
2025-08-13 21:31:40 - 📊 Loaded 25 persons from database for execution 3
2025-08-13 21:31:40 - 🧮 Creating age calculation processor
2025-08-13 21:31:51 - 🏁 Finished reading from database - processed 25 persons
2025-08-13 21:31:53 - ✅ Completed Step 2: Age calculation
2025-08-13 21:31:53 -    - Read count: 25
2025-08-13 21:31:53 -    - Write count: 25
2025-08-13 21:31:53 -    - Skip count: 0
2025-08-13 21:31:53 -    📦 Upsert summary - inserted: 0, updated: 25, written: 25
2025-08-13 21:31:53 - Step: [step2CalculateAge] executed in 12s412ms
2025-08-13 21:31:53 - Executing step: [step3WriteToFile]
2025-08-13 21:31:53 - 🚀 Starting Step 3: Writing results to file
2025-08-13 21:31:53 -    - Chunk size: 10
2025-08-13 21:31:53 -    - Output file: output/persons_with_age.txt
2025-08-13 21:31:53 -    - Step name: step3WriteToFile
2025-08-13 21:31:53 - 📄 Creating database item reader for file output
2025-08-13 21:31:53 - 🔄 Initializing file output database reader - loading all persons
2025-08-13 21:31:53 - 📊 Loaded 25 persons from database for file output (exec=3, age != null)
2025-08-13 21:31:53 - 🏁 Finished reading from database for file output - processed 25 persons
2025-08-13 21:31:53 - ✅ Completed Step 3: Write to file
2025-08-13 21:31:53 -    - Read count: 25
2025-08-13 21:31:53 -    - Write count: 25
2025-08-13 21:31:53 -    - Skip count: 0
2025-08-13 21:31:53 - Step: [step3WriteToFile] executed in 11ms
2025-08-13 21:31:53 - 🏁 ========================================
2025-08-13 21:31:53 - ✅ JOB COMPLETED: processPersonJob
2025-08-13 21:31:53 - 📋 Job Instance ID: 3
2025-08-13 21:31:53 - 🆔 Job Execution ID: 3
2025-08-13 21:31:53 - 📊 Final Status: COMPLETED
2025-08-13 21:31:53 - ⏰ Start Time: 2025-08-13T21:31:40.738829
2025-08-13 21:31:53 - ⏰ End Time: 2025-08-13T21:31:53.199931
2025-08-13 21:31:53 - ⏱️ Total Duration: 12461 ms
2025-08-13 21:31:53 - 📈 Exit Code: COMPLETED
2025-08-13 21:31:53 - 📝 Exit Description: 
2025-08-13 21:31:53 - 📋 Step Execution Summary:
2025-08-13 21:31:53 -    📝 Step: step1SaveToDatabase - Status: COMPLETED - Read: 25 - Write: 25 - Skip: 0
2025-08-13 21:31:53 -    ⏱️ Step Duration: 28 ms
2025-08-13 21:31:53 -    📝 Step: step2CalculateAge - Status: COMPLETED - Read: 25 - Write: 25 - Skip: 0
2025-08-13 21:31:53 -    ⏱️ Step Duration: 12412 ms
2025-08-13 21:31:53 -    📝 Step: step3WriteToFile - Status: COMPLETED - Read: 25 - Write: 25 - Skip: 0
2025-08-13 21:31:53 -    ⏱️ Step Duration: 11 ms
2025-08-13 21:31:53 - 🎉 JOB SUCCESSFULLY COMPLETED!
2025-08-13 21:31:53 - ========================================


2025-08-13 21:31:53 - Job: [SimpleJob: [name=processPersonJob]] completed with the following parameters: [{'csvPath':'{value=input/persons.csv, type=class java.lang.String, identifying=true}','scenario':'{value=RETRYABLE, type=class java.lang.String, identifying=true}','retryAttempts':'{value=2, type=class java.lang.String, identifying=true}'}] and the following status: [COMPLETED] in 12s461ms
]]></system-out>
  </testcase>
  <testcase name="successScenario_usesSuccessCsv_completes" classname="com.example.springbatchtutorial.ScenarioIntegrationTests" time="0.006">
    <error message="A job instance already exists and is complete for identifying parameters={&apos;csvPath&apos;:&apos;{value=input/persons.csv, type=class java.lang.String, identifying=true}&apos;,&apos;scenario&apos;:&apos;{value=SUCCESS, type=class java.lang.String, identifying=true}&apos;}.  If you want to run this job again, change the parameters." type="org.springframework.batch.core.repository.JobInstanceAlreadyCompleteException"><![CDATA[org.springframework.batch.core.repository.JobInstanceAlreadyCompleteException: A job instance already exists and is complete for identifying parameters={'csvPath':'{value=input/persons.csv, type=class java.lang.String, identifying=true}','scenario':'{value=SUCCESS, type=class java.lang.String, identifying=true}'}.  If you want to run this job again, change the parameters.
	at org.springframework.batch.core.repository.support.SimpleJobRepository.createJobExecution(SimpleJobRepository.java:158)
	at java.base/jdk.internal.reflect.NativeMethodAccessorImpl.invoke0(Native Method)
	at java.base/jdk.internal.reflect.NativeMethodAccessorImpl.invoke(NativeMethodAccessorImpl.java:77)
	at java.base/jdk.internal.reflect.DelegatingMethodAccessorImpl.invoke(DelegatingMethodAccessorImpl.java:43)
	at java.base/java.lang.reflect.Method.invoke(Method.java:568)
	at org.springframework.aop.support.AopUtils.invokeJoinpointUsingReflection(AopUtils.java:352)
	at org.springframework.aop.framework.ReflectiveMethodInvocation.invokeJoinpoint(ReflectiveMethodInvocation.java:196)
	at org.springframework.aop.framework.ReflectiveMethodInvocation.proceed(ReflectiveMethodInvocation.java:163)
	at org.springframework.transaction.interceptor.TransactionInterceptor$1.proceedWithInvocation(TransactionInterceptor.java:123)
	at org.springframework.transaction.interceptor.TransactionAspectSupport.invokeWithinTransaction(TransactionAspectSupport.java:385)
	at org.springframework.transaction.interceptor.TransactionInterceptor.invoke(TransactionInterceptor.java:119)
	at org.springframework.aop.framework.ReflectiveMethodInvocation.proceed(ReflectiveMethodInvocation.java:184)
	at org.springframework.batch.core.repository.support.AbstractJobRepositoryFactoryBean.lambda$getObject$0(AbstractJobRepositoryFactoryBean.java:204)
	at org.springframework.aop.framework.ReflectiveMethodInvocation.proceed(ReflectiveMethodInvocation.java:184)
	at org.springframework.aop.framework.JdkDynamicAopProxy.invoke(JdkDynamicAopProxy.java:249)
	at jdk.proxy2/jdk.proxy2.$Proxy136.createJobExecution(Unknown Source)
	at org.springframework.batch.core.launch.support.SimpleJobLauncher.run(SimpleJobLauncher.java:145)
	at org.springframework.batch.core.launch.support.TaskExecutorJobLauncher.run(TaskExecutorJobLauncher.java:59)
	at org.springframework.batch.test.JobLauncherTestUtils.launchJob(JobLauncherTestUtils.java:146)
	at com.example.springbatchtutorial.ScenarioIntegrationTests.successScenario_usesSuccessCsv_completes(ScenarioIntegrationTests.java:43)
	at java.base/java.lang.reflect.Method.invoke(Method.java:568)
	at java.base/java.util.ArrayList.forEach(ArrayList.java:1511)
	at java.base/java.util.ArrayList.forEach(ArrayList.java:1511)
]]></error>
  </testcase>
  <testcase name="failScenario_failsImmediately" classname="com.example.springbatchtutorial.ScenarioIntegrationTests" time="0.052">
    <system-out><![CDATA[2025-08-13 21:31:53 - Job: [SimpleJob: [name=processPersonJob]] launched with the following parameters: [{'csvPath':'{value=input/persons.csv, type=class java.lang.String, identifying=true}','scenario':'{value=FAIL, type=class java.lang.String, identifying=true}'}]
2025-08-13 21:31:53 - 

🎬 ========================================
2025-08-13 21:31:53 - 🚀 JOB STARTING: processPersonJob
2025-08-13 21:31:53 - 📋 Job Instance ID: 4
2025-08-13 21:31:53 - 🆔 Job Execution ID: 4
2025-08-13 21:31:53 - ⏰ Start Time: 2025-08-13T21:31:53.215701
2025-08-13 21:31:53 - 📊 Job Parameters: {'csvPath':'{value=input/persons.csv, type=class java.lang.String, identifying=true}','scenario':'{value=FAIL, type=class java.lang.String, identifying=true}'}
2025-08-13 21:31:53 - 🎯 Expected Steps: processPersonJob
2025-08-13 21:31:53 - ========================================


2025-08-13 21:31:53 - Executing step: [step1SaveToDatabase]
2025-08-13 21:31:53 - 🚀 Starting Step 1: Reading CSV and saving to database
2025-08-13 21:31:53 -    - Chunk size: 10
2025-08-13 21:31:53 -    - Step name: step1SaveToDatabase
2025-08-13 21:31:53 - 📖 Creating CSV item reader
2025-08-13 21:31:53 - 🔄 Initializing CSV reader - loading data from file
2025-08-13 21:31:53 - 📂 Reading CSV file: input/persons.csv
2025-08-13 21:31:53 - 📄 File exists, size: 1113 bytes
2025-08-13 21:31:53 - 📋 CSV Header: FirstName, LastName, Email, DateOfBirth
2025-08-13 21:31:53 - ⚠️ Line 27: Insufficient columns (expected 4, got 1)
2025-08-13 21:31:53 - 📊 CSV Processing Summary:
2025-08-13 21:31:53 -    - Total lines processed: 26
2025-08-13 21:31:53 -    - Valid records: 25
2025-08-13 21:31:53 -    - Invalid records: 1
2025-08-13 21:31:53 -    - Success rate: 96%
2025-08-13 21:31:53 - ⚠️ Validation Errors Summary:
2025-08-13 21:31:53 -    - Line 27: Insufficient columns (expected 4, got 1)
2025-08-13 21:31:53 - 📊 Successfully parsed 25 persons from CSV file
2025-08-13 21:31:53 - 📊 Loaded 25 persons from CSV file
2025-08-13 21:31:53 - 🏁 Finished reading CSV data - processed 25 persons
2025-08-13 21:31:53 - ✅ Completed Step 1: Save to database
2025-08-13 21:31:53 -    - Read count: 25
2025-08-13 21:31:53 -    - Write count: 25
2025-08-13 21:31:53 -    - Skip count: 0
2025-08-13 21:31:53 -    📦 Upsert summary - inserted: 25, updated: 0, written: 25
2025-08-13 21:31:53 - Step: [step1SaveToDatabase] executed in 31ms
2025-08-13 21:31:53 - Executing step: [step2CalculateAge]
2025-08-13 21:31:53 - 🚀 Starting Step 2: Calculating ages via API
2025-08-13 21:31:53 -    - Chunk size: 10
2025-08-13 21:31:53 -    - Step name: step2CalculateAge
2025-08-13 21:31:53 - 🗄️ Creating database item reader
2025-08-13 21:31:53 - 🔄 Initializing database reader - loading all persons
2025-08-13 21:31:53 - 📊 Loaded 25 persons from database for execution 4
2025-08-13 21:31:53 - 🧮 Creating age calculation processor
2025-08-13 21:31:53 - Encountered an error executing step step2CalculateAge in job processPersonJob
org.springframework.retry.RetryException: Non-skippable exception in recoverer while processing
	at org.springframework.batch.core.step.item.FaultTolerantChunkProcessor.lambda$transform$1(FaultTolerantChunkProcessor.java:284)
	at org.springframework.retry.support.RetryTemplate.handleRetryExhausted(RetryTemplate.java:543)
	at org.springframework.retry.support.RetryTemplate.doExecute(RetryTemplate.java:389)
	at org.springframework.retry.support.RetryTemplate.execute(RetryTemplate.java:255)
	at org.springframework.batch.core.step.item.BatchRetryTemplate.execute(BatchRetryTemplate.java:216)
	at org.springframework.batch.core.step.item.FaultTolerantChunkProcessor.transform(FaultTolerantChunkProcessor.java:291)
	at org.springframework.batch.core.step.item.SimpleChunkProcessor.process(SimpleChunkProcessor.java:220)
	at org.springframework.batch.core.step.item.ChunkOrientedTasklet.execute(ChunkOrientedTasklet.java:75)
	at org.springframework.batch.core.step.tasklet.TaskletStep$ChunkTransactionCallback.doInTransaction(TaskletStep.java:388)
	at org.springframework.batch.core.step.tasklet.TaskletStep$ChunkTransactionCallback.doInTransaction(TaskletStep.java:312)
	at org.springframework.transaction.support.TransactionTemplate.execute(TransactionTemplate.java:140)
	at org.springframework.batch.core.step.tasklet.TaskletStep$2.doInChunkContext(TaskletStep.java:255)
	at org.springframework.batch.core.scope.context.StepContextRepeatCallback.doInIteration(StepContextRepeatCallback.java:82)
	at org.springframework.batch.repeat.support.RepeatTemplate.getNextResult(RepeatTemplate.java:369)
	at org.springframework.batch.repeat.support.RepeatTemplate.executeInternal(RepeatTemplate.java:206)
	at org.springframework.batch.repeat.support.RepeatTemplate.iterate(RepeatTemplate.java:140)
	at org.springframework.batch.core.step.tasklet.TaskletStep.doExecute(TaskletStep.java:240)
	at org.springframework.batch.core.step.AbstractStep.execute(AbstractStep.java:229)
	at org.springframework.batch.core.job.SimpleStepHandler.handleStep(SimpleStepHandler.java:153)
	at org.springframework.batch.core.job.AbstractJob.handleStep(AbstractJob.java:418)
	at org.springframework.batch.core.job.SimpleJob.doExecute(SimpleJob.java:132)
	at org.springframework.batch.core.job.AbstractJob.execute(AbstractJob.java:317)
	at org.springframework.batch.core.launch.support.SimpleJobLauncher$1.run(SimpleJobLauncher.java:157)
	at org.springframework.core.task.SyncTaskExecutor.execute(SyncTaskExecutor.java:50)
	at org.springframework.batch.core.launch.support.SimpleJobLauncher.run(SimpleJobLauncher.java:148)
	at org.springframework.batch.core.launch.support.TaskExecutorJobLauncher.run(TaskExecutorJobLauncher.java:59)
	at org.springframework.batch.test.JobLauncherTestUtils.launchJob(JobLauncherTestUtils.java:146)
	at com.example.springbatchtutorial.ScenarioIntegrationTests.failScenario_failsImmediately(ScenarioIntegrationTests.java:70)
	at java.base/jdk.internal.reflect.NativeMethodAccessorImpl.invoke0(Native Method)
	at java.base/jdk.internal.reflect.NativeMethodAccessorImpl.invoke(NativeMethodAccessorImpl.java:77)
	at java.base/jdk.internal.reflect.DelegatingMethodAccessorImpl.invoke(DelegatingMethodAccessorImpl.java:43)
	at java.base/java.lang.reflect.Method.invoke(Method.java:568)
	at org.junit.platform.commons.util.ReflectionUtils.invokeMethod(ReflectionUtils.java:728)
	at org.junit.jupiter.engine.execution.MethodInvocation.proceed(MethodInvocation.java:60)
	at org.junit.jupiter.engine.execution.InvocationInterceptorChain$ValidatingInvocation.proceed(InvocationInterceptorChain.java:131)
	at org.junit.jupiter.engine.extension.TimeoutExtension.intercept(TimeoutExtension.java:156)
	at org.junit.jupiter.engine.extension.TimeoutExtension.interceptTestableMethod(TimeoutExtension.java:147)
	at org.junit.jupiter.engine.extension.TimeoutExtension.interceptTestMethod(TimeoutExtension.java:86)
	at org.junit.jupiter.engine.execution.InterceptingExecutableInvoker$ReflectiveInterceptorCall.lambda$ofVoidMethod$0(InterceptingExecutableInvoker.java:103)
	at org.junit.jupiter.engine.execution.InterceptingExecutableInvoker.lambda$invoke$0(InterceptingExecutableInvoker.java:93)
	at org.junit.jupiter.engine.execution.InvocationInterceptorChain$InterceptedInvocation.proceed(InvocationInterceptorChain.java:106)
	at org.junit.jupiter.engine.execution.InvocationInterceptorChain.proceed(InvocationInterceptorChain.java:64)
	at org.junit.jupiter.engine.execution.InvocationInterceptorChain.chainAndInvoke(InvocationInterceptorChain.java:45)
	at org.junit.jupiter.engine.execution.InvocationInterceptorChain.invoke(InvocationInterceptorChain.java:37)
	at org.junit.jupiter.engine.execution.InterceptingExecutableInvoker.invoke(InterceptingExecutableInvoker.java:92)
	at org.junit.jupiter.engine.execution.InterceptingExecutableInvoker.invoke(InterceptingExecutableInvoker.java:86)
	at org.junit.jupiter.engine.descriptor.TestMethodTestDescriptor.lambda$invokeTestMethod$7(TestMethodTestDescriptor.java:218)
	at org.junit.platform.engine.support.hierarchical.ThrowableCollector.execute(ThrowableCollector.java:73)
	at org.junit.jupiter.engine.descriptor.TestMethodTestDescriptor.invokeTestMethod(TestMethodTestDescriptor.java:214)
	at org.junit.jupiter.engine.descriptor.TestMethodTestDescriptor.execute(TestMethodTestDescriptor.java:139)
	at org.junit.jupiter.engine.descriptor.TestMethodTestDescriptor.execute(TestMethodTestDescriptor.java:69)
	at org.junit.platform.engine.support.hierarchical.NodeTestTask.lambda$executeRecursively$6(NodeTestTask.java:151)
	at org.junit.platform.engine.support.hierarchical.ThrowableCollector.execute(ThrowableCollector.java:73)
	at org.junit.platform.engine.support.hierarchical.NodeTestTask.lambda$executeRecursively$8(NodeTestTask.java:141)
	at org.junit.platform.engine.support.hierarchical.Node.around(Node.java:137)
	at org.junit.platform.engine.support.hierarchical.NodeTestTask.lambda$executeRecursively$9(NodeTestTask.java:139)
	at org.junit.platform.engine.support.hierarchical.ThrowableCollector.execute(ThrowableCollector.java:73)
	at org.junit.platform.engine.support.hierarchical.NodeTestTask.executeRecursively(NodeTestTask.java:138)
	at org.junit.platform.engine.support.hierarchical.NodeTestTask.execute(NodeTestTask.java:95)
	at java.base/java.util.ArrayList.forEach(ArrayList.java:1511)
	at org.junit.platform.engine.support.hierarchical.SameThreadHierarchicalTestExecutorService.invokeAll(SameThreadHierarchicalTestExecutorService.java:41)
	at org.junit.platform.engine.support.hierarchical.NodeTestTask.lambda$executeRecursively$6(NodeTestTask.java:155)
	at org.junit.platform.engine.support.hierarchical.ThrowableCollector.execute(ThrowableCollector.java:73)
	at org.junit.platform.engine.support.hierarchical.NodeTestTask.lambda$executeRecursively$8(NodeTestTask.java:141)
	at org.junit.platform.engine.support.hierarchical.Node.around(Node.java:137)
	at org.junit.platform.engine.support.hierarchical.NodeTestTask.lambda$executeRecursively$9(NodeTestTask.java:139)
	at org.junit.platform.engine.support.hierarchical.ThrowableCollector.execute(ThrowableCollector.java:73)
	at org.junit.platform.engine.support.hierarchical.NodeTestTask.executeRecursively(NodeTestTask.java:138)
	at org.junit.platform.engine.support.hierarchical.NodeTestTask.execute(NodeTestTask.java:95)
	at java.base/java.util.ArrayList.forEach(ArrayList.java:1511)
	at org.junit.platform.engine.support.hierarchical.SameThreadHierarchicalTestExecutorService.invokeAll(SameThreadHierarchicalTestExecutorService.java:41)
	at org.junit.platform.engine.support.hierarchical.NodeTestTask.lambda$executeRecursively$6(NodeTestTask.java:155)
	at org.junit.platform.engine.support.hierarchical.ThrowableCollector.execute(ThrowableCollector.java:73)
	at org.junit.platform.engine.support.hierarchical.NodeTestTask.lambda$executeRecursively$8(NodeTestTask.java:141)
	at org.junit.platform.engine.support.hierarchical.Node.around(Node.java:137)
	at org.junit.platform.engine.support.hierarchical.NodeTestTask.lambda$executeRecursively$9(NodeTestTask.java:139)
	at org.junit.platform.engine.support.hierarchical.ThrowableCollector.execute(ThrowableCollector.java:73)
	at org.junit.platform.engine.support.hierarchical.NodeTestTask.executeRecursively(NodeTestTask.java:138)
	at org.junit.platform.engine.support.hierarchical.NodeTestTask.execute(NodeTestTask.java:95)
	at org.junit.platform.engine.support.hierarchical.SameThreadHierarchicalTestExecutorService.submit(SameThreadHierarchicalTestExecutorService.java:35)
	at org.junit.platform.engine.support.hierarchical.HierarchicalTestExecutor.execute(HierarchicalTestExecutor.java:57)
	at org.junit.platform.engine.support.hierarchical.HierarchicalTestEngine.execute(HierarchicalTestEngine.java:54)
	at org.junit.platform.launcher.core.EngineExecutionOrchestrator.execute(EngineExecutionOrchestrator.java:198)
	at org.junit.platform.launcher.core.EngineExecutionOrchestrator.execute(EngineExecutionOrchestrator.java:169)
	at org.junit.platform.launcher.core.EngineExecutionOrchestrator.execute(EngineExecutionOrchestrator.java:93)
	at org.junit.platform.launcher.core.EngineExecutionOrchestrator.lambda$execute$0(EngineExecutionOrchestrator.java:58)
	at org.junit.platform.launcher.core.EngineExecutionOrchestrator.withInterceptedStreams(EngineExecutionOrchestrator.java:141)
	at org.junit.platform.launcher.core.EngineExecutionOrchestrator.execute(EngineExecutionOrchestrator.java:57)
	at org.junit.platform.launcher.core.DefaultLauncher.execute(DefaultLauncher.java:103)
	at org.junit.platform.launcher.core.DefaultLauncher.execute(DefaultLauncher.java:85)
	at org.junit.platform.launcher.core.DelegatingLauncher.execute(DelegatingLauncher.java:47)
	at org.apache.maven.surefire.junitplatform.LazyLauncher.execute(LazyLauncher.java:56)
	at org.apache.maven.surefire.junitplatform.JUnitPlatformProvider.execute(JUnitPlatformProvider.java:184)
	at org.apache.maven.surefire.junitplatform.JUnitPlatformProvider.invokeAllTests(JUnitPlatformProvider.java:148)
	at org.apache.maven.surefire.junitplatform.JUnitPlatformProvider.invoke(JUnitPlatformProvider.java:122)
	at org.apache.maven.surefire.booter.ForkedBooter.runSuitesInProcess(ForkedBooter.java:385)
	at org.apache.maven.surefire.booter.ForkedBooter.execute(ForkedBooter.java:162)
	at org.apache.maven.surefire.booter.ForkedBooter.run(ForkedBooter.java:507)
	at org.apache.maven.surefire.booter.ForkedBooter.main(ForkedBooter.java:495)
Caused by: java.lang.RuntimeException: Simulated hard failure for demonstration
	at com.example.springbatchtutorial.config.BatchConfig.lambda$0(BatchConfig.java:502)
	at jdk.internal.reflect.GeneratedMethodAccessor37.invoke(Unknown Source)
	at java.base/jdk.internal.reflect.DelegatingMethodAccessorImpl.invoke(DelegatingMethodAccessorImpl.java:43)
	at java.base/java.lang.reflect.Method.invoke(Method.java:568)
	at org.springframework.aop.support.AopUtils.invokeJoinpointUsingReflection(AopUtils.java:352)
	at org.springframework.aop.framework.ReflectiveMethodInvocation.invokeJoinpoint(ReflectiveMethodInvocation.java:196)
	at org.springframework.aop.framework.ReflectiveMethodInvocation.proceed(ReflectiveMethodInvocation.java:163)
	at org.springframework.aop.support.DelegatingIntroductionInterceptor.doProceed(DelegatingIntroductionInterceptor.java:137)
	at org.springframework.aop.support.DelegatingIntroductionInterceptor.invoke(DelegatingIntroductionInterceptor.java:124)
	at org.springframework.aop.framework.ReflectiveMethodInvocation.proceed(ReflectiveMethodInvocation.java:184)
	at org.springframework.aop.framework.JdkDynamicAopProxy.invoke(JdkDynamicAopProxy.java:249)
	at jdk.proxy2/jdk.proxy2.$Proxy155.process(Unknown Source)
	at jdk.internal.reflect.GeneratedMethodAccessor37.invoke(Unknown Source)
	at java.base/jdk.internal.reflect.DelegatingMethodAccessorImpl.invoke(DelegatingMethodAccessorImpl.java:43)
	at java.base/java.lang.reflect.Method.invoke(Method.java:568)
	at org.springframework.aop.support.AopUtils.invokeJoinpointUsingReflection(AopUtils.java:352)
	at org.springframework.aop.framework.JdkDynamicAopProxy.invoke(JdkDynamicAopProxy.java:242)
	at jdk.proxy2/jdk.proxy2.$Proxy148.process(Unknown Source)
	at org.springframework.batch.core.step.item.SimpleChunkProcessor.doProcess(SimpleChunkProcessor.java:146)
	at org.springframework.batch.core.step.item.FaultTolerantChunkProcessor.lambda$transform$0(FaultTolerantChunkProcessor.java:228)
	at org.springframework.retry.support.RetryTemplate.doExecute(RetryTemplate.java:329)
	... 96 common frames omitted
2025-08-13 21:31:53 - ✅ Completed Step 2: Age calculation
2025-08-13 21:31:53 -    - Read count: 10
2025-08-13 21:31:53 -    - Write count: 0
2025-08-13 21:31:53 -    - Skip count: 0
2025-08-13 21:31:53 -    📦 Upsert summary - inserted: 0, updated: 0, written: 0
2025-08-13 21:31:53 - Step: [step2CalculateAge] executed in 7ms
2025-08-13 21:31:53 - 🏁 ========================================
2025-08-13 21:31:53 - ✅ JOB COMPLETED: processPersonJob
2025-08-13 21:31:53 - 📋 Job Instance ID: 4
2025-08-13 21:31:53 - 🆔 Job Execution ID: 4
2025-08-13 21:31:53 - 📊 Final Status: FAILED
2025-08-13 21:31:53 - ⏰ Start Time: 2025-08-13T21:31:53.215701
2025-08-13 21:31:53 - ⏰ End Time: 2025-08-13T21:31:53.260291
2025-08-13 21:31:53 - ⏱️ Total Duration: 44 ms
2025-08-13 21:31:53 - 📈 Exit Code: FAILED
2025-08-13 21:31:53 - 📝 Exit Description: org.springframework.retry.RetryException: Non-skippable exception in recoverer while processing
	at org.springframework.batch.core.step.item.FaultTolerantChunkProcessor.lambda$transform$1(FaultTolerantChunkProcessor.java:284)
	at org.springframework.retry.support.RetryTemplate.handleRetryExhausted(RetryTemplate.java:543)
	at org.springframework.retry.support.RetryTemplate.doExecute(RetryTemplate.java:389)
	at org.springframework.retry.support.RetryTemplate.execute(RetryTemplate.java:255)
	at org.springframework.batch.core.step.item.BatchRetryTemplate.execute(BatchRetryTemplate.java:216)
	at org.springframework.batch.core.step.item.FaultTolerantChunkProcessor.transform(FaultTolerantChunkProcessor.java:291)
	at org.springframework.batch.core.step.item.SimpleChunkProcessor.process(SimpleChunkProcessor.java:220)
	at org.springframework.batch.core.step.item.ChunkOrientedTasklet.execute(ChunkOrientedTasklet.java:75)
	at org.springframework.batch.core.step.tasklet.TaskletStep$ChunkTransactionCallback.doInTransaction(TaskletStep.java:388)
	at org.springframework.batch.core.step.tasklet.TaskletStep$ChunkTransactionCallback.doInTransaction(TaskletStep.java:312)
	at org.springframework.transaction.support.TransactionTemplate.execute(TransactionTemplate.java:140)
	at org.springframework.batch.core.step.tasklet.TaskletStep$2.doInChunkContext(TaskletStep.java:255)
	at org.springframework.batch.core.scope.context.StepContextRepeatCallback.doInIteration(StepContextRepeatCallback.java:82)
	at org.springframework.batch.repeat.support.RepeatTemplate.getNextResult(RepeatTemplate.java:369)
	at org.springframework.batch.repeat.support.RepeatTemplate.executeInternal(RepeatTemplate.java:206)
	at org.springframework.batch.repeat.support.RepeatTemplate.iterate(RepeatTemplate.java:140)
	at org.springframework.batch.core.step.tasklet.TaskletStep.doExecute(TaskletStep.java:240)
	at org.springframework.batch.core.step.AbstractStep.execute(AbstractStep.java:229)
	at org.springframework.batch.core.job.SimpleStepHandler.handleStep(SimpleStepHandler.java:153)
	at org.springframework.batch.core.job.AbstractJob.handleStep(AbstractJob.java:418)
	at org.springframework.batch.core.job.SimpleJob.doExecute(SimpleJob.java:132)
	at org.springframework.batch.core.job.AbstractJob.execute(AbstractJob.java:317)
	at org.springframework.batch.core.launch.support.SimpleJobLauncher$1.run(SimpleJobLauncher.java:157)
	at org.springframework.core.task.SyncTaskExecutor.execute(SyncTaskExecutor.java:50)
	at org.springframework.batch.core.launch.support.SimpleJobLauncher.run(SimpleJobLauncher.java:148)
	at org.springframework.batch.core.launch.support.TaskExecutorJobLauncher.run(TaskExecutorJobLauncher.java:59)
	at org.springframework.batch.test.JobLauncherTestUtils.launchJob(JobLauncherTestUtils.java:146)
	at com.example.springbatchtutorial.ScenarioIntegrationTests.failScenario_failsImmediately(ScenarioIntegrationTests.java:70)
	at java.base/jdk.internal.reflect.NativeMethodAccessorImpl.invoke0(Native Method)
	at java.base/jdk.internal.reflect.NativeMethodAccessorImpl.invoke(NativeMethodAccessorImpl.java:77)
	at java.base/jdk.internal.reflect.DelegatingMethodAccessorImpl.invoke(DelegatingMethodAccessorImpl.java:43)
	at java.base/java.lang.reflect.Method.invoke(Method.java:568)
	at org.junit.platform.commons.util.ReflectionUtils.invokeMethod(ReflectionUtils.java:728)
	at org.junit.jupiter.engine.execution.MethodInvocation.proceed(MethodInvocation.java:60)
	at org.junit.jupiter.engine.execution.InvocationInterceptorChain$ValidatingInvocation.proceed(InvocationInterceptorChain.java:131)
	at org.junit.jupiter.engine.extension.TimeoutExtension.intercept(TimeoutExtension.java:156)
	at org.junit.jupiter.engine.extension.TimeoutExtension.interceptTestableMethod(TimeoutExtension.java:147)
	at org.junit.jupiter.engine.extension.TimeoutExtension.interceptTestMethod(TimeoutExtension.java:86)
	at org.junit.jupiter.engine.execution.InterceptingExecutableInvoker$ReflectiveInterceptorCall.lambda$ofVoidMethod$0(InterceptingExecutableInvoker.java:103)
	at org.junit.jupiter.engine.execution.InterceptingExecutableInvoker.lambda$invoke$0(InterceptingExecutableInvoker.java:93)
	at org.junit.jupiter.engine.execution.InvocationInterceptorChain$InterceptedInvocation.proceed(InvocationInterceptorChain.java:106)
	at org.junit.jupiter.engine.execution.InvocationInterceptorChain.proceed(InvocationInterceptorChain.java:64)
	at org.junit.jupiter.engine.execution.InvocationInterceptorChain.chainAndInvoke(InvocationInterceptorChain.java:45)
	at org.junit.jupiter.engine.execution.InvocationInterceptorChain.invoke(InvocationInterceptorChain.java:37)
	at org.junit.jupiter.engine.execution.InterceptingExecutableInvoker.invoke(InterceptingExecutableInvoker.java:92)
	at org.junit.jupiter.engine.execution.InterceptingExecutableInvoker.invoke(InterceptingExecutableInvoker.java:86)
	at org.junit.jupiter.engine.descriptor.TestMethodTestDescriptor.lambda$invokeTestMethod$7(TestMethodTestDescriptor.java:218)
	at org.junit.platform.engine.support.hierarchical.ThrowableCollector.execute(ThrowableCollector.java:73)
	at org.junit.jupiter.engine.descriptor.TestMethodTestDescriptor.invokeTestMethod(TestMethodTestDescriptor.java:214)
	at org.junit.jupiter.engine.descriptor.TestMethodTestDescriptor.execute(TestMethodTestDescriptor.java:139)
	at org.junit.jupiter.engine.descriptor.TestMethodTestDescriptor.execute(TestMethodTestDescriptor.java:69)
	at org.junit.platform.engine.support.hierarchical.NodeTestTask.lambda$executeRecursively$6(NodeTestTask.java:151)
	at org.junit.platform.engine.support.hierarchical.ThrowableCollector.execute(ThrowableCollector.java:73)
	at org.junit.platform.engine.support.hierarchical.NodeTestTask.lambda$executeRecursively$8(NodeTestTask.java:141)
	at org.junit.platform.engine.support.hierarchical.Node.around(Node.java:137)
	at org.junit.platform.engine.support.hierarchical.NodeTestTask.lambda$executeRecursively$9(NodeTestTask.java:139)
	at org.junit.platform.engine.support.hierarchical.ThrowableCollector.execute(ThrowableCollector.java:73)
	at org.junit.platform.engine.support.hierarchical.NodeTestTask.executeRecursively(NodeTestTask.java:138)
	at org.junit.platform.engine.support.hierarchical.NodeTestTask.execute(NodeTestTask.java:95)
	at java.base/java.util.ArrayList.forEach(ArrayList.java:1511)
	at org.junit.platform.engine.support.hierarchical.SameThreadHierarchicalTestExecutorService.invokeAll(SameThreadHierarchicalTestExecutorService.java:41)
	at org.junit.platform.engine.support.hierarchical.NodeTestTask.lambda$executeRecursively$6(NodeTestTask.java:155)
	at org.junit.platform.engine.support.hierarchical.ThrowableCollector.execute(ThrowableCollector.java:73)
	at org.junit.platform.engine.support.hierarchical.NodeTestTask.lambda$executeRecursively$8(NodeTestTask.java:141)
	at org.junit.platform.engine.support.hierarchical.Node.around(Node.java:137)
	at org.junit.platform.engine.support.hierarchical.NodeTestTask.lambda$executeRecursively$9(NodeTestTask.java:139)
	at org.junit.platform.engine.support.hierarchical.ThrowableCollector.execute(ThrowableCollector.java:73)
	at org.junit.platform.engine.support.hierarchical.NodeTestTask.executeRecursively(NodeTestTask.java:138)
	at org.junit.platform.engine.support.hierarchical.NodeTestTask.execute(NodeTestTask.java:95)
	at java.base/java.util.ArrayList.forEach(ArrayList.java:1511)
	at org.junit.platform.engine.support.hierarchical.SameThreadHierarchicalTestExecutorService.invokeAll(SameThreadHierarchicalTestExecutorService.java:41)
	at org.junit.platform.engine.support.hierarchical.NodeTestTask.lambda$executeRecursively$6(NodeTestTask.java:155)
	at org.junit.platform.engine.support.hierarchical.ThrowableCollector.execute(ThrowableCollector.java:73)
	at org.junit.platform.engine.support.hierarchical.NodeTestTask.lambda$executeRecursively$8(NodeTestTask.java:141)
	at org.junit.platform.engine.support.hierarchical.Node.around(Node.java:137)
	at org.junit.platform.engine.support.hierarchical.NodeTestTask.lambda$executeRecursively$9(NodeTestTask.java:139)
	at org.junit.platform.engine.support.hierarchical.ThrowableCollector.execute(ThrowableCollector.java:73)
	at org.junit.platform.engine.support.hierarchical.NodeTestTask.executeRecursively(NodeTestTask.java:138)
	at org.junit.platform.engine.support.hierarchical.NodeTestTask.execute(NodeTestTask.java:95)
	at org.junit.platform.engine.support.hierarchical.SameThreadHierarchicalTestExecutorService.submit(SameThreadHierarchicalTestExecutorService.java:35)
	at org.junit.platform.engine.support.hierarchical.HierarchicalTestExecutor.execute(HierarchicalTestExecutor.java:57)
	at org.junit.platform.engine.support.hierarchical.HierarchicalTestEngine.execute(HierarchicalTestEngine.java:54)
	at org.junit.platform.launcher.core.EngineExecutionOrchestrator.execute(EngineExecutionOrchestrator.java:198)
	at org.junit.platform.launcher.core.EngineExecutionOrchestrator.execute(EngineExecutionOrchestrator.java:169)
	at org.junit.platform.launcher.core.EngineExecutionOrchestrator.execute(EngineExecutionOrchestrator.java:93)
	at org.junit.platform.launcher.core.EngineExecutionOrchestrator.lambda$execute$0(EngineExecutionOrchestrator.java:58)
	at org.junit.platform.launcher.core.EngineExecutionOrchestrator.withInterceptedStreams(EngineExecutionOrchestrator.java:141)
	at org.junit.platform.launcher.core.EngineExecutionOrchestrator.execute(EngineExecutionOrchestrator.java:57)
	at org.junit.platform.launcher.core.DefaultLauncher.execute(DefaultLauncher.java:103)
	at org.junit.platform.launcher.core.DefaultLauncher.execute(DefaultLauncher.java:85)
	at org.junit.platform.launcher.core.DelegatingLauncher.execute(DelegatingLauncher.java:47)
	at org.apache.maven.surefire.junitplatform.LazyLauncher.execute(LazyLauncher.java:56)
	at org.apache.maven.surefire.junitplatform.JUnitPlatformProvider.execute(JUnitPlatformProvider.java:184)
	at org.apache.maven.surefire.junitplatform.JUnitPlatformProvider.invokeAllTests(JUnitPlatformProvider.java:148)
	at org.apache.maven.surefire.junitplatform.JUnitPlatformProvider.invoke(JUnitPlatformProvider.java:122)
	at org.apache.maven.surefire.booter.ForkedBooter.runSuitesInProcess(ForkedBooter.java:385)
	at org.apache.maven.surefire.booter.ForkedBooter.execute(ForkedBooter.java:162)
	at org.apache.maven.surefire.booter.ForkedBooter.run(ForkedBooter.java:507)
	at org.apache.maven.surefire.booter.ForkedBooter.main(ForkedBooter.java:495)
Caused by: java.lang.RuntimeException: Simulated hard failure for demonstration
	at com.example.springbatchtutorial.config.BatchConfig.lambda$0(BatchConfig.java:502)
	at jdk.internal.reflect.GeneratedMethodAccessor37.invoke(Unknown Source)
	at java.base/jdk.internal.reflect.DelegatingMethodAccessorImpl.invoke(DelegatingMethodAccessorImpl.java:43)
	at java.base/java.lang.reflect.Method.invoke(Method.java:568)
	at org.springframework.aop.support.AopUtils.invokeJoinpointUsingReflection(AopUtils.java:352)
	at org.springframework.aop.framework.ReflectiveMethodInvocation.invokeJoinpoint(ReflectiveMethodInvocation.java:196)
	at org.springframework.aop.framework.ReflectiveMethodInvocation.proceed(ReflectiveMethodInvocation.java:163)
	at org.springframework.aop.support.DelegatingIntroductionInterceptor.doProceed(DelegatingIntroductionInterceptor.java:137)
	at org.springframework.aop.support.DelegatingIntroductionInterceptor.invoke(DelegatingIntroductionInterceptor.java:124)
	at org.springframework.aop.framework.ReflectiveMethodInvocation.proceed(ReflectiveMethodInvocation.java:184)
	at org.springframework.aop.framework.JdkDynamicAopProxy.invoke(JdkDynamicAopProxy.java:249)
	at jdk.proxy2/jdk.proxy2.$Proxy155.process(Unknown Source)
	at jdk.internal.reflect.GeneratedMethodAccessor37.invoke(Unknown Source)
	at java.base/jdk.internal.reflect.DelegatingMethodAccessorImpl.invoke(DelegatingMethodAccessorImpl.java:43)
	at java.base/java.lang.reflect.Method.invoke(Method.java:568)
	at org.springframework.aop.support.AopUtils.invokeJoinpointUsingReflection(AopUtils.java:352)
	at org.springframework.aop.framework.JdkDynamicAopProxy.invoke(JdkDynamicAopProxy.java:242)
	at jdk.proxy2/jdk.proxy2.$Proxy148.process(Unknown Source)
	at org.springframework.batch.core.step.item.SimpleChunkProcessor.doProcess(SimpleChunkProcessor.java:146)
	at org.springframework.batch.core.step.item.FaultTolerantChunkProcessor.lambda$transform$0(FaultTolerantChunkProcessor.java:228)
	at org.springframework.retry.support.RetryTemplate.doExecute(RetryTemplate.java:329)
	... 96 more

2025-08-13 21:31:53 - 📋 Step Execution Summary:
2025-08-13 21:31:53 -    📝 Step: step1SaveToDatabase - Status: COMPLETED - Read: 25 - Write: 25 - Skip: 0
2025-08-13 21:31:53 -    ⏱️ Step Duration: 31 ms
2025-08-13 21:31:53 -    📝 Step: step2CalculateAge - Status: FAILED - Read: 10 - Write: 0 - Skip: 0
2025-08-13 21:31:53 -    ⏱️ Step Duration: 7 ms
2025-08-13 21:31:53 - ❌ JOB FAILED!
2025-08-13 21:31:53 - 🔍 Failure Exceptions:
2025-08-13 21:31:53 -    ❌ Exception: Non-skippable exception in recoverer while processing
org.springframework.retry.RetryException: Non-skippable exception in recoverer while processing
	at org.springframework.batch.core.step.item.FaultTolerantChunkProcessor.lambda$transform$1(FaultTolerantChunkProcessor.java:284)
	at org.springframework.retry.support.RetryTemplate.handleRetryExhausted(RetryTemplate.java:543)
	at org.springframework.retry.support.RetryTemplate.doExecute(RetryTemplate.java:389)
	at org.springframework.retry.support.RetryTemplate.execute(RetryTemplate.java:255)
	at org.springframework.batch.core.step.item.BatchRetryTemplate.execute(BatchRetryTemplate.java:216)
	at org.springframework.batch.core.step.item.FaultTolerantChunkProcessor.transform(FaultTolerantChunkProcessor.java:291)
	at org.springframework.batch.core.step.item.SimpleChunkProcessor.process(SimpleChunkProcessor.java:220)
	at org.springframework.batch.core.step.item.ChunkOrientedTasklet.execute(ChunkOrientedTasklet.java:75)
	at org.springframework.batch.core.step.tasklet.TaskletStep$ChunkTransactionCallback.doInTransaction(TaskletStep.java:388)
	at org.springframework.batch.core.step.tasklet.TaskletStep$ChunkTransactionCallback.doInTransaction(TaskletStep.java:312)
	at org.springframework.transaction.support.TransactionTemplate.execute(TransactionTemplate.java:140)
	at org.springframework.batch.core.step.tasklet.TaskletStep$2.doInChunkContext(TaskletStep.java:255)
	at org.springframework.batch.core.scope.context.StepContextRepeatCallback.doInIteration(StepContextRepeatCallback.java:82)
	at org.springframework.batch.repeat.support.RepeatTemplate.getNextResult(RepeatTemplate.java:369)
	at org.springframework.batch.repeat.support.RepeatTemplate.executeInternal(RepeatTemplate.java:206)
	at org.springframework.batch.repeat.support.RepeatTemplate.iterate(RepeatTemplate.java:140)
	at org.springframework.batch.core.step.tasklet.TaskletStep.doExecute(TaskletStep.java:240)
	at org.springframework.batch.core.step.AbstractStep.execute(AbstractStep.java:229)
	at org.springframework.batch.core.job.SimpleStepHandler.handleStep(SimpleStepHandler.java:153)
	at org.springframework.batch.core.job.AbstractJob.handleStep(AbstractJob.java:418)
	at org.springframework.batch.core.job.SimpleJob.doExecute(SimpleJob.java:132)
	at org.springframework.batch.core.job.AbstractJob.execute(AbstractJob.java:317)
	at org.springframework.batch.core.launch.support.SimpleJobLauncher$1.run(SimpleJobLauncher.java:157)
	at org.springframework.core.task.SyncTaskExecutor.execute(SyncTaskExecutor.java:50)
	at org.springframework.batch.core.launch.support.SimpleJobLauncher.run(SimpleJobLauncher.java:148)
	at org.springframework.batch.core.launch.support.TaskExecutorJobLauncher.run(TaskExecutorJobLauncher.java:59)
	at org.springframework.batch.test.JobLauncherTestUtils.launchJob(JobLauncherTestUtils.java:146)
	at com.example.springbatchtutorial.ScenarioIntegrationTests.failScenario_failsImmediately(ScenarioIntegrationTests.java:70)
	at java.base/jdk.internal.reflect.NativeMethodAccessorImpl.invoke0(Native Method)
	at java.base/jdk.internal.reflect.NativeMethodAccessorImpl.invoke(NativeMethodAccessorImpl.java:77)
	at java.base/jdk.internal.reflect.DelegatingMethodAccessorImpl.invoke(DelegatingMethodAccessorImpl.java:43)
	at java.base/java.lang.reflect.Method.invoke(Method.java:568)
	at org.junit.platform.commons.util.ReflectionUtils.invokeMethod(ReflectionUtils.java:728)
	at org.junit.jupiter.engine.execution.MethodInvocation.proceed(MethodInvocation.java:60)
	at org.junit.jupiter.engine.execution.InvocationInterceptorChain$ValidatingInvocation.proceed(InvocationInterceptorChain.java:131)
	at org.junit.jupiter.engine.extension.TimeoutExtension.intercept(TimeoutExtension.java:156)
	at org.junit.jupiter.engine.extension.TimeoutExtension.interceptTestableMethod(TimeoutExtension.java:147)
	at org.junit.jupiter.engine.extension.TimeoutExtension.interceptTestMethod(TimeoutExtension.java:86)
	at org.junit.jupiter.engine.execution.InterceptingExecutableInvoker$ReflectiveInterceptorCall.lambda$ofVoidMethod$0(InterceptingExecutableInvoker.java:103)
	at org.junit.jupiter.engine.execution.InterceptingExecutableInvoker.lambda$invoke$0(InterceptingExecutableInvoker.java:93)
	at org.junit.jupiter.engine.execution.InvocationInterceptorChain$InterceptedInvocation.proceed(InvocationInterceptorChain.java:106)
	at org.junit.jupiter.engine.execution.InvocationInterceptorChain.proceed(InvocationInterceptorChain.java:64)
	at org.junit.jupiter.engine.execution.InvocationInterceptorChain.chainAndInvoke(InvocationInterceptorChain.java:45)
	at org.junit.jupiter.engine.execution.InvocationInterceptorChain.invoke(InvocationInterceptorChain.java:37)
	at org.junit.jupiter.engine.execution.InterceptingExecutableInvoker.invoke(InterceptingExecutableInvoker.java:92)
	at org.junit.jupiter.engine.execution.InterceptingExecutableInvoker.invoke(InterceptingExecutableInvoker.java:86)
	at org.junit.jupiter.engine.descriptor.TestMethodTestDescriptor.lambda$invokeTestMethod$7(TestMethodTestDescriptor.java:218)
	at org.junit.platform.engine.support.hierarchical.ThrowableCollector.execute(ThrowableCollector.java:73)
	at org.junit.jupiter.engine.descriptor.TestMethodTestDescriptor.invokeTestMethod(TestMethodTestDescriptor.java:214)
	at org.junit.jupiter.engine.descriptor.TestMethodTestDescriptor.execute(TestMethodTestDescriptor.java:139)
	at org.junit.jupiter.engine.descriptor.TestMethodTestDescriptor.execute(TestMethodTestDescriptor.java:69)
	at org.junit.platform.engine.support.hierarchical.NodeTestTask.lambda$executeRecursively$6(NodeTestTask.java:151)
	at org.junit.platform.engine.support.hierarchical.ThrowableCollector.execute(ThrowableCollector.java:73)
	at org.junit.platform.engine.support.hierarchical.NodeTestTask.lambda$executeRecursively$8(NodeTestTask.java:141)
	at org.junit.platform.engine.support.hierarchical.Node.around(Node.java:137)
	at org.junit.platform.engine.support.hierarchical.NodeTestTask.lambda$executeRecursively$9(NodeTestTask.java:139)
	at org.junit.platform.engine.support.hierarchical.ThrowableCollector.execute(ThrowableCollector.java:73)
	at org.junit.platform.engine.support.hierarchical.NodeTestTask.executeRecursively(NodeTestTask.java:138)
	at org.junit.platform.engine.support.hierarchical.NodeTestTask.execute(NodeTestTask.java:95)
	at java.base/java.util.ArrayList.forEach(ArrayList.java:1511)
	at org.junit.platform.engine.support.hierarchical.SameThreadHierarchicalTestExecutorService.invokeAll(SameThreadHierarchicalTestExecutorService.java:41)
	at org.junit.platform.engine.support.hierarchical.NodeTestTask.lambda$executeRecursively$6(NodeTestTask.java:155)
	at org.junit.platform.engine.support.hierarchical.ThrowableCollector.execute(ThrowableCollector.java:73)
	at org.junit.platform.engine.support.hierarchical.NodeTestTask.lambda$executeRecursively$8(NodeTestTask.java:141)
	at org.junit.platform.engine.support.hierarchical.Node.around(Node.java:137)
	at org.junit.platform.engine.support.hierarchical.NodeTestTask.lambda$executeRecursively$9(NodeTestTask.java:139)
	at org.junit.platform.engine.support.hierarchical.ThrowableCollector.execute(ThrowableCollector.java:73)
	at org.junit.platform.engine.support.hierarchical.NodeTestTask.executeRecursively(NodeTestTask.java:138)
	at org.junit.platform.engine.support.hierarchical.NodeTestTask.execute(NodeTestTask.java:95)
	at java.base/java.util.ArrayList.forEach(ArrayList.java:1511)
	at org.junit.platform.engine.support.hierarchical.SameThreadHierarchicalTestExecutorService.invokeAll(SameThreadHierarchicalTestExecutorService.java:41)
	at org.junit.platform.engine.support.hierarchical.NodeTestTask.lambda$executeRecursively$6(NodeTestTask.java:155)
	at org.junit.platform.engine.support.hierarchical.ThrowableCollector.execute(ThrowableCollector.java:73)
	at org.junit.platform.engine.support.hierarchical.NodeTestTask.lambda$executeRecursively$8(NodeTestTask.java:141)
	at org.junit.platform.engine.support.hierarchical.Node.around(Node.java:137)
	at org.junit.platform.engine.support.hierarchical.NodeTestTask.lambda$executeRecursively$9(NodeTestTask.java:139)
	at org.junit.platform.engine.support.hierarchical.ThrowableCollector.execute(ThrowableCollector.java:73)
	at org.junit.platform.engine.support.hierarchical.NodeTestTask.executeRecursively(NodeTestTask.java:138)
	at org.junit.platform.engine.support.hierarchical.NodeTestTask.execute(NodeTestTask.java:95)
	at org.junit.platform.engine.support.hierarchical.SameThreadHierarchicalTestExecutorService.submit(SameThreadHierarchicalTestExecutorService.java:35)
	at org.junit.platform.engine.support.hierarchical.HierarchicalTestExecutor.execute(HierarchicalTestExecutor.java:57)
	at org.junit.platform.engine.support.hierarchical.HierarchicalTestEngine.execute(HierarchicalTestEngine.java:54)
	at org.junit.platform.launcher.core.EngineExecutionOrchestrator.execute(EngineExecutionOrchestrator.java:198)
	at org.junit.platform.launcher.core.EngineExecutionOrchestrator.execute(EngineExecutionOrchestrator.java:169)
	at org.junit.platform.launcher.core.EngineExecutionOrchestrator.execute(EngineExecutionOrchestrator.java:93)
	at org.junit.platform.launcher.core.EngineExecutionOrchestrator.lambda$execute$0(EngineExecutionOrchestrator.java:58)
	at org.junit.platform.launcher.core.EngineExecutionOrchestrator.withInterceptedStreams(EngineExecutionOrchestrator.java:141)
	at org.junit.platform.launcher.core.EngineExecutionOrchestrator.execute(EngineExecutionOrchestrator.java:57)
	at org.junit.platform.launcher.core.DefaultLauncher.execute(DefaultLauncher.java:103)
	at org.junit.platform.launcher.core.DefaultLauncher.execute(DefaultLauncher.java:85)
	at org.junit.platform.launcher.core.DelegatingLauncher.execute(DelegatingLauncher.java:47)
	at org.apache.maven.surefire.junitplatform.LazyLauncher.execute(LazyLauncher.java:56)
	at org.apache.maven.surefire.junitplatform.JUnitPlatformProvider.execute(JUnitPlatformProvider.java:184)
	at org.apache.maven.surefire.junitplatform.JUnitPlatformProvider.invokeAllTests(JUnitPlatformProvider.java:148)
	at org.apache.maven.surefire.junitplatform.JUnitPlatformProvider.invoke(JUnitPlatformProvider.java:122)
	at org.apache.maven.surefire.booter.ForkedBooter.runSuitesInProcess(ForkedBooter.java:385)
	at org.apache.maven.surefire.booter.ForkedBooter.execute(ForkedBooter.java:162)
	at org.apache.maven.surefire.booter.ForkedBooter.run(ForkedBooter.java:507)
	at org.apache.maven.surefire.booter.ForkedBooter.main(ForkedBooter.java:495)
Caused by: java.lang.RuntimeException: Simulated hard failure for demonstration
	at com.example.springbatchtutorial.config.BatchConfig.lambda$0(BatchConfig.java:502)
	at jdk.internal.reflect.GeneratedMethodAccessor37.invoke(Unknown Source)
	at java.base/jdk.internal.reflect.DelegatingMethodAccessorImpl.invoke(DelegatingMethodAccessorImpl.java:43)
	at java.base/java.lang.reflect.Method.invoke(Method.java:568)
	at org.springframework.aop.support.AopUtils.invokeJoinpointUsingReflection(AopUtils.java:352)
	at org.springframework.aop.framework.ReflectiveMethodInvocation.invokeJoinpoint(ReflectiveMethodInvocation.java:196)
	at org.springframework.aop.framework.ReflectiveMethodInvocation.proceed(ReflectiveMethodInvocation.java:163)
	at org.springframework.aop.support.DelegatingIntroductionInterceptor.doProceed(DelegatingIntroductionInterceptor.java:137)
	at org.springframework.aop.support.DelegatingIntroductionInterceptor.invoke(DelegatingIntroductionInterceptor.java:124)
	at org.springframework.aop.framework.ReflectiveMethodInvocation.proceed(ReflectiveMethodInvocation.java:184)
	at org.springframework.aop.framework.JdkDynamicAopProxy.invoke(JdkDynamicAopProxy.java:249)
	at jdk.proxy2/jdk.proxy2.$Proxy155.process(Unknown Source)
	at jdk.internal.reflect.GeneratedMethodAccessor37.invoke(Unknown Source)
	at java.base/jdk.internal.reflect.DelegatingMethodAccessorImpl.invoke(DelegatingMethodAccessorImpl.java:43)
	at java.base/java.lang.reflect.Method.invoke(Method.java:568)
	at org.springframework.aop.support.AopUtils.invokeJoinpointUsingReflection(AopUtils.java:352)
	at org.springframework.aop.framework.JdkDynamicAopProxy.invoke(JdkDynamicAopProxy.java:242)
	at jdk.proxy2/jdk.proxy2.$Proxy148.process(Unknown Source)
	at org.springframework.batch.core.step.item.SimpleChunkProcessor.doProcess(SimpleChunkProcessor.java:146)
	at org.springframework.batch.core.step.item.FaultTolerantChunkProcessor.lambda$transform$0(FaultTolerantChunkProcessor.java:228)
	at org.springframework.retry.support.RetryTemplate.doExecute(RetryTemplate.java:329)
	... 96 common frames omitted
2025-08-13 21:31:53 - ========================================


2025-08-13 21:31:53 - Job: [SimpleJob: [name=processPersonJob]] completed with the following parameters: [{'csvPath':'{value=input/persons.csv, type=class java.lang.String, identifying=true}','scenario':'{value=FAIL, type=class java.lang.String, identifying=true}'}] and the following status: [FAILED] in 44ms
]]></system-out>
  </testcase>
</testsuite>